Using pre-set license
Built from '2023.1/staging' branch; Version is '2023.1.19f1 (629111e352bc) revision 6459665'; Using compiler version '192829333'; Build Type 'Release'
OS: 'Windows 11  (10.0.22621) 64bit Professional' Language: 'pl' Physical Memory: 64943 MB
BatchMode: 1, IsHumanControllingUs: 0, StartBugReporterOnCrash: 0, Is64bit: 1, IsPro: 1

COMMAND LINE ARGUMENTS:
E:\Program Files\Unity\2023.1.19f1\Editor\Unity.exe
-adb2
-batchMode
-noUpm
-name
AssetImportWorker2
-projectPath
D:/IMPERIUM/PROJEKTY/GRY/Unity_cleared/TheRealOneStationSwansea/Assignment_4_LightAndSound_SwanseaRailStation
-logFile
Logs/AssetImportWorker2.log
-srvPort
53994
Successfully changed project path to: D:/IMPERIUM/PROJEKTY/GRY/Unity_cleared/TheRealOneStationSwansea/Assignment_4_LightAndSound_SwanseaRailStation
D:/IMPERIUM/PROJEKTY/GRY/Unity_cleared/TheRealOneStationSwansea/Assignment_4_LightAndSound_SwanseaRailStation
[UnityMemory] Configuration Parameters - Can be set up in boot.config
    "memorysetup-bucket-allocator-granularity=16"
    "memorysetup-bucket-allocator-bucket-count=8"
    "memorysetup-bucket-allocator-block-size=33554432"
    "memorysetup-bucket-allocator-block-count=8"
    "memorysetup-main-allocator-block-size=16777216"
    "memorysetup-thread-allocator-block-size=16777216"
    "memorysetup-gfx-main-allocator-block-size=16777216"
    "memorysetup-gfx-thread-allocator-block-size=16777216"
    "memorysetup-cache-allocator-block-size=4194304"
    "memorysetup-typetree-allocator-block-size=2097152"
    "memorysetup-profiler-bucket-allocator-granularity=16"
    "memorysetup-profiler-bucket-allocator-bucket-count=8"
    "memorysetup-profiler-bucket-allocator-block-size=33554432"
    "memorysetup-profiler-bucket-allocator-block-count=8"
    "memorysetup-profiler-allocator-block-size=16777216"
    "memorysetup-profiler-editor-allocator-block-size=1048576"
    "memorysetup-temp-allocator-size-main=16777216"
    "memorysetup-job-temp-allocator-block-size=2097152"
    "memorysetup-job-temp-allocator-block-size-background=1048576"
    "memorysetup-job-temp-allocator-reduction-small-platforms=262144"
    "memorysetup-allocator-temp-initial-block-size-main=262144"
    "memorysetup-allocator-temp-initial-block-size-worker=262144"
    "memorysetup-temp-allocator-size-background-worker=32768"
    "memorysetup-temp-allocator-size-job-worker=262144"
    "memorysetup-temp-allocator-size-preload-manager=33554432"
    "memorysetup-temp-allocator-size-nav-mesh-worker=65536"
    "memorysetup-temp-allocator-size-audio-worker=65536"
    "memorysetup-temp-allocator-size-cloud-worker=32768"
    "memorysetup-temp-allocator-size-gi-baking-worker=262144"
    "memorysetup-temp-allocator-size-gfx=262144"
Player connection [24968] Host "[IP] 192.168.4.31 [Port] 0 [Flags] 2 [Guid] 4107577420 [EditorId] 4107577420 [Version] 1048832 [Id] WindowsEditor(7,HPS) [Debug] 1 [PackageName] WindowsEditor [ProjectName] Editor" joined multi-casting on [225.0.0.222:54997]...

Player connection [24968] Host "[IP] 192.168.4.31 [Port] 0 [Flags] 2 [Guid] 4107577420 [EditorId] 4107577420 [Version] 1048832 [Id] WindowsEditor(7,HPS) [Debug] 1 [PackageName] WindowsEditor [ProjectName] Editor" joined alternative multi-casting on [225.0.0.222:34997]...

[Physics::Module] Initialized MultithreadedJobDispatcher with 15 workers.
Library Redirect Path: Library/Refreshing native plugins compatible for Editor in 8.00 ms, found 4 plugins.
Preloading 2 native plugins for Editor in 0.96 ms.
Initialize engine version: 2023.1.19f1 (629111e352bc)
[Subsystems] Discovering subsystems at path E:/Program Files/Unity/2023.1.19f1/Editor/Data/Resources/UnitySubsystems
[Subsystems] Discovering subsystems at path D:/IMPERIUM/PROJEKTY/GRY/Unity_cleared/TheRealOneStationSwansea/Assignment_4_LightAndSound_SwanseaRailStation/Assets
GfxDevice: creating device client; threaded=0; jobified=0
Direct3D:
    Version:  Direct3D 11.0 [level 11.1]
    Renderer: NVIDIA GeForce RTX 3080 Laptop GPU (ID=0x249c)
    Vendor:   NVIDIA
    VRAM:     16191 MB
    Driver:   31.0.15.3758
Initialize mono
Mono path[0] = 'E:/Program Files/Unity/2023.1.19f1/Editor/Data/Managed'
Mono path[1] = 'E:/Program Files/Unity/2023.1.19f1/Editor/Data/MonoBleedingEdge/lib/mono/unityjit-win32'
Mono config path = 'E:/Program Files/Unity/2023.1.19f1/Editor/Data/MonoBleedingEdge/etc'
Using monoOptions --debugger-agent=transport=dt_socket,embedding=1,server=y,suspend=n,address=127.0.0.1:56964
Begin MonoManager ReloadAssembly
C:\build\output\Unity-Technologies\mono\mono\metadata\icall.c:1842:
C:\build\output\Unity-Technologies\mono\mono\metadata\icall.c:1842:
C:\build\output\Unity-Technologies\mono\mono\metadata\icall.c:1842:
C:\build\output\Unity-Technologies\mono\mono\metadata\icall.c:1842:
C:\build\output\Unity-Technologies\mono\mono\metadata\icall.c:1842:
C:\build\output\Unity-Technologies\mono\mono\metadata\icall.c:1842:
C:\build\output\Unity-Technologies\mono\mono\metadata\icall.c:1842:
C:\build\output\Unity-Technologies\mono\mono\metadata\icall.c:1842:
C:\build\output\Unity-Technologies\mono\mono\metadata\icall.c:1842:
C:\build\output\Unity-Technologies\mono\mono\metadata\icall.c:1842:
Registering precompiled unity dll's ...
Register platform support module: E:/Program Files/Unity/2023.1.19f1/Editor/Data/PlaybackEngines/WindowsStandaloneSupport/UnityEditor.WindowsStandalone.Extensions.dll
Register platform support module: E:/Program Files/Unity/2023.1.19f1/Editor/Data/PlaybackEngines/AndroidPlayer/UnityEditor.Android.Extensions.dll
Registered in 0.004216 seconds.
- Loaded All Assemblies, in  0.584 seconds
Native extension for Android target not found
Android Extension - Scanning For ADB Devices 628 ms
Native extension for WindowsStandalone target not found
Mono: successfully reloaded assembly
C:\build\output\Unity-Technologies\mono\mono\metadata\icall.c:1842:
C:\build\output\Unity-Technologies\mono\mono\metadata\icall.c:1842:
- Finished resetting the current domain, in  1.199 seconds
Domain Reload Profiling: 1783ms
	BeginReloadAssembly (199ms)
		ExecutionOrderSort (0ms)
		DisableScriptedObjects (0ms)
		BackupInstance (0ms)
		ReleaseScriptingObjects (0ms)
		CreateAndSetChildDomain (1ms)
	RebuildCommonClasses (49ms)
	RebuildNativeTypeToScriptingClass (16ms)
	initialDomainReloadingComplete (66ms)
	LoadAllAssembliesAndSetupDomain (253ms)
		LoadAssemblies (200ms)
		RebuildTransferFunctionScriptingTraits (0ms)
		AnalyzeDomain (246ms)
			TypeCache.Refresh (244ms)
				TypeCache.ScanAssembly (225ms)
			ScanForSourceGeneratedMonoScriptInfo (1ms)
			ResolveRequiredComponents (1ms)
	FinalizeReload (1200ms)
		ReleaseScriptCaches (0ms)
		RebuildScriptCaches (0ms)
		SetupLoadedEditorAssemblies (1128ms)
			LogAssemblyErrors (0ms)
			InitializePlatformSupportModulesInManaged (805ms)
			SetLoadedEditorAssemblies (5ms)
			BeforeProcessingInitializeOnLoad (15ms)
			ProcessInitializeOnLoadAttributes (220ms)
			ProcessInitializeOnLoadMethodAttributes (83ms)
			AfterProcessingInitializeOnLoad (0ms)
			EditorAssembliesLoaded (0ms)
		ExecutionOrderSort2 (0ms)
		AwakeInstancesAfterBackupRestoration (0ms)
========================================================================
Worker process is ready to serve import requests
Import Worker Mode flag is 0x00
Begin MonoManager ReloadAssembly
C:\build\output\Unity-Technologies\mono\mono\metadata\icall.c:1842:
C:\build\output\Unity-Technologies\mono\mono\metadata\icall.c:1842:
C:\build\output\Unity-Technologies\mono\mono\metadata\icall.c:1842:
C:\build\output\Unity-Technologies\mono\mono\metadata\icall.c:1842:
C:\build\output\Unity-Technologies\mono\mono\metadata\icall.c:1842:
C:\build\output\Unity-Technologies\mono\mono\metadata\icall.c:1842:
C:\build\output\Unity-Technologies\mono\mono\metadata\icall.c:1842:
C:\build\output\Unity-Technologies\mono\mono\metadata\icall.c:1842:
C:\build\output\Unity-Technologies\mono\mono\metadata\icall.c:1842:
C:\build\output\Unity-Technologies\mono\mono\metadata\icall.c:1842:
C:\build\output\Unity-Technologies\mono\mono\metadata\icall.c:1842:
C:\build\output\Unity-Technologies\mono\mono\metadata\icall.c:1842:
- Loaded All Assemblies, in  1.082 seconds
Refreshing native plugins compatible for Editor in 5.08 ms, found 4 plugins.
Native extension for Android target not found
Native extension for WindowsStandalone target not found
System.Reflection.TargetInvocationException: Exception has been thrown by the target of an invocation. ---> System.NullReferenceException: Object reference not set to an instance of an object
  at Unity.XR.Oculus.OculusLoader.AssetPathToAbsolutePath (System.String assetPath) [0x00040] in .\Library\PackageCache\com.unity.xr.oculus@4.1.1\Runtime\OculusLoader.cs:287 
  at Unity.XR.Oculus.OculusLoader.EditorLoadOVRPlugin () [0x00084] in .\Library\PackageCache\com.unity.xr.oculus@4.1.1\Runtime\OculusLoader.cs:272 
  at (wrapper managed-to-native) System.Reflection.RuntimeMethodInfo.InternalInvoke(System.Reflection.RuntimeMethodInfo,object,object[],System.Exception&)
  at System.Reflection.RuntimeMethodInfo.Invoke (System.Object obj, System.Reflection.BindingFlags invokeAttr, System.Reflection.Binder binder, System.Object[] parameters, System.Globalization.CultureInfo culture) [0x0006a] in <cb3602b5bf2148caa08db7780ec02b19>:0 
   --- End of inner exception stack trace ---
  at System.Reflection.RuntimeMethodInfo.Invoke (System.Object obj, System.Reflection.BindingFlags invokeAttr, System.Reflection.Binder binder, System.Object[] parameters, System.Globalization.CultureInfo culture) [0x00083] in <cb3602b5bf2148caa08db7780ec02b19>:0 
  at System.Reflection.MethodBase.Invoke (System.Object obj, System.Object[] parameters) [0x00000] in <cb3602b5bf2148caa08db7780ec02b19>:0 
  at UnityEditor.EditorAssemblies.ProcessInitializeOnLoadMethodAttributes () [0x00056] in <67d1ed7258bf49b19e780d91cc47c581>:0 
Mono: successfully reloaded assembly
Package Manager log level set to [2]
[Package Manager] Failed to launch server process. Reason: Unity was launched with the -noUpm command-line argument
[Package Manager] Unable to send message (not connected to server process).
[Package Manager] Cannot connect to Unity Package Manager local server
[Package Manager] Failed to launch server process. Reason: Unity was launched with the -noUpm command-line argument
[Package Manager] Unable to send message (not connected to server process).
[Package Manager] Cannot connect to Unity Package Manager local server
- Finished resetting the current domain, in  1.023 seconds
Domain Reload Profiling: 2104ms
	BeginReloadAssembly (354ms)
		ExecutionOrderSort (0ms)
		DisableScriptedObjects (7ms)
		BackupInstance (0ms)
		ReleaseScriptingObjects (0ms)
		CreateAndSetChildDomain (44ms)
	RebuildCommonClasses (42ms)
	RebuildNativeTypeToScriptingClass (11ms)
	initialDomainReloadingComplete (31ms)
	LoadAllAssembliesAndSetupDomain (643ms)
		LoadAssemblies (367ms)
		RebuildTransferFunctionScriptingTraits (0ms)
		AnalyzeDomain (412ms)
			TypeCache.Refresh (356ms)
				TypeCache.ScanAssembly (336ms)
			ScanForSourceGeneratedMonoScriptInfo (37ms)
			ResolveRequiredComponents (18ms)
	FinalizeReload (1024ms)
		ReleaseScriptCaches (0ms)
		RebuildScriptCaches (0ms)
		SetupLoadedEditorAssemblies (666ms)
			LogAssemblyErrors (0ms)
			InitializePlatformSupportModulesInManaged (31ms)
			SetLoadedEditorAssemblies (5ms)
			BeforeProcessingInitializeOnLoad (137ms)
			ProcessInitializeOnLoadAttributes (420ms)
			ProcessInitializeOnLoadMethodAttributes (71ms)
			AfterProcessingInitializeOnLoad (2ms)
			EditorAssembliesLoaded (0ms)
		ExecutionOrderSort2 (0ms)
		AwakeInstancesAfterBackupRestoration (8ms)
Launched and connected shader compiler UnityShaderCompiler.exe after 0.06 seconds
Refreshing native plugins compatible for Editor in 8.17 ms, found 4 plugins.
Preloading 2 native plugins for Editor in 0.11 ms.
Unloading 5585 Unused Serialized files (Serialized files now loaded: 0)
Unloading 103 unused Assets / (3.1 MB). Loaded Objects now: 6122.
Memory consumption went from 259.0 MB to 255.9 MB.
Total: 118.280700 ms (FindLiveObjects: 0.927800 ms CreateObjectMapping: 0.856800 ms MarkObjects: 109.859400 ms  DeleteObjects: 6.635000 ms)

AssetImportParameters requested are different than current active one (requested -> active):
  custom:video-decoder-webm-vp8: 9c59270c3fd7afecdb556c50c9e8de78 -> 
  custom:audio-encoder-webm-vorbis: bf7c407c2cedff20999df2af8eb42d56 -> 
  custom:AudioImporter_EditorPlatform: d09bf68614088b80899f8185d706f6e7 -> 
  custom:audio-decoder-ogg-vorbis: bf7c407c2cedff20999df2af8eb42d56 -> 
  custom:video-encoder-webm-vp8: eb34c28f22e8b96e1ab97ce403110664 -> 
  custom:container-demuxer-ogg: 62fdf1f143b41e24485cea50d1cbac27 -> 
  custom:framework-win-MediaFoundation: 216162199b28c13a410421893ffa2e32 -> 
  custom:video-decoder-ogg-theora: a1e56fd34408186e4bbccfd4996cb3dc -> 
  custom:container-muxer-webm: aa71ff27fc2769a1b78a27578f13a17b -> 
  custom:video-codec-MediaFoundation-h265: 746d11721c4dcdbdad8f713fa42b33f4 -> 
  custom:container-demuxer-webm: 4f35f7cbe854078d1ac9338744f61a02 -> 
========================================================================
Received Import Request.
  Time since last request: 2717.790029 seconds.
  path: Assets/muse_marbel_Maps/ambientOcclusionMap.png
  artifactKey: Guid(3b1260ebbb7b2de42894dd60001355e2) Importer(2089858483,934ff659095e30574adcf32a4c2f97b5)
Start importing Assets/muse_marbel_Maps/ambientOcclusionMap.png using Guid(3b1260ebbb7b2de42894dd60001355e2) Importer(2089858483,934ff659095e30574adcf32a4c2f97b5) Generated GUIDs only implemented for interfaces!
 -> (artifact id: '4b04d6d09e8456779df59852a0b3ec3e') in 0.326315 seconds
Number of updated asset objects reloaded before import = 0
Number of asset objects unloaded after import = 1
========================================================================
Received Import Request.
  Time since last request: 0.000033 seconds.
  path: Assets/Light_sound_seb_train/Lightmap-2_comp_light.exr
  artifactKey: Guid(9d694a4753e088b4a82b491a79bfd6fd) Importer(2089858483,934ff659095e30574adcf32a4c2f97b5)
Start importing Assets/Light_sound_seb_train/Lightmap-2_comp_light.exr using Guid(9d694a4753e088b4a82b491a79bfd6fd) Importer(2089858483,934ff659095e30574adcf32a4c2f97b5) Generated GUIDs only implemented for interfaces!
 -> (artifact id: '98a5247f8449380b455480e760b3a69d') in 0.006112 seconds
Number of updated asset objects reloaded before import = 0
Number of asset objects unloaded after import = 1
========================================================================
Received Import Request.
  Time since last request: 0.000044 seconds.
  path: Assets/Platform/platform_structure_soloPartRails.fbx
  artifactKey: Guid(f4f5fe89885dd9849b8a7ecb3ad38eb1) Importer(2089858483,934ff659095e30574adcf32a4c2f97b5)
Start importing Assets/Platform/platform_structure_soloPartRails.fbx using Guid(f4f5fe89885dd9849b8a7ecb3ad38eb1) Importer(2089858483,934ff659095e30574adcf32a4c2f97b5) Generated GUIDs only implemented for interfaces!
 -> (artifact id: '7b5147bd2d1a4502338788b77caa2812') in 0.035594 seconds
Number of updated asset objects reloaded before import = 0
Number of asset objects unloaded after import = 95
========================================================================
Received Import Request.
  Time since last request: 0.000023 seconds.
  path: Assets/Station_old/station_wall.fbx
  artifactKey: Guid(52f794a7972181b4895e1789e2d5f2ec) Importer(2089858483,934ff659095e30574adcf32a4c2f97b5)
Start importing Assets/Station_old/station_wall.fbx using Guid(52f794a7972181b4895e1789e2d5f2ec) Importer(2089858483,934ff659095e30574adcf32a4c2f97b5) Generated GUIDs only implemented for interfaces!
 -> (artifact id: 'ed13c2550f151394d279acb7db7d88c6') in 0.181828 seconds
Number of updated asset objects reloaded before import = 0
Number of asset objects unloaded after import = 807
========================================================================
Received Import Request.
  Time since last request: 0.000026 seconds.
  path: Assets/FencesPack/Prefabs/Gates.prefab
  artifactKey: Guid(a8e06623935fbfd4d895ac3a79532eb3) Importer(2089858483,934ff659095e30574adcf32a4c2f97b5)
Start importing Assets/FencesPack/Prefabs/Gates.prefab using Guid(a8e06623935fbfd4d895ac3a79532eb3) Importer(2089858483,934ff659095e30574adcf32a4c2f97b5) Generated GUIDs only implemented for interfaces!
 -> (artifact id: '293d4939b0daf1ee1ea016fdc5b52207') in 0.015261 seconds
Number of updated asset objects reloaded before import = 0
Number of asset objects unloaded after import = 50
========================================================================
Received Import Request.
  Time since last request: 0.000037 seconds.
  path: Assets/FencesPack/Prefabs/MetalSheetRackBlue.prefab
  artifactKey: Guid(68a360e854e9bfc469170ff705961a7c) Importer(2089858483,934ff659095e30574adcf32a4c2f97b5)
Start importing Assets/FencesPack/Prefabs/MetalSheetRackBlue.prefab using Guid(68a360e854e9bfc469170ff705961a7c) Importer(2089858483,934ff659095e30574adcf32a4c2f97b5) Generated GUIDs only implemented for interfaces!
 -> (artifact id: '22ff9bf68e2dd8ad12d7103a434a1dc5') in 0.010785 seconds
Number of updated asset objects reloaded before import = 0
Number of asset objects unloaded after import = 18
========================================================================
Received Import Request.
  Time since last request: 0.000037 seconds.
  path: Assets/FencesPack/ModelsFBX/OldWoodFance.fbx
  artifactKey: Guid(fc8961575ab14da49b201fcd661d9754) Importer(2089858483,934ff659095e30574adcf32a4c2f97b5)
Start importing Assets/FencesPack/ModelsFBX/OldWoodFance.fbx using Guid(fc8961575ab14da49b201fcd661d9754) Importer(2089858483,934ff659095e30574adcf32a4c2f97b5) Generated GUIDs only implemented for interfaces!
 -> (artifact id: '331b407dd1b0a36d1098e004cd1d148a') in 0.017565 seconds
Number of updated asset objects reloaded before import = 0
Number of asset objects unloaded after import = 27
========================================================================
Received Import Request.
  Time since last request: 0.000020 seconds.
  path: Assets/FencesPack/Prefabs/BrickWall.prefab
  artifactKey: Guid(85361bd192e684c4aae377722ca1ba24) Importer(2089858483,934ff659095e30574adcf32a4c2f97b5)
Start importing Assets/FencesPack/Prefabs/BrickWall.prefab using Guid(85361bd192e684c4aae377722ca1ba24) Importer(2089858483,934ff659095e30574adcf32a4c2f97b5) Generated GUIDs only implemented for interfaces!
 -> (artifact id: '85badb3ae3fd84bd7e52d28ff4023b46') in 0.010673 seconds
Number of updated asset objects reloaded before import = 0
Number of asset objects unloaded after import = 11
========================================================================
Received Import Request.
  Time since last request: 0.000023 seconds.
  path: Assets/FencesPack/Prefabs/OldWoodPillar.prefab
  artifactKey: Guid(161e784eabf687a4598217971fb9a567) Importer(2089858483,934ff659095e30574adcf32a4c2f97b5)
Start importing Assets/FencesPack/Prefabs/OldWoodPillar.prefab using Guid(161e784eabf687a4598217971fb9a567) Importer(2089858483,934ff659095e30574adcf32a4c2f97b5) Generated GUIDs only implemented for interfaces!
 -> (artifact id: 'e1dadadf32f48861097a097d34029ce5') in 0.009388 seconds
Number of updated asset objects reloaded before import = 0
Number of asset objects unloaded after import = 8
========================================================================
Received Import Request.
  Time since last request: 0.000023 seconds.
  path: Assets/FencesPack/Materials/Metal.mat
  artifactKey: Guid(b83229bacd659e64daf73d248730fbb6) Importer(2089858483,934ff659095e30574adcf32a4c2f97b5)
Start importing Assets/FencesPack/Materials/Metal.mat using Guid(b83229bacd659e64daf73d248730fbb6) Importer(2089858483,934ff659095e30574adcf32a4c2f97b5) Generated GUIDs only implemented for interfaces!
 -> (artifact id: '9c2bcc3661d0b3573d61321b503939d9') in 0.005918 seconds
Number of updated asset objects reloaded before import = 0
Number of asset objects unloaded after import = 1
========================================================================
Received Import Request.
  Time since last request: 0.000022 seconds.
  path: Assets/Pavement textures pack/pavement 03_/pavement pattern 03.mat
  artifactKey: Guid(3319a57c0b6518e4aa93bd2e3edd9bfe) Importer(2089858483,934ff659095e30574adcf32a4c2f97b5)
Start importing Assets/Pavement textures pack/pavement 03_/pavement pattern 03.mat using Guid(3319a57c0b6518e4aa93bd2e3edd9bfe) Importer(2089858483,934ff659095e30574adcf32a4c2f97b5) Generated GUIDs only implemented for interfaces!
 -> (artifact id: '577f8f325cf21862fe9d62cbf3accce2') in 0.008766 seconds
Number of updated asset objects reloaded before import = 0
Number of asset objects unloaded after import = 1
========================================================================
Received Import Request.
  Time since last request: 0.000020 seconds.
  path: Assets/Light_sound_seb_train/Lightmap-4_comp_dir.png
  artifactKey: Guid(795ccc2d153c7114d95479f6e9bdb88d) Importer(2089858483,934ff659095e30574adcf32a4c2f97b5)
Start importing Assets/Light_sound_seb_train/Lightmap-4_comp_dir.png using Guid(795ccc2d153c7114d95479f6e9bdb88d) Importer(2089858483,934ff659095e30574adcf32a4c2f97b5) Generated GUIDs only implemented for interfaces!
 -> (artifact id: 'bd50b3f9d53a2aa456dda9407fc49d8b') in 0.006287 seconds
Number of updated asset objects reloaded before import = 0
Number of asset objects unloaded after import = 1
========================================================================
Received Import Request.
  Time since last request: 0.000052 seconds.
  path: Assets/Light_sound_seb_train/Lightmap-3_comp_dir.png
  artifactKey: Guid(03591a6121df8d243bdf5e9cb2b9922e) Importer(2089858483,934ff659095e30574adcf32a4c2f97b5)
Start importing Assets/Light_sound_seb_train/Lightmap-3_comp_dir.png using Guid(03591a6121df8d243bdf5e9cb2b9922e) Importer(2089858483,934ff659095e30574adcf32a4c2f97b5) Generated GUIDs only implemented for interfaces!
 -> (artifact id: '654947c55d0b82ed19fb36c94328deee') in 0.004982 seconds
Number of updated asset objects reloaded before import = 0
Number of asset objects unloaded after import = 1
========================================================================
Received Import Request.
  Time since last request: 0.000062 seconds.
  path: Assets/FencesPack/Materials/BrickWhite.mat
  artifactKey: Guid(41f6d989b37e86b479a716325864e729) Importer(2089858483,934ff659095e30574adcf32a4c2f97b5)
Start importing Assets/FencesPack/Materials/BrickWhite.mat using Guid(41f6d989b37e86b479a716325864e729) Importer(2089858483,934ff659095e30574adcf32a4c2f97b5) Generated GUIDs only implemented for interfaces!
 -> (artifact id: 'cd14b33d158d7c9dcf5b6b4ea9089446') in 0.010282 seconds
Number of updated asset objects reloaded before import = 0
Number of asset objects unloaded after import = 1
========================================================================
Received Import Request.
  Time since last request: 0.000028 seconds.
  path: Assets/oak3_muse_Maps/metallicMap.png
  artifactKey: Guid(c80dfe6730c0cf54588e4da17b7d864e) Importer(2089858483,934ff659095e30574adcf32a4c2f97b5)
Start importing Assets/oak3_muse_Maps/metallicMap.png using Guid(c80dfe6730c0cf54588e4da17b7d864e) Importer(2089858483,934ff659095e30574adcf32a4c2f97b5) Generated GUIDs only implemented for interfaces!
 -> (artifact id: '25495eee5ddaf411212199abd66b91de') in 0.006435 seconds
Number of updated asset objects reloaded before import = 0
Number of asset objects unloaded after import = 1
========================================================================
Received Import Request.
  Time since last request: 0.170468 seconds.
  path: Assets/Platform/GatesMaterials/ticketGate2_phong1_Height.png
  artifactKey: Guid(e7659df2f7651144eae29e388ad6426b) Importer(2089858483,934ff659095e30574adcf32a4c2f97b5)
Start importing Assets/Platform/GatesMaterials/ticketGate2_phong1_Height.png using Guid(e7659df2f7651144eae29e388ad6426b) Importer(2089858483,934ff659095e30574adcf32a4c2f97b5) Generated GUIDs only implemented for interfaces!
 -> (artifact id: '3bbc9d396cafcde99b51ac980655e592') in 0.014015 seconds
Number of updated asset objects reloaded before import = 0
Number of asset objects unloaded after import = 1
========================================================================
Received Import Request.
  Time since last request: 0.000020 seconds.
  path: Assets/Train_wales/Materials/White 1.mat
  artifactKey: Guid(01d14727d17ca3848b6a817372761846) Importer(2089858483,934ff659095e30574adcf32a4c2f97b5)
Start importing Assets/Train_wales/Materials/White 1.mat using Guid(01d14727d17ca3848b6a817372761846) Importer(2089858483,934ff659095e30574adcf32a4c2f97b5) Generated GUIDs only implemented for interfaces!
 -> (artifact id: '759fa6e4ca83a2ba99e104ea180d0f6b') in 0.006859 seconds
Number of updated asset objects reloaded before import = 0
Number of asset objects unloaded after import = 1
========================================================================
Received Import Request.
  Time since last request: 0.000022 seconds.
  path: Assets/Train_wales/Materials/Orange Glass.002.mat
  artifactKey: Guid(506c6e1558b6c6243ae5afbfd3318d79) Importer(2089858483,934ff659095e30574adcf32a4c2f97b5)
Start importing Assets/Train_wales/Materials/Orange Glass.002.mat using Guid(506c6e1558b6c6243ae5afbfd3318d79) Importer(2089858483,934ff659095e30574adcf32a4c2f97b5) Generated GUIDs only implemented for interfaces!
 -> (artifact id: '121e65716ca9928dd046ce2564ef15cc') in 0.005484 seconds
Number of updated asset objects reloaded before import = 0
Number of asset objects unloaded after import = 1
========================================================================
Received Import Request.
  Time since last request: 0.000037 seconds.
  path: Assets/FencesPack/Textures/normal maps/Wall_Concret_normal.tif
  artifactKey: Guid(d260e864638f34240aca59edba859890) Importer(2089858483,934ff659095e30574adcf32a4c2f97b5)
Start importing Assets/FencesPack/Textures/normal maps/Wall_Concret_normal.tif using Guid(d260e864638f34240aca59edba859890) Importer(2089858483,934ff659095e30574adcf32a4c2f97b5) Generated GUIDs only implemented for interfaces!
 -> (artifact id: 'ae005a809c4cc99585c00d37dff56630') in 0.015675 seconds
Number of updated asset objects reloaded before import = 0
Number of asset objects unloaded after import = 1
========================================================================
Received Import Request.
  Time since last request: 0.000017 seconds.
  path: Assets/Train_wales/Materials/Reflector.002.mat
  artifactKey: Guid(6fb335aed9990bf4f9e0cb30a5e93cba) Importer(2089858483,934ff659095e30574adcf32a4c2f97b5)
Start importing Assets/Train_wales/Materials/Reflector.002.mat using Guid(6fb335aed9990bf4f9e0cb30a5e93cba) Importer(2089858483,934ff659095e30574adcf32a4c2f97b5) Generated GUIDs only implemented for interfaces!
 -> (artifact id: 'aa9b0d3078e4a1f75795c00f902d4ac8') in 0.008848 seconds
Number of updated asset objects reloaded before import = 0
Number of asset objects unloaded after import = 1
========================================================================
Received Import Request.
  Time since last request: 0.000078 seconds.
  path: Assets/Station_old/station_oposite_no_roof_agregated/_color-gray.001.mat
  artifactKey: Guid(3721bfb3dbf610f43956ff3bebcc1469) Importer(2089858483,934ff659095e30574adcf32a4c2f97b5)
Start importing Assets/Station_old/station_oposite_no_roof_agregated/_color-gray.001.mat using Guid(3721bfb3dbf610f43956ff3bebcc1469) Importer(2089858483,934ff659095e30574adcf32a4c2f97b5) Generated GUIDs only implemented for interfaces!
 -> (artifact id: '1caf42d614bd125a7408c86517f2bfea') in 0.010419 seconds
Number of updated asset objects reloaded before import = 0
Number of asset objects unloaded after import = 1
========================================================================
Received Import Request.
  Time since last request: 0.000017 seconds.
  path: Assets/Train_wales/Materials/Orange.003.mat
  artifactKey: Guid(34354afba988d0b4cacba3e72d946466) Importer(2089858483,934ff659095e30574adcf32a4c2f97b5)
Start importing Assets/Train_wales/Materials/Orange.003.mat using Guid(34354afba988d0b4cacba3e72d946466) Importer(2089858483,934ff659095e30574adcf32a4c2f97b5) Generated GUIDs only implemented for interfaces!
 -> (artifact id: '7ee6dcaf3d9de7b694afa784e3b63f35') in 0.009235 seconds
Number of updated asset objects reloaded before import = 0
Number of asset objects unloaded after import = 1
========================================================================
Received Import Request.
  Time since last request: 0.000018 seconds.
  path: Assets/FencesPack/Textures/normal maps/normal.png
  artifactKey: Guid(c0330360456dc234d9203a6df4fa2339) Importer(2089858483,934ff659095e30574adcf32a4c2f97b5)
Start importing Assets/FencesPack/Textures/normal maps/normal.png using Guid(c0330360456dc234d9203a6df4fa2339) Importer(2089858483,934ff659095e30574adcf32a4c2f97b5) Generated GUIDs only implemented for interfaces!
 -> (artifact id: '6e12d1e1df7ccaac6c2ee3fe211939aa') in 0.017124 seconds
Number of updated asset objects reloaded before import = 0
Number of asset objects unloaded after import = 1
========================================================================
Received Import Request.
  Time since last request: 0.000018 seconds.
  path: Assets/Train_wales/Materials/Cream Clean.005.mat
  artifactKey: Guid(00ce4e8227af7c7429197314914a7b96) Importer(2089858483,934ff659095e30574adcf32a4c2f97b5)
Start importing Assets/Train_wales/Materials/Cream Clean.005.mat using Guid(00ce4e8227af7c7429197314914a7b96) Importer(2089858483,934ff659095e30574adcf32a4c2f97b5) Generated GUIDs only implemented for interfaces!
 -> (artifact id: '3c7a5edf747fc68c918d47922612f00c') in 0.006098 seconds
Number of updated asset objects reloaded before import = 0
Number of asset objects unloaded after import = 1
========================================================================
Received Import Request.
  Time since last request: 0.000021 seconds.
  path: Assets/Train_wales/Materials/Black Plastic.005 1.mat
  artifactKey: Guid(4d0fe785c149b9b4790142df2adc656e) Importer(2089858483,934ff659095e30574adcf32a4c2f97b5)
Start importing Assets/Train_wales/Materials/Black Plastic.005 1.mat using Guid(4d0fe785c149b9b4790142df2adc656e) Importer(2089858483,934ff659095e30574adcf32a4c2f97b5) Generated GUIDs only implemented for interfaces!
 -> (artifact id: 'df539722592ddc777ba6c7ed2cf259cc') in 0.003887 seconds
Number of updated asset objects reloaded before import = 0
Number of asset objects unloaded after import = 1
========================================================================
Received Import Request.
  Time since last request: 0.000024 seconds.
  path: Assets/Train_wales/Materials/Body 1.mat
  artifactKey: Guid(ca3a3cd796b7b5e4785bda62e33f78b7) Importer(2089858483,934ff659095e30574adcf32a4c2f97b5)
Start importing Assets/Train_wales/Materials/Body 1.mat using Guid(ca3a3cd796b7b5e4785bda62e33f78b7) Importer(2089858483,934ff659095e30574adcf32a4c2f97b5) Generated GUIDs only implemented for interfaces!
 -> (artifact id: '4966d80f40265e0859441d41c8c2d20a') in 0.004808 seconds
Number of updated asset objects reloaded before import = 0
Number of asset objects unloaded after import = 1
========================================================================
Received Import Request.
  Time since last request: 0.000029 seconds.
  path: Assets/Train_wales/Materials/White.005.mat
  artifactKey: Guid(93331ce1db5243d4eb54e07a585dd66c) Importer(2089858483,934ff659095e30574adcf32a4c2f97b5)
Start importing Assets/Train_wales/Materials/White.005.mat using Guid(93331ce1db5243d4eb54e07a585dd66c) Importer(2089858483,934ff659095e30574adcf32a4c2f97b5) Generated GUIDs only implemented for interfaces!
 -> (artifact id: '9c0af6930098f077996b7895ef8118e6') in 0.005297 seconds
Number of updated asset objects reloaded before import = 0
Number of asset objects unloaded after import = 1
========================================================================
Received Import Request.
  Time since last request: 0.000018 seconds.
  path: Assets/Train_wales/Materials/Ceiling Lights.005.mat
  artifactKey: Guid(b216f45a6b23f144ca4129b495a6ba60) Importer(2089858483,934ff659095e30574adcf32a4c2f97b5)
Start importing Assets/Train_wales/Materials/Ceiling Lights.005.mat using Guid(b216f45a6b23f144ca4129b495a6ba60) Importer(2089858483,934ff659095e30574adcf32a4c2f97b5) Generated GUIDs only implemented for interfaces!
 -> (artifact id: 'b078db2731606feaf1ee26eed01c31de') in 0.004981 seconds
Number of updated asset objects reloaded before import = 0
Number of asset objects unloaded after import = 1
========================================================================
Received Import Request.
  Time since last request: 0.000047 seconds.
  path: Assets/FencesPack/Textures/normal maps/NormalBlueMetal.png
  artifactKey: Guid(adeec64c10f72b341b5c9609d4db1f54) Importer(2089858483,934ff659095e30574adcf32a4c2f97b5)
Start importing Assets/FencesPack/Textures/normal maps/NormalBlueMetal.png using Guid(adeec64c10f72b341b5c9609d4db1f54) Importer(2089858483,934ff659095e30574adcf32a4c2f97b5) Generated GUIDs only implemented for interfaces!
 -> (artifact id: '3b01eac048088d24a2031a9f5fa06455') in 0.005757 seconds
Number of updated asset objects reloaded before import = 0
Number of asset objects unloaded after import = 1
========================================================================
Received Import Request.
  Time since last request: 0.000086 seconds.
  path: Assets/FencesPack/Textures/SpecularMetalic/SpecularBlueMetal.png
  artifactKey: Guid(f7cb666943987a8468a6ba02653cf056) Importer(2089858483,934ff659095e30574adcf32a4c2f97b5)
Start importing Assets/FencesPack/Textures/SpecularMetalic/SpecularBlueMetal.png using Guid(f7cb666943987a8468a6ba02653cf056) Importer(2089858483,934ff659095e30574adcf32a4c2f97b5) Generated GUIDs only implemented for interfaces!
 -> (artifact id: 'e57b8663629fb668468a59b23b21cc61') in 0.042219 seconds
Number of updated asset objects reloaded before import = 0
Number of asset objects unloaded after import = 1
========================================================================
Received Import Request.
  Time since last request: 0.000022 seconds.
  path: Assets/Train_wales/Materials/Black Plastic.002.mat
  artifactKey: Guid(21c0b5d8f67027b4ea78e8814cfef91f) Importer(2089858483,934ff659095e30574adcf32a4c2f97b5)
Start importing Assets/Train_wales/Materials/Black Plastic.002.mat using Guid(21c0b5d8f67027b4ea78e8814cfef91f) Importer(2089858483,934ff659095e30574adcf32a4c2f97b5) Generated GUIDs only implemented for interfaces!
 -> (artifact id: 'a9657297506fb3c54df2dcf237a848a8') in 0.005696 seconds
Number of updated asset objects reloaded before import = 0
Number of asset objects unloaded after import = 1
========================================================================
Received Import Request.
  Time since last request: 0.000018 seconds.
  path: Assets/FencesPack/Textures/roughness/Wall_Brick_roughness.tif
  artifactKey: Guid(b377c9ce4057e284eb8ef151d3867aa9) Importer(2089858483,934ff659095e30574adcf32a4c2f97b5)
Start importing Assets/FencesPack/Textures/roughness/Wall_Brick_roughness.tif using Guid(b377c9ce4057e284eb8ef151d3867aa9) Importer(2089858483,934ff659095e30574adcf32a4c2f97b5) Generated GUIDs only implemented for interfaces!
 -> (artifact id: 'ef5156b7f64462c5faf552cccf19d509') in 0.014179 seconds
Number of updated asset objects reloaded before import = 0
Number of asset objects unloaded after import = 1
========================================================================
Received Import Request.
  Time since last request: 0.000027 seconds.
  path: Assets/FencesPack/Textures/SpecularMetalic/Metal_Corroded_1K_metallic.tif
  artifactKey: Guid(1c79f729d783c9944893d707142377d7) Importer(2089858483,934ff659095e30574adcf32a4c2f97b5)
Start importing Assets/FencesPack/Textures/SpecularMetalic/Metal_Corroded_1K_metallic.tif using Guid(1c79f729d783c9944893d707142377d7) Importer(2089858483,934ff659095e30574adcf32a4c2f97b5) Generated GUIDs only implemented for interfaces!
 -> (artifact id: '3ece14b42dbfb40a80ca323a052326cc') in 0.006029 seconds
Number of updated asset objects reloaded before import = 0
Number of asset objects unloaded after import = 1
========================================================================
Received Import Request.
  Time since last request: 0.000433 seconds.
  path: Assets/Train_wales/Materials/Caution.mat
  artifactKey: Guid(a4fe6ac8afb94f7409675932c47b56f9) Importer(2089858483,934ff659095e30574adcf32a4c2f97b5)
Start importing Assets/Train_wales/Materials/Caution.mat using Guid(a4fe6ac8afb94f7409675932c47b56f9) Importer(2089858483,934ff659095e30574adcf32a4c2f97b5) Generated GUIDs only implemented for interfaces!
 -> (artifact id: 'bf776d9e292aa7bacff915635c806092') in 0.008365 seconds
Number of updated asset objects reloaded before import = 0
Number of asset objects unloaded after import = 1
========================================================================
Received Import Request.
  Time since last request: 0.000026 seconds.
  path: Assets/FencesPack/Textures/Heighr Map/DisplacementRedMetal.tif
  artifactKey: Guid(da5404c35ca2aed43ad474b53cbdbacd) Importer(2089858483,934ff659095e30574adcf32a4c2f97b5)
Start importing Assets/FencesPack/Textures/Heighr Map/DisplacementRedMetal.tif using Guid(da5404c35ca2aed43ad474b53cbdbacd) Importer(2089858483,934ff659095e30574adcf32a4c2f97b5) Generated GUIDs only implemented for interfaces!
 -> (artifact id: '390ef15b12a9f5d6c7847682bfa1fc06') in 0.006167 seconds
Number of updated asset objects reloaded before import = 0
Number of asset objects unloaded after import = 1
========================================================================
Received Import Request.
  Time since last request: 0.000030 seconds.
  path: Assets/Platform/Bench/textures/Bench_L_standardSurface1_Roughness.tga.png
  artifactKey: Guid(0650c33af80dbb645817a40cf3b641ca) Importer(2089858483,934ff659095e30574adcf32a4c2f97b5)
Start importing Assets/Platform/Bench/textures/Bench_L_standardSurface1_Roughness.tga.png using Guid(0650c33af80dbb645817a40cf3b641ca) Importer(2089858483,934ff659095e30574adcf32a4c2f97b5) Generated GUIDs only implemented for interfaces!
 -> (artifact id: '2a817e14525a70be03f4861d00b76c7f') in 0.006721 seconds
Number of updated asset objects reloaded before import = 0
Number of asset objects unloaded after import = 1
========================================================================
Received Import Request.
  Time since last request: 0.000044 seconds.
  path: Assets/Platform/Bench/textures/Bench_L_standardSurface1_BaseColor.tga.png
  artifactKey: Guid(8da72f98e2b02f94996d6bd887036a7f) Importer(2089858483,934ff659095e30574adcf32a4c2f97b5)
Start importing Assets/Platform/Bench/textures/Bench_L_standardSurface1_BaseColor.tga.png using Guid(8da72f98e2b02f94996d6bd887036a7f) Importer(2089858483,934ff659095e30574adcf32a4c2f97b5) Generated GUIDs only implemented for interfaces!
 -> (artifact id: 'b72cb278309736d17a4bd5dcb8f65e87') in 0.007824 seconds
Number of updated asset objects reloaded before import = 0
Number of asset objects unloaded after import = 1
========================================================================
Received Prepare
Refreshing native plugins compatible for Editor in 7.53 ms, found 4 plugins.
Preloading 2 native plugins for Editor in 0.11 ms.
Unloading 18 Unused Serialized files (Serialized files now loaded: 0)
Unloading 18 unused Assets / (3.1 MB). Loaded Objects now: 6122.
Memory consumption went from 134.5 MB to 131.4 MB.
Total: 12.764200 ms (FindLiveObjects: 2.435900 ms CreateObjectMapping: 0.686100 ms MarkObjects: 8.642600 ms  DeleteObjects: 0.998200 ms)

Prepare: number of updated asset objects reloaded= 0
AssetImportParameters requested are different than current active one (requested -> active):
  custom:video-decoder-webm-vp8: 9c59270c3fd7afecdb556c50c9e8de78 -> 
  custom:audio-encoder-webm-vorbis: bf7c407c2cedff20999df2af8eb42d56 -> 
  custom:AudioImporter_EditorPlatform: d09bf68614088b80899f8185d706f6e7 -> 
  custom:audio-decoder-ogg-vorbis: bf7c407c2cedff20999df2af8eb42d56 -> 
  custom:video-encoder-webm-vp8: eb34c28f22e8b96e1ab97ce403110664 -> 
  custom:container-demuxer-ogg: 62fdf1f143b41e24485cea50d1cbac27 -> 
  custom:framework-win-MediaFoundation: 216162199b28c13a410421893ffa2e32 -> 
  custom:video-decoder-ogg-theora: a1e56fd34408186e4bbccfd4996cb3dc -> 
  custom:container-muxer-webm: aa71ff27fc2769a1b78a27578f13a17b -> 
  custom:video-codec-MediaFoundation-h265: 746d11721c4dcdbdad8f713fa42b33f4 -> 
  custom:CustomObjectIndexerAttribute: d54d2f2da18e7612c182cf67624b6b12 -> 
  custom:container-demuxer-webm: 4f35f7cbe854078d1ac9338744f61a02 -> 
========================================================================
Received Import Request.
  Time since last request: 26.091357 seconds.
  path: Assets/Light_sound_seb_train/Lightmap-1_comp_shadowmask.png
  artifactKey: Guid(1eda016222c3c3f419fbc809e3f4c719) Importer(2089858483,934ff659095e30574adcf32a4c2f97b5)
Start importing Assets/Light_sound_seb_train/Lightmap-1_comp_shadowmask.png using Guid(1eda016222c3c3f419fbc809e3f4c719) Importer(2089858483,934ff659095e30574adcf32a4c2f97b5) Generated GUIDs only implemented for interfaces!
 -> (artifact id: 'dfa6874bc554b87481407c5ca3c4d6ae') in 0.022233 seconds
Number of updated asset objects reloaded before import = 0
Number of asset objects unloaded after import = 1
========================================================================
Received Import Request.
  Time since last request: 0.000039 seconds.
  path: Assets/Light_sound_seb_train/Lightmap-0_comp_light.exr
  artifactKey: Guid(fc4e0374cab2bf946a04fc87b69eec9a) Importer(2089858483,934ff659095e30574adcf32a4c2f97b5)
Start importing Assets/Light_sound_seb_train/Lightmap-0_comp_light.exr using Guid(fc4e0374cab2bf946a04fc87b69eec9a) Importer(2089858483,934ff659095e30574adcf32a4c2f97b5) Generated GUIDs only implemented for interfaces!
 -> (artifact id: 'c245e89e9ebf572df5740f4d4c4212b8') in 0.074830 seconds
Number of updated asset objects reloaded before import = 0
Number of asset objects unloaded after import = 1
Editor requested this worker to shutdown with reason: Scaling down because of idle timeout
AssetImportWorker is now disconnected from the server
Process exiting
Exiting without the bug reporter. Application will terminate with return code 0