Using pre-set license
Built from '2023.1/staging' branch; Version is '2023.1.19f1 (629111e352bc) revision 6459665'; Using compiler version '192829333'; Build Type 'Release'
OS: 'Windows 11  (10.0.22621) 64bit Professional' Language: 'pl' Physical Memory: 64943 MB
BatchMode: 1, IsHumanControllingUs: 0, StartBugReporterOnCrash: 0, Is64bit: 1, IsPro: 1

COMMAND LINE ARGUMENTS:
E:\Program Files\Unity\2023.1.19f1\Editor\Unity.exe
-adb2
-batchMode
-noUpm
-name
AssetImportWorker9
-projectPath
C:/Users/sebol/OneDrive/Pulpit/ASSIG4/Assig4_ls/Assignment_4_LightAndSound_SwanseaRailStation
-logFile
Logs/AssetImportWorker9.log
-srvPort
60435
Successfully changed project path to: C:/Users/sebol/OneDrive/Pulpit/ASSIG4/Assig4_ls/Assignment_4_LightAndSound_SwanseaRailStation
C:/Users/sebol/OneDrive/Pulpit/ASSIG4/Assig4_ls/Assignment_4_LightAndSound_SwanseaRailStation
[UnityMemory] Configuration Parameters - Can be set up in boot.config
    "memorysetup-bucket-allocator-granularity=16"
    "memorysetup-bucket-allocator-bucket-count=8"
    "memorysetup-bucket-allocator-block-size=33554432"
    "memorysetup-bucket-allocator-block-count=8"
    "memorysetup-main-allocator-block-size=16777216"
    "memorysetup-thread-allocator-block-size=16777216"
    "memorysetup-gfx-main-allocator-block-size=16777216"
    "memorysetup-gfx-thread-allocator-block-size=16777216"
    "memorysetup-cache-allocator-block-size=4194304"
    "memorysetup-typetree-allocator-block-size=2097152"
    "memorysetup-profiler-bucket-allocator-granularity=16"
    "memorysetup-profiler-bucket-allocator-bucket-count=8"
    "memorysetup-profiler-bucket-allocator-block-size=33554432"
    "memorysetup-profiler-bucket-allocator-block-count=8"
    "memorysetup-profiler-allocator-block-size=16777216"
    "memorysetup-profiler-editor-allocator-block-size=1048576"
    "memorysetup-temp-allocator-size-main=16777216"
    "memorysetup-job-temp-allocator-block-size=2097152"
    "memorysetup-job-temp-allocator-block-size-background=1048576"
    "memorysetup-job-temp-allocator-reduction-small-platforms=262144"
    "memorysetup-allocator-temp-initial-block-size-main=262144"
    "memorysetup-allocator-temp-initial-block-size-worker=262144"
    "memorysetup-temp-allocator-size-background-worker=32768"
    "memorysetup-temp-allocator-size-job-worker=262144"
    "memorysetup-temp-allocator-size-preload-manager=33554432"
    "memorysetup-temp-allocator-size-nav-mesh-worker=65536"
    "memorysetup-temp-allocator-size-audio-worker=65536"
    "memorysetup-temp-allocator-size-cloud-worker=32768"
    "memorysetup-temp-allocator-size-gi-baking-worker=262144"
    "memorysetup-temp-allocator-size-gfx=262144"
Player connection [34732] Host "[IP] 192.168.4.31 [Port] 0 [Flags] 2 [Guid] 1870675306 [EditorId] 1870675306 [Version] 1048832 [Id] WindowsEditor(7,HPS) [Debug] 1 [PackageName] WindowsEditor [ProjectName] Editor" joined multi-casting on [225.0.0.222:54997]...

Player connection [34732] Host "[IP] 192.168.4.31 [Port] 0 [Flags] 2 [Guid] 1870675306 [EditorId] 1870675306 [Version] 1048832 [Id] WindowsEditor(7,HPS) [Debug] 1 [PackageName] WindowsEditor [ProjectName] Editor" joined alternative multi-casting on [225.0.0.222:34997]...

[Physics::Module] Initialized MultithreadedJobDispatcher with 15 workers.
Library Redirect Path: Library/Refreshing native plugins compatible for Editor in 58.61 ms, found 4 plugins.
Preloading 2 native plugins for Editor in 1.25 ms.
Initialize engine version: 2023.1.19f1 (629111e352bc)
[Subsystems] Discovering subsystems at path E:/Program Files/Unity/2023.1.19f1/Editor/Data/Resources/UnitySubsystems
[Subsystems] Discovering subsystems at path C:/Users/sebol/OneDrive/Pulpit/ASSIG4/Assig4_ls/Assignment_4_LightAndSound_SwanseaRailStation/Assets
GfxDevice: creating device client; threaded=0; jobified=0
Direct3D:
    Version:  Direct3D 11.0 [level 11.1]
    Renderer: NVIDIA GeForce RTX 3080 Laptop GPU (ID=0x249c)
    Vendor:   NVIDIA
    VRAM:     16191 MB
    Driver:   31.0.15.3758
Initialize mono
Mono path[0] = 'E:/Program Files/Unity/2023.1.19f1/Editor/Data/Managed'
Mono path[1] = 'E:/Program Files/Unity/2023.1.19f1/Editor/Data/MonoBleedingEdge/lib/mono/unityjit-win32'
Mono config path = 'E:/Program Files/Unity/2023.1.19f1/Editor/Data/MonoBleedingEdge/etc'
Using monoOptions --debugger-agent=transport=dt_socket,embedding=1,server=y,suspend=n,address=127.0.0.1:56816
Begin MonoManager ReloadAssembly
C:\build\output\Unity-Technologies\mono\mono\metadata\icall.c:1842:
C:\build\output\Unity-Technologies\mono\mono\metadata\icall.c:1842:
C:\build\output\Unity-Technologies\mono\mono\metadata\icall.c:1842:
C:\build\output\Unity-Technologies\mono\mono\metadata\icall.c:1842:
C:\build\output\Unity-Technologies\mono\mono\metadata\icall.c:1842:
C:\build\output\Unity-Technologies\mono\mono\metadata\icall.c:1842:
C:\build\output\Unity-Technologies\mono\mono\metadata\icall.c:1842:
C:\build\output\Unity-Technologies\mono\mono\metadata\icall.c:1842:
C:\build\output\Unity-Technologies\mono\mono\metadata\icall.c:1842:
C:\build\output\Unity-Technologies\mono\mono\metadata\icall.c:1842:
Registering precompiled unity dll's ...
Register platform support module: E:/Program Files/Unity/2023.1.19f1/Editor/Data/PlaybackEngines/WindowsStandaloneSupport/UnityEditor.WindowsStandalone.Extensions.dll
Register platform support module: E:/Program Files/Unity/2023.1.19f1/Editor/Data/PlaybackEngines/AndroidPlayer/UnityEditor.Android.Extensions.dll
Registered in 0.002620 seconds.
- Loaded All Assemblies, in  0.384 seconds
Native extension for Android target not found
Android Extension - Scanning For ADB Devices 262 ms
Native extension for WindowsStandalone target not found
Mono: successfully reloaded assembly
C:\build\output\Unity-Technologies\mono\mono\metadata\icall.c:1842:
C:\build\output\Unity-Technologies\mono\mono\metadata\icall.c:1842:
- Finished resetting the current domain, in  0.570 seconds
Domain Reload Profiling: 953ms
	BeginReloadAssembly (143ms)
		ExecutionOrderSort (0ms)
		DisableScriptedObjects (0ms)
		BackupInstance (0ms)
		ReleaseScriptingObjects (0ms)
		CreateAndSetChildDomain (1ms)
	RebuildCommonClasses (32ms)
	RebuildNativeTypeToScriptingClass (17ms)
	initialDomainReloadingComplete (47ms)
	LoadAllAssembliesAndSetupDomain (144ms)
		LoadAssemblies (143ms)
		RebuildTransferFunctionScriptingTraits (0ms)
		AnalyzeDomain (140ms)
			TypeCache.Refresh (139ms)
				TypeCache.ScanAssembly (128ms)
			ScanForSourceGeneratedMonoScriptInfo (1ms)
			ResolveRequiredComponents (1ms)
	FinalizeReload (570ms)
		ReleaseScriptCaches (0ms)
		RebuildScriptCaches (0ms)
		SetupLoadedEditorAssemblies (528ms)
			LogAssemblyErrors (0ms)
			InitializePlatformSupportModulesInManaged (361ms)
			SetLoadedEditorAssemblies (2ms)
			BeforeProcessingInitializeOnLoad (6ms)
			ProcessInitializeOnLoadAttributes (109ms)
			ProcessInitializeOnLoadMethodAttributes (49ms)
			AfterProcessingInitializeOnLoad (0ms)
			EditorAssembliesLoaded (0ms)
		ExecutionOrderSort2 (0ms)
		AwakeInstancesAfterBackupRestoration (0ms)
========================================================================
Worker process is ready to serve import requests
Import Worker Mode flag is 0x00
Begin MonoManager ReloadAssembly
C:\build\output\Unity-Technologies\mono\mono\metadata\icall.c:1842:
C:\build\output\Unity-Technologies\mono\mono\metadata\icall.c:1842:
C:\build\output\Unity-Technologies\mono\mono\metadata\icall.c:1842:
C:\build\output\Unity-Technologies\mono\mono\metadata\icall.c:1842:
C:\build\output\Unity-Technologies\mono\mono\metadata\icall.c:1842:
C:\build\output\Unity-Technologies\mono\mono\metadata\icall.c:1842:
C:\build\output\Unity-Technologies\mono\mono\metadata\icall.c:1842:
C:\build\output\Unity-Technologies\mono\mono\metadata\icall.c:1842:
C:\build\output\Unity-Technologies\mono\mono\metadata\icall.c:1842:
C:\build\output\Unity-Technologies\mono\mono\metadata\icall.c:1842:
C:\build\output\Unity-Technologies\mono\mono\metadata\icall.c:1842:
C:\build\output\Unity-Technologies\mono\mono\metadata\icall.c:1842:
- Loaded All Assemblies, in  0.783 seconds
Refreshing native plugins compatible for Editor in 3.13 ms, found 4 plugins.
Native extension for Android target not found
Native extension for WindowsStandalone target not found
System.Reflection.TargetInvocationException: Exception has been thrown by the target of an invocation. ---> System.NullReferenceException: Object reference not set to an instance of an object
  at Unity.XR.Oculus.OculusLoader.AssetPathToAbsolutePath (System.String assetPath) [0x00040] in .\Library\PackageCache\com.unity.xr.oculus@4.1.1\Runtime\OculusLoader.cs:287 
  at Unity.XR.Oculus.OculusLoader.EditorLoadOVRPlugin () [0x00084] in .\Library\PackageCache\com.unity.xr.oculus@4.1.1\Runtime\OculusLoader.cs:272 
  at (wrapper managed-to-native) System.Reflection.RuntimeMethodInfo.InternalInvoke(System.Reflection.RuntimeMethodInfo,object,object[],System.Exception&)
  at System.Reflection.RuntimeMethodInfo.Invoke (System.Object obj, System.Reflection.BindingFlags invokeAttr, System.Reflection.Binder binder, System.Object[] parameters, System.Globalization.CultureInfo culture) [0x0006a] in <cb3602b5bf2148caa08db7780ec02b19>:0 
   --- End of inner exception stack trace ---
  at System.Reflection.RuntimeMethodInfo.Invoke (System.Object obj, System.Reflection.BindingFlags invokeAttr, System.Reflection.Binder binder, System.Object[] parameters, System.Globalization.CultureInfo culture) [0x00083] in <cb3602b5bf2148caa08db7780ec02b19>:0 
  at System.Reflection.MethodBase.Invoke (System.Object obj, System.Object[] parameters) [0x00000] in <cb3602b5bf2148caa08db7780ec02b19>:0 
  at UnityEditor.EditorAssemblies.ProcessInitializeOnLoadMethodAttributes () [0x00056] in <67d1ed7258bf49b19e780d91cc47c581>:0 
Mono: successfully reloaded assembly
Package Manager log level set to [2]
[Package Manager] Failed to launch server process. Reason: Unity was launched with the -noUpm command-line argument
[Package Manager] Unable to send message (not connected to server process).
[Package Manager] Cannot connect to Unity Package Manager local server
[Package Manager] Failed to launch server process. Reason: Unity was launched with the -noUpm command-line argument
[Package Manager] Unable to send message (not connected to server process).
[Package Manager] Cannot connect to Unity Package Manager local server
- Finished resetting the current domain, in  0.712 seconds
Domain Reload Profiling: 1494ms
	BeginReloadAssembly (279ms)
		ExecutionOrderSort (0ms)
		DisableScriptedObjects (6ms)
		BackupInstance (0ms)
		ReleaseScriptingObjects (0ms)
		CreateAndSetChildDomain (34ms)
	RebuildCommonClasses (29ms)
	RebuildNativeTypeToScriptingClass (9ms)
	initialDomainReloadingComplete (19ms)
	LoadAllAssembliesAndSetupDomain (445ms)
		LoadAssemblies (266ms)
		RebuildTransferFunctionScriptingTraits (0ms)
		AnalyzeDomain (276ms)
			TypeCache.Refresh (243ms)
				TypeCache.ScanAssembly (230ms)
			ScanForSourceGeneratedMonoScriptInfo (22ms)
			ResolveRequiredComponents (10ms)
	FinalizeReload (713ms)
		ReleaseScriptCaches (0ms)
		RebuildScriptCaches (0ms)
		SetupLoadedEditorAssemblies (473ms)
			LogAssemblyErrors (0ms)
			InitializePlatformSupportModulesInManaged (16ms)
			SetLoadedEditorAssemblies (3ms)
			BeforeProcessingInitializeOnLoad (79ms)
			ProcessInitializeOnLoadAttributes (318ms)
			ProcessInitializeOnLoadMethodAttributes (55ms)
			AfterProcessingInitializeOnLoad (1ms)
			EditorAssembliesLoaded (0ms)
		ExecutionOrderSort2 (0ms)
		AwakeInstancesAfterBackupRestoration (6ms)
Launched and connected shader compiler UnityShaderCompiler.exe after 0.01 seconds
Refreshing native plugins compatible for Editor in 3.62 ms, found 4 plugins.
Preloading 2 native plugins for Editor in 0.09 ms.
Unloading 5585 Unused Serialized files (Serialized files now loaded: 0)
Unloading 103 unused Assets / (3.1 MB). Loaded Objects now: 6129.
Memory consumption went from 256.3 MB to 253.2 MB.
Total: 5.571600 ms (FindLiveObjects: 0.365700 ms CreateObjectMapping: 0.152400 ms MarkObjects: 4.319800 ms  DeleteObjects: 0.732400 ms)

AssetImportParameters requested are different than current active one (requested -> active):
  custom:video-decoder-webm-vp8: 9c59270c3fd7afecdb556c50c9e8de78 -> 
  custom:audio-encoder-webm-vorbis: bf7c407c2cedff20999df2af8eb42d56 -> 
  custom:AudioImporter_EditorPlatform: d09bf68614088b80899f8185d706f6e7 -> 
  custom:audio-decoder-ogg-vorbis: bf7c407c2cedff20999df2af8eb42d56 -> 
  custom:video-encoder-webm-vp8: eb34c28f22e8b96e1ab97ce403110664 -> 
  custom:container-demuxer-ogg: 62fdf1f143b41e24485cea50d1cbac27 -> 
  custom:framework-win-MediaFoundation: 216162199b28c13a410421893ffa2e32 -> 
  custom:video-decoder-ogg-theora: a1e56fd34408186e4bbccfd4996cb3dc -> 
  custom:container-muxer-webm: aa71ff27fc2769a1b78a27578f13a17b -> 
  custom:video-codec-MediaFoundation-h265: 746d11721c4dcdbdad8f713fa42b33f4 -> 
  custom:CustomObjectIndexerAttribute: d54d2f2da18e7612c182cf67624b6b12 -> 
  custom:container-demuxer-webm: 4f35f7cbe854078d1ac9338744f61a02 -> 
========================================================================
Received Prepare
Switching render pipeline cf6a652e94858004a93399f0a3dac507 -> 2c972b257f4829b408d4c01784c30fe0
Refreshing native plugins compatible for Editor in 3.62 ms, found 4 plugins.
Preloading 2 native plugins for Editor in 0.09 ms.
Unloading 18 Unused Serialized files (Serialized files now loaded: 0)
Unloading 18 unused Assets / (3.1 MB). Loaded Objects now: 6129.
Memory consumption went from 132.3 MB to 129.2 MB.
Total: 6.256000 ms (FindLiveObjects: 0.364900 ms CreateObjectMapping: 0.356100 ms MarkObjects: 4.907100 ms  DeleteObjects: 0.627100 ms)

Prepare: number of updated asset objects reloaded= 0
AssetImportParameters requested are different than current active one (requested -> active):
  custom:video-decoder-webm-vp8: 9c59270c3fd7afecdb556c50c9e8de78 -> 
  custom:audio-encoder-webm-vorbis: bf7c407c2cedff20999df2af8eb42d56 -> 
  custom:srp/default-pipeline: c279b252f784924b804d0c71483cf00e -> fca656e2495808409a33990f3aad5c70
  custom:AudioImporter_EditorPlatform: d09bf68614088b80899f8185d706f6e7 -> 
  custom:audio-decoder-ogg-vorbis: bf7c407c2cedff20999df2af8eb42d56 -> 
  custom:video-encoder-webm-vp8: eb34c28f22e8b96e1ab97ce403110664 -> 
  custom:container-demuxer-ogg: 62fdf1f143b41e24485cea50d1cbac27 -> 
  custom:framework-win-MediaFoundation: 216162199b28c13a410421893ffa2e32 -> 
  custom:video-decoder-ogg-theora: a1e56fd34408186e4bbccfd4996cb3dc -> 
  custom:container-muxer-webm: aa71ff27fc2769a1b78a27578f13a17b -> 
  custom:video-codec-MediaFoundation-h265: 746d11721c4dcdbdad8f713fa42b33f4 -> 
  custom:CustomObjectIndexerAttribute: d54d2f2da18e7612c182cf67624b6b12 -> 
  custom:container-demuxer-webm: 4f35f7cbe854078d1ac9338744f61a02 -> 
========================================================================
Received Prepare
Switching render pipeline cf6a652e94858004a93399f0a3dac507 -> 2c972b257f4829b408d4c01784c30fe0
Refreshing native plugins compatible for Editor in 4.00 ms, found 4 plugins.
Preloading 2 native plugins for Editor in 0.09 ms.
Unloading 18 Unused Serialized files (Serialized files now loaded: 0)
Unloading 18 unused Assets / (3.7 MB). Loaded Objects now: 6129.
Memory consumption went from 129.7 MB to 126.1 MB.
Total: 6.990500 ms (FindLiveObjects: 0.398300 ms CreateObjectMapping: 0.185300 ms MarkObjects: 5.626000 ms  DeleteObjects: 0.779400 ms)


=================================================================
	Native Crash Reporting
=================================================================
Got a UNKNOWN while executing native code. This usually indicates
a fatal error in the mono runtime or one of the native libraries 
used by your application.
=================================================================

=================================================================
	Managed Stacktrace:
=================================================================
=================================================================
Crash!!!
SymInit: Symbol-SearchPath: 'E:/Program Files/Unity/2023.1.19f1/Editor/Data/Mono;.;C:\Users\sebol\OneDrive\Pulpit\ASSIG4\Assig4_ls\Assignment_4_LightAndSound_SwanseaRailStation;C:\Users\sebol\OneDrive\Pulpit\ASSIG4\Assig4_ls\Assignment_4_LightAndSound_SwanseaRailStation\Library\BurstCache\JIT;E:\Program Files\Unity\2023.1.19f1\Editor;C:\Windows;C:\Windows\system32;', symOptions: 534, UserName: 'sebol'
OS-Version: 10.0.0
E:\Program Files\Unity\2023.1.19f1\Editor\Unity.exe:Unity.exe (00007FF7AA4B0000), size: 184320 (result: 0), SymType: '-deferred-', PDB: '', fileVersion: 2023.1.19.37137
C:\Windows\SYSTEM32\ntdll.dll:ntdll.dll (00007FF9FF950000), size: 2191360 (result: 0), SymType: '-deferred-', PDB: '', fileVersion: 10.0.22621.2506
C:\Windows\System32\KERNEL32.DLL:KERNEL32.DLL (00007FF9FF450000), size: 802816 (result: 0), SymType: '-deferred-', PDB: '', fileVersion: 10.0.22621.2506
C:\Windows\System32\KERNELBASE.dll:KERNELBASE.dll (00007FF9FD2C0000), size: 3821568 (result: 0), SymType: '-deferred-', PDB: '', fileVersion: 10.0.22621.2715
C:\Windows\System32\USER32.dll:USER32.dll (00007FF9FD670000), size: 1761280 (result: 0), SymType: '-deferred-', PDB: '', fileVersion: 10.0.22621.2506
C:\Windows\System32\win32u.dll:win32u.dll (00007FF9FCEA0000), size: 155648 (result: 0), SymType: '-deferred-', PDB: '', fileVersion: 10.0.22621.2506
C:\Windows\System32\GDI32.dll:GDI32.dll (00007FF9FE880000), size: 167936 (result: 0), SymType: '-deferred-', PDB: '', fileVersion: 10.0.22621.2506
C:\Windows\System32\gdi32full.dll:gdi32full.dll (00007FF9FCD00000), size: 1150976 (result: 0), SymType: '-deferred-', PDB: '', fileVersion: 10.0.22621.2506
C:\Windows\System32\msvcp_win.dll:msvcp_win.dll (00007FF9FD040000), size: 630784 (result: 0), SymType: '-deferred-', PDB: '', fileVersion: 10.0.22621.2506
C:\Windows\System32\ucrtbase.dll:ucrtbase.dll (00007FF9FD0E0000), size: 1118208 (result: 0), SymType: '-deferred-', PDB: '', fileVersion: 10.0.22621.2506
C:\Windows\System32\IMM32.DLL:IMM32.DLL (00007FF9FF520000), size: 200704 (result: 0), SymType: '-deferred-', PDB: '', fileVersion: 10.0.22621.2506
E:\Program Files\Unity\2023.1.19f1\Editor\Unity.dll:Unity.dll (00007FF94D510000), size: 79425536 (result: 0), SymType: '-deferred-', PDB: '', fileVersion: 2023.1.19.37137
C:\Windows\System32\CRYPT32.dll:CRYPT32.dll (00007FF9FCED0000), size: 1466368 (result: 0), SymType: '-deferred-', PDB: '', fileVersion: 10.0.22621.2506
C:\Windows\System32\ADVAPI32.dll:ADVAPI32.dll (00007FF9FDB00000), size: 724992 (result: 0), SymType: '-deferred-', PDB: '', fileVersion: 10.0.22621.2715
C:\Windows\System32\msvcrt.dll:msvcrt.dll (00007FF9FEE20000), size: 684032 (result: 0), SymType: '-deferred-', PDB: '', fileVersion: 7.0.22621.2506
E:\Program Files\Unity\2023.1.19f1\Editor\s3tcompress.dll:s3tcompress.dll (00007FF9F97A0000), size: 180224 (result: 0), SymType: '-deferred-', PDB: ''
E:\Program Files\Unity\2023.1.19f1\Editor\libfbxsdk.dll:libfbxsdk.dll (00007FF9B8040000), size: 10067968 (result: 0), SymType: '-deferred-', PDB: '', fileVersion: 2020.3.3.0
C:\Windows\System32\sechost.dll:sechost.dll (00007FF9FF730000), size: 679936 (result: 0), SymType: '-deferred-', PDB: '', fileVersion: 10.0.22621.2506
E:\Program Files\Unity\2023.1.19f1\Editor\etccompress.dll:etccompress.dll (00007FF9B7B60000), size: 5066752 (result: 0), SymType: '-deferred-', PDB: ''
C:\Windows\System32\RPCRT4.dll:RPCRT4.dll (00007FF9FD920000), size: 1142784 (result: 0), SymType: '-deferred-', PDB: '', fileVersion: 10.0.22621.2506
E:\Program Files\Unity\2023.1.19f1\Editor\ispc_texcomp.dll:ispc_texcomp.dll (00007FF9D0FC0000), size: 1826816 (result: 0), SymType: '-deferred-', PDB: ''
C:\Windows\System32\SHELL32.dll:SHELL32.dll (00007FF9FDBC0000), size: 8753152 (result: 0), SymType: '-deferred-', PDB: '', fileVersion: 10.0.22621.2506
E:\Program Files\Unity\2023.1.19f1\Editor\compress_bc7e.dll:compress_bc7e.dll (00007FF9DFE60000), size: 1433600 (result: 0), SymType: '-deferred-', PDB: ''
C:\Windows\System32\SHLWAPI.dll:SHLWAPI.dll (00007FF9FF860000), size: 385024 (result: 0), SymType: '-deferred-', PDB: '', fileVersion: 10.0.22621.2506
E:\Program Files\Unity\2023.1.19f1\Editor\WinPixEventRuntime.dll:WinPixEventRuntime.dll (00007FF9F9790000), size: 53248 (result: 0), SymType: '-deferred-', PDB: '', fileVersion: 1.0.2201.24001
E:\Program Files\Unity\2023.1.19f1\Editor\FreeImage.dll:FreeImage.dll (0000000180000000), size: 6582272 (result: 0), SymType: '-deferred-', PDB: '', fileVersion: 3.18.0.0
C:\Windows\System32\ole32.dll:ole32.dll (00007FF9FF560000), size: 1703936 (result: 0), SymType: '-deferred-', PDB: '', fileVersion: 10.0.22621.2506
E:\Program Files\Unity\2023.1.19f1\Editor\umbraoptimizer64.dll:umbraoptimizer64.dll (00007FF9C8340000), size: 1187840 (result: 0), SymType: '-deferred-', PDB: ''
C:\Windows\System32\combase.dll:combase.dll (00007FF9FEF30000), size: 3706880 (result: 0), SymType: '-deferred-', PDB: '', fileVersion: 10.0.22621.2506
C:\Windows\System32\SETUPAPI.dll:SETUPAPI.dll (00007FF9FE930000), size: 4669440 (result: 0), SymType: '-deferred-', PDB: '', fileVersion: 10.0.22621.2506
C:\Windows\System32\WS2_32.dll:WS2_32.dll (00007FF9FE8B0000), size: 462848 (result: 0), SymType: '-deferred-', PDB: '', fileVersion: 10.0.22621.1
C:\Windows\System32\OLEAUT32.dll:OLEAUT32.dll (00007FF9FD840000), size: 880640 (result: 0), SymType: '-deferred-', PDB: '', fileVersion: 10.0.22621.2506
C:\Windows\System32\WINTRUST.dll:WINTRUST.dll (00007FF9FCC90000), size: 442368 (result: 0), SymType: '-deferred-', PDB: '', fileVersion: 10.0.22621.2506
C:\Windows\SYSTEM32\OPENGL32.dll:OPENGL32.dll (00007FF99B6B0000), size: 1048576 (result: 0), SymType: '-deferred-', PDB: '', fileVersion: 10.0.22621.2506
C:\Windows\SYSTEM32\GLU32.dll:GLU32.dll (00007FF9E0750000), size: 184320 (result: 0), SymType: '-deferred-', PDB: '', fileVersion: 10.0.22621.2506
C:\Windows\SYSTEM32\IPHLPAPI.DLL:IPHLPAPI.DLL (00007FF9FB6E0000), size: 184320 (result: 0), SymType: '-deferred-', PDB: '', fileVersion: 10.0.22621.1
C:\Windows\SYSTEM32\WINHTTP.dll:WINHTTP.dll (00007FF9F6910000), size: 1273856 (result: 0), SymType: '-deferred-', PDB: '', fileVersion: 10.0.22621.2506
C:\Windows\SYSTEM32\bcrypt.dll:bcrypt.dll (00007FF9FC530000), size: 163840 (result: 0), SymType: '-deferred-', PDB: '', fileVersion: 10.0.22621.2506
C:\Windows\SYSTEM32\WINMM.dll:WINMM.dll (00007FF9F1FB0000), size: 212992 (result: 0), SymType: '-deferred-', PDB: '', fileVersion: 10.0.22621.2506
C:\Windows\SYSTEM32\HID.DLL:HID.DLL (00007FF9FB490000), size: 57344 (result: 0), SymType: '-deferred-', PDB: '', fileVersion: 10.0.22621.1
C:\Windows\SYSTEM32\dwmapi.dll:dwmapi.dll (00007FF9F9F60000), size: 176128 (result: 0), SymType: '-deferred-', PDB: '', fileVersion: 10.0.22621.2506
C:\Windows\SYSTEM32\dxgi.dll:dxgi.dll (00007FF9F9E50000), size: 1015808 (result: 0), SymType: '-deferred-', PDB: '', fileVersion: 10.0.22621.2506
C:\Windows\SYSTEM32\d3d11.dll:d3d11.dll (00007FF9F8C20000), size: 2453504 (result: 0), SymType: '-deferred-', PDB: '', fileVersion: 10.0.22621.2506
C:\Windows\SYSTEM32\d3d12.dll:d3d12.dll (00007FF9EDF90000), size: 167936 (result: 0), SymType: '-deferred-', PDB: '', fileVersion: 10.0.22621.2506
E:\Program Files\Unity\2023.1.19f1\Editor\SketchUpAPI.dll:SketchUpAPI.dll (00007FF9B72C0000), size: 8990720 (result: 0), SymType: '-deferred-', PDB: '', fileVersion: 23.0.0.0
C:\Windows\SYSTEM32\MSVCP140.dll:MSVCP140.dll (00007FF9DEEA0000), size: 581632 (result: 0), SymType: '-deferred-', PDB: '', fileVersion: 14.36.32532.0
C:\Windows\SYSTEM32\VCRUNTIME140.dll:VCRUNTIME140.dll (00007FF9DEE30000), size: 110592 (result: 0), SymType: '-deferred-', PDB: '', fileVersion: 14.36.32532.0
C:\Windows\SYSTEM32\VCRUNTIME140_1.dll:VCRUNTIME140_1.dll (00007FF9E03F0000), size: 49152 (result: 0), SymType: '-deferred-', PDB: '', fileVersion: 14.36.32532.0
C:\Windows\SYSTEM32\VERSION.dll:VERSION.dll (00007FF9F3290000), size: 40960 (result: 0), SymType: '-deferred-', PDB: '', fileVersion: 10.0.22621.1
E:\Program Files\Unity\2023.1.19f1\Editor\NativeProxyHelper.dll:NativeProxyHelper.dll (00007FF9C7F90000), size: 1667072 (result: 0), SymType: '-deferred-', PDB: ''
C:\Windows\SYSTEM32\WSOCK32.dll:WSOCK32.dll (00007FF9F7C20000), size: 36864 (result: 0), SymType: '-deferred-', PDB: '', fileVersion: 10.0.22621.1
C:\Windows\SYSTEM32\Secur32.dll:Secur32.dll (00007FF9FBA40000), size: 49152 (result: 0), SymType: '-deferred-', PDB: '', fileVersion: 10.0.22621.1
C:\Windows\SYSTEM32\dxcore.dll:dxcore.dll (00007FF9F9E10000), size: 221184 (result: 0), SymType: '-deferred-', PDB: '', fileVersion: 10.0.22621.2506
E:\Program Files\Unity\2023.1.19f1\Editor\SketchUpCommonPreferences.dll:SketchUpCommonPreferences.dll (00007FF9EDF10000), size: 499712 (result: 0), SymType: '-deferred-', PDB: '', fileVersion: 23.0.0.0
C:\Windows\SYSTEM32\SSPICLI.DLL:SSPICLI.DLL (00007FF9FBEF0000), size: 270336 (result: 0), SymType: '-deferred-', PDB: '', fileVersion: 10.0.22621.2506
E:\Program Files\Unity\2023.1.19f1\Editor\OpenRL.dll:OpenRL.dll (0000023DBA0E0000), size: 12779520 (result: 0), SymType: '-deferred-', PDB: '', fileVersion: 1.5.0.2907
C:\Windows\SYSTEM32\MSVCR100.dll:MSVCR100.dll (00000000516B0000), size: 860160 (result: 0), SymType: '-deferred-', PDB: '', fileVersion: 10.0.40219.325
C:\Windows\SYSTEM32\MSVCP100.dll:MSVCP100.dll (0000000051610000), size: 622592 (result: 0), SymType: '-deferred-', PDB: '', fileVersion: 10.0.40219.325
E:\Program Files\Unity\2023.1.19f1\Editor\embree.dll:embree.dll (00007FF9B62D0000), size: 16711680 (result: 0), SymType: '-deferred-', PDB: '', fileVersion: 2.14.0.0
C:\Windows\SYSTEM32\cfgmgr32.DLL:cfgmgr32.DLL (00007FF9FC870000), size: 319488 (result: 0), SymType: '-deferred-', PDB: '', fileVersion: 10.0.22621.2506
C:\Windows\SYSTEM32\MSWSOCK.DLL:MSWSOCK.DLL (00007FF9FC110000), size: 430080 (result: 0), SymType: '-deferred-', PDB: '', fileVersion: 10.0.22621.2506
E:\Program Files\Unity\2023.1.19f1\Editor\tbb.dll:tbb.dll (00007FF9E0A10000), size: 303104 (result: 0), SymType: '-deferred-', PDB: '', fileVersion: 2020.3.2022.1111
E:\Program Files\Unity\2023.1.19f1\Editor\OpenRL_pthread.dll:OpenRL_pthread.dll (0000023DBAD30000), size: 61440 (result: 0), SymType: '-deferred-', PDB: '', fileVersion: 2.9.0.0
C:\Windows\SYSTEM32\MSASN1.dll:MSASN1.dll (00007FF9FC8F0000), size: 73728 (result: 0), SymType: '-deferred-', PDB: '', fileVersion: 10.0.22621.2506
C:\Windows\System32\bcryptprimitives.dll:bcryptprimitives.dll (00007FF9FCE20000), size: 499712 (result: 0), SymType: '-deferred-', PDB: '', fileVersion: 10.0.22621.2506
C:\Windows\SYSTEM32\kernel.appcore.dll:kernel.appcore.dll (00007FF9FBC70000), size: 98304 (result: 0), SymType: '-deferred-', PDB: '', fileVersion: 10.0.22621.2715
C:\Windows\system32\uxtheme.dll:uxtheme.dll (00007FF9F9CE0000), size: 700416 (result: 0), SymType: '-deferred-', PDB: '', fileVersion: 10.0.22621.2506
C:\Windows\SYSTEM32\windows.storage.dll:windows.storage.dll (00007FF9FAB90000), size: 9388032 (result: 0), SymType: '-deferred-', PDB: '', fileVersion: 10.0.22621.2715
C:\Windows\SYSTEM32\wintypes.dll:wintypes.dll (00007FF9FAA50000), size: 1302528 (result: 0), SymType: '-deferred-', PDB: '', fileVersion: 10.0.22621.2506
C:\Windows\System32\SHCORE.dll:SHCORE.dll (00007FF9FE420000), size: 995328 (result: 0), SymType: '-deferred-', PDB: '', fileVersion: 10.0.22621.2715
C:\Windows\SYSTEM32\profapi.dll:profapi.dll (00007FF9FCBC0000), size: 155648 (result: 0), SymType: '-deferred-', PDB: '', fileVersion: 10.0.22621.2506
C:\Windows\system32\IconCodecService.dll:IconCodecService.dll (00007FF9CABB0000), size: 36864 (result: 0), SymType: '-deferred-', PDB: '', fileVersion: 10.0.22621.1
C:\Windows\SYSTEM32\WindowsCodecs.dll:WindowsCodecs.dll (00007FF9F8090000), size: 1769472 (result: 0), SymType: '-deferred-', PDB: '', fileVersion: 10.0.22621.2506
C:\Windows\System32\clbcatq.dll:clbcatq.dll (00007FF9FDA40000), size: 720896 (result: 0), SymType: '-deferred-', PDB: '', fileVersion: 2001.12.10941.16384
C:\Windows\System32\netprofm.dll:netprofm.dll (00007FF9F5160000), size: 491520 (result: 0), SymType: '-deferred-', PDB: '', fileVersion: 10.0.22621.2506
C:\Windows\System32\npmproxy.dll:npmproxy.dll (00007FF9F2B40000), size: 98304 (result: 0), SymType: '-deferred-', PDB: '', fileVersion: 10.0.22621.2506
C:\Windows\System32\NSI.dll:NSI.dll (00007FF9FF8D0000), size: 36864 (result: 0), SymType: '-deferred-', PDB: '', fileVersion: 10.0.22621.1
C:\Windows\SYSTEM32\dhcpcsvc6.DLL:dhcpcsvc6.DLL (00007FF9F4630000), size: 102400 (result: 0), SymType: '-deferred-', PDB: '', fileVersion: 10.0.22621.2506
C:\Windows\SYSTEM32\dhcpcsvc.DLL:dhcpcsvc.DLL (00007FF9F4610000), size: 126976 (result: 0), SymType: '-deferred-', PDB: '', fileVersion: 10.0.22621.2506
C:\Windows\SYSTEM32\DNSAPI.dll:DNSAPI.dll (00007FF9FB710000), size: 1019904 (result: 0), SymType: '-deferred-', PDB: '', fileVersion: 10.0.22621.2506
C:\Windows\system32\napinsp.dll:napinsp.dll (00007FF9D94A0000), size: 94208 (result: 0), SymType: '-deferred-', PDB: '', fileVersion: 10.0.22621.1
C:\Windows\system32\pnrpnsp.dll:pnrpnsp.dll (00007FF9EC900000), size: 110592 (result: 0), SymType: '-deferred-', PDB: '', fileVersion: 10.0.22621.1
C:\Windows\System32\winrnr.dll:winrnr.dll (00007FF9F3600000), size: 69632 (result: 0), SymType: '-deferred-', PDB: '', fileVersion: 10.0.22621.1
C:\Windows\system32\wshbth.dll:wshbth.dll (00007FF9F4850000), size: 86016 (result: 0), SymType: '-deferred-', PDB: '', fileVersion: 10.0.22621.2506
C:\Windows\system32\nlansp_c.dll:nlansp_c.dll (00007FF9F35D0000), size: 135168 (result: 0), SymType: '-deferred-', PDB: '', fileVersion: 10.0.22621.2506
C:\Program Files\Bonjour\mdnsNSP.dll:mdnsNSP.dll (0000000051790000), size: 155648 (result: 0), SymType: '-deferred-', PDB: '', fileVersion: 3.0.0.10
C:\Windows\System32\fwpuclnt.dll:fwpuclnt.dll (00007FF9F3200000), size: 536576 (result: 0), SymType: '-deferred-', PDB: '', fileVersion: 10.0.22621.2506
C:\Windows\System32\rasadhlp.dll:rasadhlp.dll (00007FF9F4840000), size: 40960 (result: 0), SymType: '-deferred-', PDB: '', fileVersion: 10.0.22621.1
E:\Program Files\Unity\2023.1.19f1\Editor\NVUnityPlugin.DLL:NVUnityPlugin.DLL (00007FF9C3CC0000), size: 1519616 (result: 0), SymType: '-deferred-', PDB: ''
E:\Program Files\Unity\2023.1.19f1\Editor\Data\Tools\astcenc-avx2.dll:astcenc-avx2.dll (00007FF9E0850000), size: 540672 (result: 0), SymType: '-deferred-', PDB: ''
C:\Windows\System32\MMDevApi.dll:MMDevApi.dll (00007FF9E35D0000), size: 643072 (result: 0), SymType: '-deferred-', PDB: '', fileVersion: 10.0.22621.2506
C:\Windows\System32\DEVOBJ.dll:DEVOBJ.dll (00007FF9FC840000), size: 180224 (result: 0), SymType: '-deferred-', PDB: '', fileVersion: 10.0.22621.2506
C:\Users\sebol\OneDrive\Pulpit\ASSIG4\Assig4_ls\Assignment_4_LightAndSound_SwanseaRailStation\Library\PackageCache\com.unity.dt.app-ui@0.5.1\Runtime\Core\Platform\Windows\Plugins\x64\AppUINativePlugin.dll:AppUINativePlugin.dll (00007FF9E0800000), size: 28672 (result: 0), SymType: '-deferred-', PDB: ''
C:\Users\sebol\OneDrive\Pulpit\ASSIG4\Assig4_ls\Assignment_4_LightAndSound_SwanseaRailStation\Library\PackageCache\com.unity.xr.oculus@4.1.1\Runtime\x64\AudioPluginOculusSpatializer.dll:AudioPluginOculusSpatializer.dll (00007FF99AE90000), size: 2899968 (result: 0), SymType: '-deferred-', PDB: ''
C:\Windows\SYSTEM32\directxdatabasehelper.dll:directxdatabasehelper.dll (00007FF9F6BE0000), size: 303104 (result: 0), SymType: '-deferred-', PDB: '', fileVersion: 10.0.22621.2506
C:\Windows\System32\DriverStore\FileRepository\nvamig.inf_amd64_d82343effbb3fded\nvldumdx.dll:nvldumdx.dll (00007FF9F32A0000), size: 770048 (result: 0), SymType: '-deferred-', PDB: '', fileVersion: 31.0.15.3758
C:\Windows\SYSTEM32\cryptnet.dll:cryptnet.dll (00007FF9F31C0000), size: 204800 (result: 0), SymType: '-deferred-', PDB: '', fileVersion: 10.0.22621.1
C:\Windows\SYSTEM32\drvstore.dll:drvstore.dll (00007FF9F3060000), size: 1409024 (result: 0), SymType: '-deferred-', PDB: '', fileVersion: 10.0.22621.2506
C:\Windows\SYSTEM32\wldp.dll:wldp.dll (00007FF9FC410000), size: 307200 (result: 0), SymType: '-deferred-', PDB: '', fileVersion: 10.0.22621.2506
C:\Windows\SYSTEM32\cryptbase.dll:cryptbase.dll (00007FF9FC360000), size: 49152 (result: 0), SymType: '-deferred-', PDB: '', fileVersion: 10.0.22621.1
C:\Windows\System32\imagehlp.dll:imagehlp.dll (00007FF9FF710000), size: 126976 (result: 0), SymType: '-deferred-', PDB: '', fileVersion: 10.0.22621.1
C:\Windows\SYSTEM32\CRYPTSP.dll:CRYPTSP.dll (00007FF9FC370000), size: 110592 (result: 0), SymType: '-deferred-', PDB: '', fileVersion: 10.0.22621.2506
C:\Windows\system32\rsaenh.dll:rsaenh.dll (00007FF9FBBD0000), size: 217088 (result: 0), SymType: '-deferred-', PDB: '', fileVersion: 10.0.22621.1
C:\Windows\System32\DriverStore\FileRepository\nvamig.inf_amd64_d82343effbb3fded\nvwgf2umx.dll:nvwgf2umx.dll (00007FF9E59A0000), size: 99475456 (result: 0), SymType: '-deferred-', PDB: '', fileVersion: 31.0.15.3758
C:\Windows\System32\DriverStore\FileRepository\nvamig.inf_amd64_d82343effbb3fded\Display.NvContainer\MessageBus.dll:MessageBus.dll (00007FF9ED550000), size: 7565312 (result: 0), SymType: '-deferred-', PDB: '', fileVersion: 1.22.2758.1620
C:\Windows\system32\wbem\wbemprox.dll:wbemprox.dll (00007FF9F29E0000), size: 65536 (result: 0), SymType: '-deferred-', PDB: '', fileVersion: 10.0.22621.2506
C:\Windows\SYSTEM32\wbemcomn.dll:wbemcomn.dll (00007FF9F1080000), size: 524288 (result: 0), SymType: '-deferred-', PDB: '', fileVersion: 10.0.22621.2506
C:\Windows\system32\wbem\wbemsvc.dll:wbemsvc.dll (00007FF9F0830000), size: 81920 (result: 0), SymType: '-deferred-', PDB: '', fileVersion: 10.0.22621.2506
C:\Windows\system32\wbem\fastprox.dll:fastprox.dll (00007FF9F0850000), size: 1015808 (result: 0), SymType: '-deferred-', PDB: '', fileVersion: 10.0.22621.2506
C:\Windows\SYSTEM32\amsi.dll:amsi.dll (00007FF9F0550000), size: 118784 (result: 0), SymType: '-deferred-', PDB: '', fileVersion: 10.0.22621.1
C:\Windows\SYSTEM32\USERENV.dll:USERENV.dll (00007FF9FC200000), size: 180224 (result: 0), SymType: '-deferred-', PDB: '', fileVersion: 10.0.22621.2506
C:\Program Files (x86)\Kaspersky Lab\Kaspersky 21.15\x64\com_antivirus.dll:com_antivirus.dll (00007FF9F0330000), size: 2224128 (result: 0), SymType: '-deferred-', PDB: '', fileVersion: 30.1486.0.400
C:\Windows\SYSTEM32\DPAPI.DLL:DPAPI.DLL (00007FF9FC8E0000), size: 40960 (result: 0), SymType: '-deferred-', PDB: '', fileVersion: 10.0.22621.1
C:\Windows\SYSTEM32\opencl.dll:opencl.dll (00007FF9B59D0000), size: 1490944 (result: 0), SymType: '-deferred-', PDB: '', fileVersion: 3.0.3.0
E:\Program Files\Unity\2023.1.19f1\Editor\radeonrays.dll:radeonrays.dll (00007FF9E0040000), size: 557056 (result: 0), SymType: '-deferred-', PDB: ''
E:\Program Files\Unity\2023.1.19f1\Editor\Data\MonoBleedingEdge\EmbedRuntime\mono-2.0-bdwgc.dll:mono-2.0-bdwgc.dll (00007FF9A86D0000), size: 10752000 (result: 0), SymType: '-deferred-', PDB: ''
C:\Windows\SYSTEM32\PROPSYS.dll:PROPSYS.dll (00007FF9F7C80000), size: 1052672 (result: 0), SymType: '-deferred-', PDB: '', fileVersion: 7.0.22621.2506
C:\Windows\SYSTEM32\edputil.dll:edputil.dll (00007FF9DD000000), size: 163840 (result: 0), SymType: '-deferred-', PDB: '', fileVersion: 10.0.22621.1
C:\Windows\System32\Windows.StateRepositoryPS.dll:Windows.StateRepositoryPS.dll (00007FF9E30E0000), size: 962560 (result: 0), SymType: '-deferred-', PDB: '', fileVersion: 10.0.22621.2506
C:\Windows\SYSTEM32\urlmon.dll:urlmon.dll (00007FF9DCCC0000), size: 2031616 (result: 0), SymType: '-deferred-', PDB: '', fileVersion: 11.0.22621.2506
C:\Windows\SYSTEM32\iertutil.dll:iertutil.dll (00007FF9E0B40000), size: 2867200 (result: 0), SymType: '-deferred-', PDB: '', fileVersion: 11.0.22621.2506
C:\Windows\SYSTEM32\srvcli.dll:srvcli.dll (00007FF9DCC90000), size: 163840 (result: 0), SymType: '-deferred-', PDB: '', fileVersion: 10.0.22621.2506
C:\Windows\SYSTEM32\netutils.dll:netutils.dll (00007FF9FB810000), size: 49152 (result: 0), SymType: '-deferred-', PDB: '', fileVersion: 10.0.22621.2506
C:\Windows\SYSTEM32\virtdisk.dll:virtdisk.dll (00007FF9DC610000), size: 86016 (result: 0), SymType: '-deferred-', PDB: '', fileVersion: 10.0.22621.2506
C:\Windows\System32\appresolver.dll:appresolver.dll (00007FF9DC570000), size: 643072 (result: 0), SymType: '-deferred-', PDB: '', fileVersion: 10.0.22621.2506
C:\Windows\System32\Bcp47Langs.dll:Bcp47Langs.dll (00007FF9E0680000), size: 393216 (result: 0), SymType: '-deferred-', PDB: '', fileVersion: 10.0.22621.2506
C:\Windows\System32\OneCoreUAPCommonProxyStub.dll:OneCoreUAPCommonProxyStub.dll (00007FF9F3630000), size: 6443008 (result: 0), SymType: '-deferred-', PDB: '', fileVersion: 10.0.22621.2506
C:\Windows\SYSTEM32\dbghelp.dll:dbghelp.dll (00007FF9FA770000), size: 2306048 (result: 0), SymType: '-deferred-', PDB: '', fileVersion: 10.0.22621.2506

========== OUTPUTTING STACK TRACE ==================

0x00007FF94DE05707 (Unity) core::hash_set<core::pair<core::basic_string<char,core::StringStorageDefault<char> > const ,int,1>,core::hash_pair<core::hash<core::basic_string<char,core::StringStorageDefault<char> > >,core::basic_string<char,core::StringStorageDefault<char> >,int>,core::equal_pair<std::equal_to<core::basic_string<char,core::StringStorageDefault<char> > >,core::basic_string<char,core::StringStorageDefault<char> >,int> >::lookup<core::basic_string<char,core::StringStorageDefault<char> >,core::equal_pair<std::equal_to<core::basic_string<char,core::StringStorageDefault<char> > >,core::basic_string<char,core::StringStorageDefault<char> >,int> >
0x00007FF94E251199 (Unity) keywords::LocalSpace::Find
0x00007FF94E251D54 (Unity) keywords::KeywordRemap::Init
0x00007FF94E27DB4A (Unity) ShaderLab::IntShader::CreateKeywordRemap
0x00007FF94E280455 (Unity) ShaderLab::IntShader::ResolveFallback
0x00007FF94E21B6DF (Unity) ShaderFromSerializedShaderMainThread
0x00007FF94FCD0631 (Unity) Shader::CreateFromParsedForm
0x00007FF94FCCF595 (Unity) Shader::AwakeFromLoad
0x00007FF94E57C1BF (Unity) AwakeFromLoadQueue::InvokePersistentManagerAwake
0x00007FF94E57CF7B (Unity) AwakeFromLoadQueue::PersistentManagerAwakeFromLoad_NoChecks
0x00007FF94E54F769 (Unity) PersistentManager::IntegrateAllThreadedObjects
0x00007FF94E550080 (Unity) PersistentManager::LoadAndIntegrateAllPreallocatedObjects
0x00007FF94E550F2C (Unity) PersistentManager::LoadObjects
0x00007FF94F93CFDA (Unity) ReloadAssetIfLoaded
0x00007FF94F9034E6 (Unity) ReloadUpdatedAssets
0x00007FF94F8F6A87 (Unity) <lambda_5a262ca767fde303e1070250bc994434>::operator()
0x00007FF94F93382E (Unity) asio::detail::completion_handler<core::mutable_function<void __cdecl(void)>,asio::io_context::basic_executor_type<std::allocator<void>,0> >::do_complete
0x00007FF94F91FC0E (Unity) asio::detail::win_iocp_io_context::do_one
0x00007FF94F921874 (Unity) asio::detail::win_iocp_io_context::run
0x00007FF94F931DAC (Unity) IOService::Run
0x00007FF94F9042FF (Unity) AssetImportWorkerClient::Run
0x00007FF94F8CE1B3 (Unity) RunAssetImportWorkerClientV2
0x00007FF94F8CE23B (Unity) RunAssetImporterV2
0x00007FF94F0E34B0 (Unity) Application::InitializeProject
0x00007FF94F55DEA5 (Unity) UnityMain
0x00007FF7AA4B29FA (Unity) __scrt_common_main_seh
0x00007FF9FF46257D (KERNEL32) BaseThreadInitThunk
0x00007FF9FF9AAA58 (ntdll) RtlUserThreadStart

========== END OF STACKTRACE ===========

A crash has been intercepted by the crash handler. For call stack and other details, see the latest crash report generated in:
 * C:/Users/sebol/AppData/Local/Temp/Unity/Editor/Crashes
