Using pre-set license
Built from '2023.1/staging' branch; Version is '2023.1.19f1 (629111e352bc) revision 6459665'; Using compiler version '192829333'; Build Type 'Release'
OS: 'Windows 11  (10.0.22621) 64bit Professional' Language: 'pl' Physical Memory: 64943 MB
BatchMode: 1, IsHumanControllingUs: 0, StartBugReporterOnCrash: 0, Is64bit: 1, IsPro: 1

COMMAND LINE ARGUMENTS:
E:\Program Files\Unity\2023.1.19f1\Editor\Unity.exe
-adb2
-batchMode
-noUpm
-name
AssetImportWorker2
-projectPath
D:/IMPERIUM/PROJEKTY/GRY/Unity_cleared/TheRealOneStationSwansea/Assignment_4_LightAndSound_SwanseaRailStation
-logFile
Logs/AssetImportWorker2.log
-srvPort
51264
Successfully changed project path to: D:/IMPERIUM/PROJEKTY/GRY/Unity_cleared/TheRealOneStationSwansea/Assignment_4_LightAndSound_SwanseaRailStation
D:/IMPERIUM/PROJEKTY/GRY/Unity_cleared/TheRealOneStationSwansea/Assignment_4_LightAndSound_SwanseaRailStation
[UnityMemory] Configuration Parameters - Can be set up in boot.config
    "memorysetup-bucket-allocator-granularity=16"
    "memorysetup-bucket-allocator-bucket-count=8"
    "memorysetup-bucket-allocator-block-size=33554432"
    "memorysetup-bucket-allocator-block-count=8"
    "memorysetup-main-allocator-block-size=16777216"
    "memorysetup-thread-allocator-block-size=16777216"
    "memorysetup-gfx-main-allocator-block-size=16777216"
    "memorysetup-gfx-thread-allocator-block-size=16777216"
    "memorysetup-cache-allocator-block-size=4194304"
    "memorysetup-typetree-allocator-block-size=2097152"
    "memorysetup-profiler-bucket-allocator-granularity=16"
    "memorysetup-profiler-bucket-allocator-bucket-count=8"
    "memorysetup-profiler-bucket-allocator-block-size=33554432"
    "memorysetup-profiler-bucket-allocator-block-count=8"
    "memorysetup-profiler-allocator-block-size=16777216"
    "memorysetup-profiler-editor-allocator-block-size=1048576"
    "memorysetup-temp-allocator-size-main=16777216"
    "memorysetup-job-temp-allocator-block-size=2097152"
    "memorysetup-job-temp-allocator-block-size-background=1048576"
    "memorysetup-job-temp-allocator-reduction-small-platforms=262144"
    "memorysetup-allocator-temp-initial-block-size-main=262144"
    "memorysetup-allocator-temp-initial-block-size-worker=262144"
    "memorysetup-temp-allocator-size-background-worker=32768"
    "memorysetup-temp-allocator-size-job-worker=262144"
    "memorysetup-temp-allocator-size-preload-manager=33554432"
    "memorysetup-temp-allocator-size-nav-mesh-worker=65536"
    "memorysetup-temp-allocator-size-audio-worker=65536"
    "memorysetup-temp-allocator-size-cloud-worker=32768"
    "memorysetup-temp-allocator-size-gi-baking-worker=262144"
    "memorysetup-temp-allocator-size-gfx=262144"
Player connection [2960] Host "[IP] 192.168.4.31 [Port] 0 [Flags] 2 [Guid] 4244924819 [EditorId] 4244924819 [Version] 1048832 [Id] WindowsEditor(7,HPS) [Debug] 1 [PackageName] WindowsEditor [ProjectName] Editor" joined multi-casting on [225.0.0.222:54997]...

Player connection [2960] Host "[IP] 192.168.4.31 [Port] 0 [Flags] 2 [Guid] 4244924819 [EditorId] 4244924819 [Version] 1048832 [Id] WindowsEditor(7,HPS) [Debug] 1 [PackageName] WindowsEditor [ProjectName] Editor" joined alternative multi-casting on [225.0.0.222:34997]...

[Physics::Module] Initialized MultithreadedJobDispatcher with 15 workers.
Library Redirect Path: Library/Refreshing native plugins compatible for Editor in 9.50 ms, found 4 plugins.
Preloading 2 native plugins for Editor in 1.36 ms.
Initialize engine version: 2023.1.19f1 (629111e352bc)
[Subsystems] Discovering subsystems at path E:/Program Files/Unity/2023.1.19f1/Editor/Data/Resources/UnitySubsystems
[Subsystems] Discovering subsystems at path D:/IMPERIUM/PROJEKTY/GRY/Unity_cleared/TheRealOneStationSwansea/Assignment_4_LightAndSound_SwanseaRailStation/Assets
GfxDevice: creating device client; threaded=0; jobified=0
Direct3D:
    Version:  Direct3D 11.0 [level 11.1]
    Renderer: NVIDIA GeForce RTX 3080 Laptop GPU (ID=0x249c)
    Vendor:   NVIDIA
    VRAM:     16191 MB
    Driver:   31.0.15.3758
Initialize mono
Mono path[0] = 'E:/Program Files/Unity/2023.1.19f1/Editor/Data/Managed'
Mono path[1] = 'E:/Program Files/Unity/2023.1.19f1/Editor/Data/MonoBleedingEdge/lib/mono/unityjit-win32'
Mono config path = 'E:/Program Files/Unity/2023.1.19f1/Editor/Data/MonoBleedingEdge/etc'
Using monoOptions --debugger-agent=transport=dt_socket,embedding=1,server=y,suspend=n,address=127.0.0.1:56280
Begin MonoManager ReloadAssembly
C:\build\output\Unity-Technologies\mono\mono\metadata\icall.c:1842:
C:\build\output\Unity-Technologies\mono\mono\metadata\icall.c:1842:
C:\build\output\Unity-Technologies\mono\mono\metadata\icall.c:1842:
C:\build\output\Unity-Technologies\mono\mono\metadata\icall.c:1842:
C:\build\output\Unity-Technologies\mono\mono\metadata\icall.c:1842:
C:\build\output\Unity-Technologies\mono\mono\metadata\icall.c:1842:
C:\build\output\Unity-Technologies\mono\mono\metadata\icall.c:1842:
C:\build\output\Unity-Technologies\mono\mono\metadata\icall.c:1842:
C:\build\output\Unity-Technologies\mono\mono\metadata\icall.c:1842:
C:\build\output\Unity-Technologies\mono\mono\metadata\icall.c:1842:
Registering precompiled unity dll's ...
Register platform support module: E:/Program Files/Unity/2023.1.19f1/Editor/Data/PlaybackEngines/WindowsStandaloneSupport/UnityEditor.WindowsStandalone.Extensions.dll
Register platform support module: E:/Program Files/Unity/2023.1.19f1/Editor/Data/PlaybackEngines/AndroidPlayer/UnityEditor.Android.Extensions.dll
Registered in 0.002825 seconds.
- Loaded All Assemblies, in  0.454 seconds
Native extension for Android target not found
Android Extension - Scanning For ADB Devices 353 ms
Native extension for WindowsStandalone target not found
Mono: successfully reloaded assembly
C:\build\output\Unity-Technologies\mono\mono\metadata\icall.c:1842:
C:\build\output\Unity-Technologies\mono\mono\metadata\icall.c:1842:
- Finished resetting the current domain, in  0.744 seconds
Domain Reload Profiling: 1198ms
	BeginReloadAssembly (181ms)
		ExecutionOrderSort (0ms)
		DisableScriptedObjects (0ms)
		BackupInstance (0ms)
		ReleaseScriptingObjects (0ms)
		CreateAndSetChildDomain (1ms)
	RebuildCommonClasses (48ms)
	RebuildNativeTypeToScriptingClass (15ms)
	initialDomainReloadingComplete (45ms)
	LoadAllAssembliesAndSetupDomain (165ms)
		LoadAssemblies (180ms)
		RebuildTransferFunctionScriptingTraits (0ms)
		AnalyzeDomain (162ms)
			TypeCache.Refresh (161ms)
				TypeCache.ScanAssembly (150ms)
			ScanForSourceGeneratedMonoScriptInfo (0ms)
			ResolveRequiredComponents (0ms)
	FinalizeReload (744ms)
		ReleaseScriptCaches (0ms)
		RebuildScriptCaches (0ms)
		SetupLoadedEditorAssemblies (695ms)
			LogAssemblyErrors (0ms)
			InitializePlatformSupportModulesInManaged (473ms)
			SetLoadedEditorAssemblies (3ms)
			BeforeProcessingInitializeOnLoad (8ms)
			ProcessInitializeOnLoadAttributes (149ms)
			ProcessInitializeOnLoadMethodAttributes (62ms)
			AfterProcessingInitializeOnLoad (0ms)
			EditorAssembliesLoaded (0ms)
		ExecutionOrderSort2 (0ms)
		AwakeInstancesAfterBackupRestoration (0ms)
========================================================================
Worker process is ready to serve import requests
Import Worker Mode flag is 0x00
Begin MonoManager ReloadAssembly
C:\build\output\Unity-Technologies\mono\mono\metadata\icall.c:1842:
C:\build\output\Unity-Technologies\mono\mono\metadata\icall.c:1842:
C:\build\output\Unity-Technologies\mono\mono\metadata\icall.c:1842:
C:\build\output\Unity-Technologies\mono\mono\metadata\icall.c:1842:
C:\build\output\Unity-Technologies\mono\mono\metadata\icall.c:1842:
C:\build\output\Unity-Technologies\mono\mono\metadata\icall.c:1842:
C:\build\output\Unity-Technologies\mono\mono\metadata\icall.c:1842:
C:\build\output\Unity-Technologies\mono\mono\metadata\icall.c:1842:
C:\build\output\Unity-Technologies\mono\mono\metadata\icall.c:1842:
C:\build\output\Unity-Technologies\mono\mono\metadata\icall.c:1842:
C:\build\output\Unity-Technologies\mono\mono\metadata\icall.c:1842:
C:\build\output\Unity-Technologies\mono\mono\metadata\icall.c:1842:
- Loaded All Assemblies, in  0.870 seconds
Refreshing native plugins compatible for Editor in 6.10 ms, found 4 plugins.
Native extension for Android target not found
Native extension for WindowsStandalone target not found
System.Reflection.TargetInvocationException: Exception has been thrown by the target of an invocation. ---> System.NullReferenceException: Object reference not set to an instance of an object
  at Unity.XR.Oculus.OculusLoader.AssetPathToAbsolutePath (System.String assetPath) [0x00040] in .\Library\PackageCache\com.unity.xr.oculus@4.1.1\Runtime\OculusLoader.cs:287 
  at Unity.XR.Oculus.OculusLoader.EditorLoadOVRPlugin () [0x00084] in .\Library\PackageCache\com.unity.xr.oculus@4.1.1\Runtime\OculusLoader.cs:272 
  at (wrapper managed-to-native) System.Reflection.RuntimeMethodInfo.InternalInvoke(System.Reflection.RuntimeMethodInfo,object,object[],System.Exception&)
  at System.Reflection.RuntimeMethodInfo.Invoke (System.Object obj, System.Reflection.BindingFlags invokeAttr, System.Reflection.Binder binder, System.Object[] parameters, System.Globalization.CultureInfo culture) [0x0006a] in <cb3602b5bf2148caa08db7780ec02b19>:0 
   --- End of inner exception stack trace ---
  at System.Reflection.RuntimeMethodInfo.Invoke (System.Object obj, System.Reflection.BindingFlags invokeAttr, System.Reflection.Binder binder, System.Object[] parameters, System.Globalization.CultureInfo culture) [0x00083] in <cb3602b5bf2148caa08db7780ec02b19>:0 
  at System.Reflection.MethodBase.Invoke (System.Object obj, System.Object[] parameters) [0x00000] in <cb3602b5bf2148caa08db7780ec02b19>:0 
  at UnityEditor.EditorAssemblies.ProcessInitializeOnLoadMethodAttributes () [0x00056] in <67d1ed7258bf49b19e780d91cc47c581>:0 
Mono: successfully reloaded assembly
Package Manager log level set to [2]
[Package Manager] Failed to launch server process. Reason: Unity was launched with the -noUpm command-line argument
[Package Manager] Unable to send message (not connected to server process).
[Package Manager] Cannot connect to Unity Package Manager local server
[Package Manager] Failed to launch server process. Reason: Unity was launched with the -noUpm command-line argument
[Package Manager] Unable to send message (not connected to server process).
[Package Manager] Cannot connect to Unity Package Manager local server
- Finished resetting the current domain, in  0.778 seconds
Domain Reload Profiling: 1648ms
	BeginReloadAssembly (298ms)
		ExecutionOrderSort (0ms)
		DisableScriptedObjects (5ms)
		BackupInstance (0ms)
		ReleaseScriptingObjects (0ms)
		CreateAndSetChildDomain (31ms)
	RebuildCommonClasses (31ms)
	RebuildNativeTypeToScriptingClass (13ms)
	initialDomainReloadingComplete (27ms)
	LoadAllAssembliesAndSetupDomain (500ms)
		LoadAssemblies (342ms)
		RebuildTransferFunctionScriptingTraits (0ms)
		AnalyzeDomain (293ms)
			TypeCache.Refresh (259ms)
				TypeCache.ScanAssembly (244ms)
			ScanForSourceGeneratedMonoScriptInfo (23ms)
			ResolveRequiredComponents (10ms)
	FinalizeReload (779ms)
		ReleaseScriptCaches (0ms)
		RebuildScriptCaches (0ms)
		SetupLoadedEditorAssemblies (524ms)
			LogAssemblyErrors (0ms)
			InitializePlatformSupportModulesInManaged (21ms)
			SetLoadedEditorAssemblies (4ms)
			BeforeProcessingInitializeOnLoad (97ms)
			ProcessInitializeOnLoadAttributes (339ms)
			ProcessInitializeOnLoadMethodAttributes (61ms)
			AfterProcessingInitializeOnLoad (1ms)
			EditorAssembliesLoaded (0ms)
		ExecutionOrderSort2 (0ms)
		AwakeInstancesAfterBackupRestoration (5ms)
Launched and connected shader compiler UnityShaderCompiler.exe after 0.01 seconds
Refreshing native plugins compatible for Editor in 7.31 ms, found 4 plugins.
Preloading 2 native plugins for Editor in 0.10 ms.
Unloading 5585 Unused Serialized files (Serialized files now loaded: 0)
Unloading 103 unused Assets / (3.1 MB). Loaded Objects now: 6122.
Memory consumption went from 257.0 MB to 253.8 MB.
Total: 10.681700 ms (FindLiveObjects: 0.705500 ms CreateObjectMapping: 0.452900 ms MarkObjects: 8.293700 ms  DeleteObjects: 1.228100 ms)

AssetImportParameters requested are different than current active one (requested -> active):
  custom:video-decoder-webm-vp8: 9c59270c3fd7afecdb556c50c9e8de78 -> 
  custom:audio-encoder-webm-vorbis: bf7c407c2cedff20999df2af8eb42d56 -> 
  custom:AudioImporter_EditorPlatform: d09bf68614088b80899f8185d706f6e7 -> 
  custom:audio-decoder-ogg-vorbis: bf7c407c2cedff20999df2af8eb42d56 -> 
  custom:video-encoder-webm-vp8: eb34c28f22e8b96e1ab97ce403110664 -> 
  custom:container-demuxer-ogg: 62fdf1f143b41e24485cea50d1cbac27 -> 
  custom:framework-win-MediaFoundation: 216162199b28c13a410421893ffa2e32 -> 
  custom:video-decoder-ogg-theora: a1e56fd34408186e4bbccfd4996cb3dc -> 
  custom:container-muxer-webm: aa71ff27fc2769a1b78a27578f13a17b -> 
  custom:video-codec-MediaFoundation-h265: 746d11721c4dcdbdad8f713fa42b33f4 -> 
  custom:CustomObjectIndexerAttribute: d54d2f2da18e7612c182cf67624b6b12 -> 
  custom:container-demuxer-webm: 4f35f7cbe854078d1ac9338744f61a02 -> 
========================================================================
Received Import Request.
  Time since last request: 5183.345482 seconds.
  path: Assets/Platform/GatesMaterials/Gates.mat
  artifactKey: Guid(a59f0012ebb244c409a5c8193f4482c9) Importer(815301076,1909f56bfc062723c751e8b465ee728b)
Start importing Assets/Platform/GatesMaterials/Gates.mat using Guid(a59f0012ebb244c409a5c8193f4482c9) Importer(815301076,1909f56bfc062723c751e8b465ee728b)  -> (artifact id: 'aedbcc1f2d54f3b5ac3818dd685419dc') in 0.297911 seconds
Number of updated asset objects reloaded before import = 0
Number of asset objects unloaded after import = 4
========================================================================
Received Import Request.
  Time since last request: 2.841044 seconds.
  path: Assets/Platform/BusStop/Glass.mat
  artifactKey: Guid(494a772f16fbe964fa3060049d6c24fa) Importer(815301076,1909f56bfc062723c751e8b465ee728b)
Start importing Assets/Platform/BusStop/Glass.mat using Guid(494a772f16fbe964fa3060049d6c24fa) Importer(815301076,1909f56bfc062723c751e8b465ee728b)  -> (artifact id: 'b835a230ec76ef743b86973281a3f827') in 0.024271 seconds
Number of updated asset objects reloaded before import = 0
Number of asset objects unloaded after import = 2
========================================================================
Received Import Request.
  Time since last request: 75.801154 seconds.
  path: Assets/Platform/barrier_plexi_low1.prefab
  artifactKey: Guid(af3f78fbcd2c345499fbcb864c4334e0) Importer(815301076,1909f56bfc062723c751e8b465ee728b)
Start importing Assets/Platform/barrier_plexi_low1.prefab using Guid(af3f78fbcd2c345499fbcb864c4334e0) Importer(815301076,1909f56bfc062723c751e8b465ee728b)  -> (artifact id: 'b4b0fefa686459e3ffd60ead7e447f6d') in 0.033772 seconds
Number of updated asset objects reloaded before import = 0
Number of asset objects unloaded after import = 60
========================================================================
Received Import Request.
  Time since last request: 1.380442 seconds.
  path: Assets/Platform/barrier_plexi_low1.prefab
  artifactKey: Guid(af3f78fbcd2c345499fbcb864c4334e0) Importer(2089858483,934ff659095e30574adcf32a4c2f97b5)
Start importing Assets/Platform/barrier_plexi_low1.prefab using Guid(af3f78fbcd2c345499fbcb864c4334e0) Importer(2089858483,934ff659095e30574adcf32a4c2f97b5) Generated GUIDs only implemented for interfaces!
 -> (artifact id: 'a3860ce45aed0c158ca45c11f8c46421') in 0.128440 seconds
Number of updated asset objects reloaded before import = 0
Number of asset objects unloaded after import = 49
========================================================================
Received Import Request.
  Time since last request: 3.853938 seconds.
  path: Assets/Platform/barrier_plexi_low1.prefab
  artifactKey: Guid(af3f78fbcd2c345499fbcb864c4334e0) Importer(815301076,1909f56bfc062723c751e8b465ee728b)
Start importing Assets/Platform/barrier_plexi_low1.prefab using Guid(af3f78fbcd2c345499fbcb864c4334e0) Importer(815301076,1909f56bfc062723c751e8b465ee728b)  -> (artifact id: '8529a44868e5771d5f2f5d42e729211b') in 0.012286 seconds
Number of updated asset objects reloaded before import = 0
Number of asset objects unloaded after import = 60
========================================================================
Received Import Request.
  Time since last request: 0.944556 seconds.
  path: Assets/Platform/barrier_plexi_low1.prefab
  artifactKey: Guid(af3f78fbcd2c345499fbcb864c4334e0) Importer(2089858483,934ff659095e30574adcf32a4c2f97b5)
Start importing Assets/Platform/barrier_plexi_low1.prefab using Guid(af3f78fbcd2c345499fbcb864c4334e0) Importer(2089858483,934ff659095e30574adcf32a4c2f97b5) Generated GUIDs only implemented for interfaces!
 -> (artifact id: 'dd7f81f86ab4ef84c20aae20e43b1cb2') in 0.003295 seconds
Number of updated asset objects reloaded before import = 0
Number of asset objects unloaded after import = 49
========================================================================
Received Import Request.
  Time since last request: 4.296596 seconds.
  path: Assets/Platform/barrier_plexi_low1.prefab
  artifactKey: Guid(af3f78fbcd2c345499fbcb864c4334e0) Importer(815301076,1909f56bfc062723c751e8b465ee728b)
Start importing Assets/Platform/barrier_plexi_low1.prefab using Guid(af3f78fbcd2c345499fbcb864c4334e0) Importer(815301076,1909f56bfc062723c751e8b465ee728b)  -> (artifact id: '8cb3c6ec124ced03e687e9a0ea94c285') in 0.010811 seconds
Number of updated asset objects reloaded before import = 0
Number of asset objects unloaded after import = 60
========================================================================
Received Import Request.
  Time since last request: 0.950539 seconds.
  path: Assets/Platform/barrier_plexi_low1.prefab
  artifactKey: Guid(af3f78fbcd2c345499fbcb864c4334e0) Importer(2089858483,934ff659095e30574adcf32a4c2f97b5)
Start importing Assets/Platform/barrier_plexi_low1.prefab using Guid(af3f78fbcd2c345499fbcb864c4334e0) Importer(2089858483,934ff659095e30574adcf32a4c2f97b5) Generated GUIDs only implemented for interfaces!
 -> (artifact id: '0b33bf1835d982f9841dc62ea70df130') in 0.003443 seconds
Number of updated asset objects reloaded before import = 0
Number of asset objects unloaded after import = 49
========================================================================
Received Import Request.
  Time since last request: 5.540543 seconds.
  path: Assets/Platform/barrier_plexi_high.prefab
  artifactKey: Guid(601362e2b600aeb4bb72274bf009cbd1) Importer(815301076,1909f56bfc062723c751e8b465ee728b)
Start importing Assets/Platform/barrier_plexi_high.prefab using Guid(601362e2b600aeb4bb72274bf009cbd1) Importer(815301076,1909f56bfc062723c751e8b465ee728b)  -> (artifact id: '9f17ff271863e37fcaa9fefffebc569e') in 0.012090 seconds
Number of updated asset objects reloaded before import = 0
Number of asset objects unloaded after import = 60
========================================================================
Received Import Request.
  Time since last request: 1.313265 seconds.
  path: Assets/Platform/barrier_plexi_high.prefab
  artifactKey: Guid(601362e2b600aeb4bb72274bf009cbd1) Importer(2089858483,934ff659095e30574adcf32a4c2f97b5)
Start importing Assets/Platform/barrier_plexi_high.prefab using Guid(601362e2b600aeb4bb72274bf009cbd1) Importer(2089858483,934ff659095e30574adcf32a4c2f97b5) Generated GUIDs only implemented for interfaces!
 -> (artifact id: '0c94c99ea58cad76e515b77e4daaed84') in 0.003417 seconds
Number of updated asset objects reloaded before import = 0
Number of asset objects unloaded after import = 49
========================================================================
Received Import Request.
  Time since last request: 0.099263 seconds.
  path: Assets/Platform/barrier_plexi_high.prefab
  artifactKey: Guid(601362e2b600aeb4bb72274bf009cbd1) Importer(815301076,1909f56bfc062723c751e8b465ee728b)
Start importing Assets/Platform/barrier_plexi_high.prefab using Guid(601362e2b600aeb4bb72274bf009cbd1) Importer(815301076,1909f56bfc062723c751e8b465ee728b)  -> (artifact id: 'c93f0c4232e98cabf42fc868385adb7a') in 0.014417 seconds
Number of updated asset objects reloaded before import = 0
Number of asset objects unloaded after import = 60
========================================================================
Received Import Request.
  Time since last request: 2.991492 seconds.
  path: Assets/Platform/barrier_plexi_high.prefab
  artifactKey: Guid(601362e2b600aeb4bb72274bf009cbd1) Importer(815301076,1909f56bfc062723c751e8b465ee728b)
Start importing Assets/Platform/barrier_plexi_high.prefab using Guid(601362e2b600aeb4bb72274bf009cbd1) Importer(815301076,1909f56bfc062723c751e8b465ee728b)  -> (artifact id: 'cad50984b8fa1262ef00a4bf3e827451') in 0.011962 seconds
Number of updated asset objects reloaded before import = 0
Number of asset objects unloaded after import = 60
========================================================================
Received Import Request.
  Time since last request: 7.304252 seconds.
  path: Assets/Platform/barrier_plexi_high.prefab
  artifactKey: Guid(601362e2b600aeb4bb72274bf009cbd1) Importer(2089858483,934ff659095e30574adcf32a4c2f97b5)
Start importing Assets/Platform/barrier_plexi_high.prefab using Guid(601362e2b600aeb4bb72274bf009cbd1) Importer(2089858483,934ff659095e30574adcf32a4c2f97b5) Generated GUIDs only implemented for interfaces!
 -> (artifact id: 'a65e434c00fc7ae35e18f69689cb64e5') in 0.003393 seconds
Number of updated asset objects reloaded before import = 0
Number of asset objects unloaded after import = 49
========================================================================
Received Import Request.
  Time since last request: 342.843230 seconds.
  path: Assets/Platform/lamp_1.FBX
  artifactKey: Guid(6b4a83235417ad746ac9d5e576298694) Importer(815301076,1909f56bfc062723c751e8b465ee728b)
Start importing Assets/Platform/lamp_1.FBX using Guid(6b4a83235417ad746ac9d5e576298694) Importer(815301076,1909f56bfc062723c751e8b465ee728b)  -> (artifact id: 'c0c1eb1dee26ec1d53e8037e52b377a2') in 0.034479 seconds
Number of updated asset objects reloaded before import = 0
Number of asset objects unloaded after import = 18
========================================================================
Received Import Request.
  Time since last request: 0.921345 seconds.
  path: Assets/Platform/lamp_1.FBX
  artifactKey: Guid(6b4a83235417ad746ac9d5e576298694) Importer(2089858483,934ff659095e30574adcf32a4c2f97b5)
Start importing Assets/Platform/lamp_1.FBX using Guid(6b4a83235417ad746ac9d5e576298694) Importer(2089858483,934ff659095e30574adcf32a4c2f97b5) Generated GUIDs only implemented for interfaces!
 -> (artifact id: '4672a27671e2c0dc8fcc6a0e62cca31c') in 0.007549 seconds
Number of updated asset objects reloaded before import = 0
Number of asset objects unloaded after import = 9
========================================================================
Received Import Request.
  Time since last request: 9.357204 seconds.
  path: Assets/Platform/lamp
  artifactKey: Guid(af997d90da712c84ea98e57b18d50f6f) Importer(815301076,1909f56bfc062723c751e8b465ee728b)
Start importing Assets/Platform/lamp using Guid(af997d90da712c84ea98e57b18d50f6f) Importer(815301076,1909f56bfc062723c751e8b465ee728b)  -> (artifact id: '499da06d42964479be47ee80ffe525d4') in 0.002276 seconds
Number of updated asset objects reloaded before import = 0
Number of asset objects unloaded after import = 0
========================================================================
Received Import Request.
  Time since last request: 0.937483 seconds.
  path: Assets/Platform/lamp
  artifactKey: Guid(af997d90da712c84ea98e57b18d50f6f) Importer(2089858483,934ff659095e30574adcf32a4c2f97b5)
Start importing Assets/Platform/lamp using Guid(af997d90da712c84ea98e57b18d50f6f) Importer(2089858483,934ff659095e30574adcf32a4c2f97b5) Generated GUIDs only implemented for interfaces!
 -> (artifact id: '1e7e2b6b8adc185c80355052e5b84058') in 0.003266 seconds
Number of updated asset objects reloaded before import = 0
Number of asset objects unloaded after import = 1
========================================================================
Received Import Request.
  Time since last request: 7.138160 seconds.
  path: Assets/Platform/lamp/lamp_1.FBX
  artifactKey: Guid(6b4a83235417ad746ac9d5e576298694) Importer(2089858483,934ff659095e30574adcf32a4c2f97b5)
Start importing Assets/Platform/lamp/lamp_1.FBX using Guid(6b4a83235417ad746ac9d5e576298694) Importer(2089858483,934ff659095e30574adcf32a4c2f97b5) Generated GUIDs only implemented for interfaces!
 -> (artifact id: '27a7ae0e6e35248f5abb619bde834649') in 0.003678 seconds
Number of updated asset objects reloaded before import = 0
Number of asset objects unloaded after import = 9
========================================================================
Received Import Request.
  Time since last request: 16.474044 seconds.
  path: Assets/Platform/lamp/LDS2_01 - Default_Diffuse.png
  artifactKey: Guid(5d3e0ad796571734fa1c2108ac417ce3) Importer(815301076,1909f56bfc062723c751e8b465ee728b)
Start importing Assets/Platform/lamp/LDS2_01 - Default_Diffuse.png using Guid(5d3e0ad796571734fa1c2108ac417ce3) Importer(815301076,1909f56bfc062723c751e8b465ee728b)  -> (artifact id: 'bd2daa2574ae7ab07c6e5c639391e9e2') in 0.024567 seconds
Number of updated asset objects reloaded before import = 0
Number of asset objects unloaded after import = 2
========================================================================
Received Import Request.
  Time since last request: 0.000024 seconds.
  path: Assets/Platform/lamp/LDS2_01 - Default_Normal.png
  artifactKey: Guid(791681a89ff6a704496ee4907cc563cd) Importer(815301076,1909f56bfc062723c751e8b465ee728b)
Start importing Assets/Platform/lamp/LDS2_01 - Default_Normal.png using Guid(791681a89ff6a704496ee4907cc563cd) Importer(815301076,1909f56bfc062723c751e8b465ee728b)  -> (artifact id: '3e27bf261fa73d500f7d7e87cf8a3497') in 0.014340 seconds
Number of updated asset objects reloaded before import = 0
Number of asset objects unloaded after import = 2
========================================================================
Received Import Request.
  Time since last request: 0.000025 seconds.
  path: Assets/Platform/lamp/LDS2_01 - Default_Specular.png
  artifactKey: Guid(0597e6b3145d501498a70e7c5b54dc53) Importer(815301076,1909f56bfc062723c751e8b465ee728b)
Start importing Assets/Platform/lamp/LDS2_01 - Default_Specular.png using Guid(0597e6b3145d501498a70e7c5b54dc53) Importer(815301076,1909f56bfc062723c751e8b465ee728b)  -> (artifact id: '10d2b87b9b1e9dfffd865efe54af4d69') in 0.015331 seconds
Number of updated asset objects reloaded before import = 0
Number of asset objects unloaded after import = 2
========================================================================
Received Import Request.
  Time since last request: 0.947515 seconds.
  path: Assets/Platform/lamp/LDS2_01 - Default_Height.png
  artifactKey: Guid(16722103d5ddb1c4b8997a18d13742c2) Importer(2089858483,934ff659095e30574adcf32a4c2f97b5)
Start importing Assets/Platform/lamp/LDS2_01 - Default_Height.png using Guid(16722103d5ddb1c4b8997a18d13742c2) Importer(2089858483,934ff659095e30574adcf32a4c2f97b5) Generated GUIDs only implemented for interfaces!
 -> (artifact id: 'b5d1b2fbc5cf5c48acaf797ce54ccb8a') in 0.005814 seconds
Number of updated asset objects reloaded before import = 0
Number of asset objects unloaded after import = 1
========================================================================
Received Import Request.
  Time since last request: 0.000030 seconds.
  path: Assets/Platform/lamp/LDS2_01 - Default_Specular.png
  artifactKey: Guid(0597e6b3145d501498a70e7c5b54dc53) Importer(2089858483,934ff659095e30574adcf32a4c2f97b5)
Start importing Assets/Platform/lamp/LDS2_01 - Default_Specular.png using Guid(0597e6b3145d501498a70e7c5b54dc53) Importer(2089858483,934ff659095e30574adcf32a4c2f97b5) Generated GUIDs only implemented for interfaces!
 -> (artifact id: '884e69adbf8dd26d98088a7c40ca4b62') in 0.005910 seconds
Number of updated asset objects reloaded before import = 0
Number of asset objects unloaded after import = 1
========================================================================
Received Import Request.
  Time since last request: 0.000030 seconds.
  path: Assets/Platform/lamp/LDS2_01 - Default_Emissive.png
  artifactKey: Guid(5175ec383b92ac048bbdbe924d646cfd) Importer(2089858483,934ff659095e30574adcf32a4c2f97b5)
Start importing Assets/Platform/lamp/LDS2_01 - Default_Emissive.png using Guid(5175ec383b92ac048bbdbe924d646cfd) Importer(2089858483,934ff659095e30574adcf32a4c2f97b5) Generated GUIDs only implemented for interfaces!
 -> (artifact id: '90687c51e38550f2086aa1877df11a9a') in 0.008781 seconds
Number of updated asset objects reloaded before import = 0
Number of asset objects unloaded after import = 1
========================================================================
Received Import Request.
  Time since last request: 0.000024 seconds.
  path: Assets/Platform/lamp/LDS2_01 - Default_Normal.png
  artifactKey: Guid(791681a89ff6a704496ee4907cc563cd) Importer(2089858483,934ff659095e30574adcf32a4c2f97b5)
Start importing Assets/Platform/lamp/LDS2_01 - Default_Normal.png using Guid(791681a89ff6a704496ee4907cc563cd) Importer(2089858483,934ff659095e30574adcf32a4c2f97b5) Generated GUIDs only implemented for interfaces!
 -> (artifact id: '922ec2186e5d13b0b949345fd47a9c10') in 0.005015 seconds
Number of updated asset objects reloaded before import = 0
Number of asset objects unloaded after import = 1
========================================================================
Received Import Request.
  Time since last request: 0.000027 seconds.
  path: Assets/Platform/lamp/LDS2_01 - Default_Glossiness.png
  artifactKey: Guid(0151b12d8701bf44d8c6c17120a50d10) Importer(2089858483,934ff659095e30574adcf32a4c2f97b5)
Start importing Assets/Platform/lamp/LDS2_01 - Default_Glossiness.png using Guid(0151b12d8701bf44d8c6c17120a50d10) Importer(2089858483,934ff659095e30574adcf32a4c2f97b5) Generated GUIDs only implemented for interfaces!
 -> (artifact id: '57e7bb297f43918a0c25bba4a4c98247') in 0.004449 seconds
Number of updated asset objects reloaded before import = 0
Number of asset objects unloaded after import = 1
========================================================================
Received Import Request.
  Time since last request: 9.219593 seconds.
  path: Assets/Platform/lamp/lamp_material.mat
  artifactKey: Guid(bba29d19f22f4fe499ae0226038b2f65) Importer(815301076,1909f56bfc062723c751e8b465ee728b)
Start importing Assets/Platform/lamp/lamp_material.mat using Guid(bba29d19f22f4fe499ae0226038b2f65) Importer(815301076,1909f56bfc062723c751e8b465ee728b)  -> (artifact id: '807bd791510b23fd772e1f9ca1c95ab8') in 0.007223 seconds
Number of updated asset objects reloaded before import = 0
Number of asset objects unloaded after import = 2
========================================================================
Received Import Request.
  Time since last request: 0.954168 seconds.
  path: Assets/Platform/lamp/lamp_material.mat
  artifactKey: Guid(bba29d19f22f4fe499ae0226038b2f65) Importer(2089858483,934ff659095e30574adcf32a4c2f97b5)
Start importing Assets/Platform/lamp/lamp_material.mat using Guid(bba29d19f22f4fe499ae0226038b2f65) Importer(2089858483,934ff659095e30574adcf32a4c2f97b5) Generated GUIDs only implemented for interfaces!
 -> (artifact id: 'fae74797c5e41a5421af299411c70770') in 0.003659 seconds
Number of updated asset objects reloaded before import = 0
Number of asset objects unloaded after import = 1
========================================================================
Received Import Request.
  Time since last request: 170.894051 seconds.
  path: Assets/Platform/lamp/lamp_material.mat
  artifactKey: Guid(bba29d19f22f4fe499ae0226038b2f65) Importer(815301076,1909f56bfc062723c751e8b465ee728b)
Start importing Assets/Platform/lamp/lamp_material.mat using Guid(bba29d19f22f4fe499ae0226038b2f65) Importer(815301076,1909f56bfc062723c751e8b465ee728b)  -> (artifact id: 'b1f97d6fcf9191967c2e103222102d0d') in 0.330954 seconds
Number of updated asset objects reloaded before import = 0
Number of asset objects unloaded after import = 6
========================================================================
Received Import Request.
  Time since last request: 0.612942 seconds.
  path: Assets/Platform/lamp/Materials
  artifactKey: Guid(f480fb7d2a7755243bbe0dd8cf09fc31) Importer(2089858483,934ff659095e30574adcf32a4c2f97b5)
Start importing Assets/Platform/lamp/Materials using Guid(f480fb7d2a7755243bbe0dd8cf09fc31) Importer(2089858483,934ff659095e30574adcf32a4c2f97b5) Generated GUIDs only implemented for interfaces!
 -> (artifact id: '3493d67f83b2ca34ed155c86422b4eaf') in 0.002759 seconds
Number of updated asset objects reloaded before import = 0
Number of asset objects unloaded after import = 1
========================================================================
Received Import Request.
  Time since last request: 0.000044 seconds.
  path: Assets/Platform/lamp/lamp_material.mat
  artifactKey: Guid(bba29d19f22f4fe499ae0226038b2f65) Importer(2089858483,934ff659095e30574adcf32a4c2f97b5)
Start importing Assets/Platform/lamp/lamp_material.mat using Guid(bba29d19f22f4fe499ae0226038b2f65) Importer(2089858483,934ff659095e30574adcf32a4c2f97b5) Generated GUIDs only implemented for interfaces!
 -> (artifact id: '88e13b679a4d49be22ce67d430d7495d') in 0.002690 seconds
Number of updated asset objects reloaded before import = 0
Number of asset objects unloaded after import = 1
========================================================================
Received Import Request.
  Time since last request: 9.828476 seconds.
  path: Assets/Platform/lamp/lamp_material.mat
  artifactKey: Guid(bba29d19f22f4fe499ae0226038b2f65) Importer(815301076,1909f56bfc062723c751e8b465ee728b)
Start importing Assets/Platform/lamp/lamp_material.mat using Guid(bba29d19f22f4fe499ae0226038b2f65) Importer(815301076,1909f56bfc062723c751e8b465ee728b)  -> (artifact id: 'cb98f1df5651c1ea9aa1021d81430c9e') in 0.024056 seconds
Number of updated asset objects reloaded before import = 0
Number of asset objects unloaded after import = 6
========================================================================
Received Import Request.
  Time since last request: 0.928846 seconds.
  path: Assets/Platform/lamp/LDS2_01 - Default_Normal.png
  artifactKey: Guid(791681a89ff6a704496ee4907cc563cd) Importer(2089858483,934ff659095e30574adcf32a4c2f97b5)
Start importing Assets/Platform/lamp/LDS2_01 - Default_Normal.png using Guid(791681a89ff6a704496ee4907cc563cd) Importer(2089858483,934ff659095e30574adcf32a4c2f97b5) Generated GUIDs only implemented for interfaces!
 -> (artifact id: '93a953ab179fc4a8713c349bf08f62ae') in 0.004933 seconds
Number of updated asset objects reloaded before import = 0
Number of asset objects unloaded after import = 1
========================================================================
Received Import Request.
  Time since last request: 3.367593 seconds.
  path: Assets/Platform/lamp/Materials
  artifactKey: Guid(f480fb7d2a7755243bbe0dd8cf09fc31) Importer(815301076,1909f56bfc062723c751e8b465ee728b)
Start importing Assets/Platform/lamp/Materials using Guid(f480fb7d2a7755243bbe0dd8cf09fc31) Importer(815301076,1909f56bfc062723c751e8b465ee728b)  -> (artifact id: 'd28931571e68bc80032db0eb90d4a908') in 0.000417 seconds
Number of updated asset objects reloaded before import = 0
Number of asset objects unloaded after import = 0
========================================================================
Received Import Request.
  Time since last request: 0.040325 seconds.
  path: Assets/Platform/lamp/Materials/LDS2_01 - Default_Emissive.mat
  artifactKey: Guid(a06ffab4b839aec4f808d6383ed4cc75) Importer(815301076,1909f56bfc062723c751e8b465ee728b)
Start importing Assets/Platform/lamp/Materials/LDS2_01 - Default_Emissive.mat using Guid(a06ffab4b839aec4f808d6383ed4cc75) Importer(815301076,1909f56bfc062723c751e8b465ee728b)  -> (artifact id: '479f1294978652b3581e53d8b4f3d847') in 0.007141 seconds
Number of updated asset objects reloaded before import = 0
Number of asset objects unloaded after import = 3
========================================================================
Received Import Request.
  Time since last request: 37.394063 seconds.
  path: Assets/Platform/lamp/LDS2_01 - Default_Diffuse 1.png
  artifactKey: Guid(9a418caa7a841694a80f9ff55e3e01b1) Importer(815301076,1909f56bfc062723c751e8b465ee728b)
Start importing Assets/Platform/lamp/LDS2_01 - Default_Diffuse 1.png using Guid(9a418caa7a841694a80f9ff55e3e01b1) Importer(815301076,1909f56bfc062723c751e8b465ee728b)  -> (artifact id: 'c90aba4f42e19c1174fe720f7303ad3d') in 0.012208 seconds
Number of updated asset objects reloaded before import = 0
Number of asset objects unloaded after import = 2
========================================================================
Received Import Request.
  Time since last request: 0.000053 seconds.
  path: Assets/Platform/lamp/LDS2_01 - Default_Normal 1.png
  artifactKey: Guid(48fec3249dc448744a2781e2e5aced0c) Importer(815301076,1909f56bfc062723c751e8b465ee728b)
Start importing Assets/Platform/lamp/LDS2_01 - Default_Normal 1.png using Guid(48fec3249dc448744a2781e2e5aced0c) Importer(815301076,1909f56bfc062723c751e8b465ee728b)  -> (artifact id: '921d19eb18abecd99cf1c88e8c23aea9') in 0.016206 seconds
Number of updated asset objects reloaded before import = 0
Number of asset objects unloaded after import = 2
========================================================================
Received Import Request.
  Time since last request: 0.000023 seconds.
  path: Assets/Platform/lamp/LDS2_01 - Default_Glossiness 1.png
  artifactKey: Guid(e3e8f31b63e91e943a70cbbe6cf579d2) Importer(815301076,1909f56bfc062723c751e8b465ee728b)
Start importing Assets/Platform/lamp/LDS2_01 - Default_Glossiness 1.png using Guid(e3e8f31b63e91e943a70cbbe6cf579d2) Importer(815301076,1909f56bfc062723c751e8b465ee728b)  -> (artifact id: 'd2c582ac57730a0b09afeed1cb8ad048') in 0.011798 seconds
Number of updated asset objects reloaded before import = 0
Number of asset objects unloaded after import = 2
========================================================================
Received Import Request.
  Time since last request: 0.943376 seconds.
  path: Assets/Platform/lamp/LDS2_01 - Default_Diffuse 1.png
  artifactKey: Guid(9a418caa7a841694a80f9ff55e3e01b1) Importer(2089858483,934ff659095e30574adcf32a4c2f97b5)
Start importing Assets/Platform/lamp/LDS2_01 - Default_Diffuse 1.png using Guid(9a418caa7a841694a80f9ff55e3e01b1) Importer(2089858483,934ff659095e30574adcf32a4c2f97b5) Generated GUIDs only implemented for interfaces!
 -> (artifact id: '78f99d975369e45ecd5a99ab3e5986a8') in 0.006988 seconds
Number of updated asset objects reloaded before import = 0
Number of asset objects unloaded after import = 1
========================================================================
Received Import Request.
  Time since last request: 0.000022 seconds.
  path: Assets/Platform/lamp/LDS2_01 - Default_Normal 1.png
  artifactKey: Guid(48fec3249dc448744a2781e2e5aced0c) Importer(2089858483,934ff659095e30574adcf32a4c2f97b5)
Start importing Assets/Platform/lamp/LDS2_01 - Default_Normal 1.png using Guid(48fec3249dc448744a2781e2e5aced0c) Importer(2089858483,934ff659095e30574adcf32a4c2f97b5) Generated GUIDs only implemented for interfaces!
 -> (artifact id: 'c800fcbf0442d7d7b71c6b9b62288587') in 0.004757 seconds
Number of updated asset objects reloaded before import = 0
Number of asset objects unloaded after import = 1
========================================================================
Received Import Request.
  Time since last request: 0.000040 seconds.
  path: Assets/Platform/lamp/LDS2_01 - Default_Glossiness 1.png
  artifactKey: Guid(e3e8f31b63e91e943a70cbbe6cf579d2) Importer(2089858483,934ff659095e30574adcf32a4c2f97b5)
Start importing Assets/Platform/lamp/LDS2_01 - Default_Glossiness 1.png using Guid(e3e8f31b63e91e943a70cbbe6cf579d2) Importer(2089858483,934ff659095e30574adcf32a4c2f97b5) Generated GUIDs only implemented for interfaces!
 -> (artifact id: 'd4ed70736ebe20cff9b8a9f4235a7a06') in 0.004886 seconds
Number of updated asset objects reloaded before import = 0
Number of asset objects unloaded after import = 1
========================================================================
Received Import Request.
  Time since last request: 1749.565175 seconds.
  path: Assets/Light_sound_seb_train/ReflectionProbe-1.exr
  artifactKey: Guid(f48d4f7934360e44d8da2d4e842d87ca) Importer(2089858483,934ff659095e30574adcf32a4c2f97b5)
Start importing Assets/Light_sound_seb_train/ReflectionProbe-1.exr using Guid(f48d4f7934360e44d8da2d4e842d87ca) Importer(2089858483,934ff659095e30574adcf32a4c2f97b5) Generated GUIDs only implemented for interfaces!
 -> (artifact id: '18052f459a567976390b580f89861941') in 0.004597 seconds
Number of updated asset objects reloaded before import = 0
Number of asset objects unloaded after import = 1
========================================================================
Received Import Request.
  Time since last request: 0.000036 seconds.
  path: Assets/Light_sound_seb_train/LightingData.asset
  artifactKey: Guid(b35ff1f8faee3ca4e9bd8a90f87bc953) Importer(2089858483,934ff659095e30574adcf32a4c2f97b5)
Start importing Assets/Light_sound_seb_train/LightingData.asset using Guid(b35ff1f8faee3ca4e9bd8a90f87bc953) Importer(2089858483,934ff659095e30574adcf32a4c2f97b5) Generated GUIDs only implemented for interfaces!
 -> (artifact id: '0b37798bff9e5ae0344b0ad72cfb25eb') in 0.090024 seconds
Number of updated asset objects reloaded before import = 0
Number of asset objects unloaded after import = 1
========================================================================
Received Import Request.
  Time since last request: 386.437656 seconds.
  path: Assets/Light_sound_seb_train/ReflectionProbe-1.exr
  artifactKey: Guid(f48d4f7934360e44d8da2d4e842d87ca) Importer(2089858483,934ff659095e30574adcf32a4c2f97b5)
Start importing Assets/Light_sound_seb_train/ReflectionProbe-1.exr using Guid(f48d4f7934360e44d8da2d4e842d87ca) Importer(2089858483,934ff659095e30574adcf32a4c2f97b5) Generated GUIDs only implemented for interfaces!
 -> (artifact id: '1483903aee6ad67226ac121799b01f31') in 0.005542 seconds
Number of updated asset objects reloaded before import = 0
Number of asset objects unloaded after import = 1
========================================================================
Received Import Request.
  Time since last request: 102.112457 seconds.
  path: Assets/Light_sound_seb_train/ReflectionProbe-1.exr
  artifactKey: Guid(f48d4f7934360e44d8da2d4e842d87ca) Importer(2089858483,934ff659095e30574adcf32a4c2f97b5)
Start importing Assets/Light_sound_seb_train/ReflectionProbe-1.exr using Guid(f48d4f7934360e44d8da2d4e842d87ca) Importer(2089858483,934ff659095e30574adcf32a4c2f97b5) Generated GUIDs only implemented for interfaces!
 -> (artifact id: '3886e4dcf2414f62e1c95d40cdd788b1') in 0.004066 seconds
Number of updated asset objects reloaded before import = 0
Number of asset objects unloaded after import = 1
========================================================================
Received Import Request.
  Time since last request: 0.000037 seconds.
  path: Assets/Light_sound_seb_train/LightingData.asset
  artifactKey: Guid(b35ff1f8faee3ca4e9bd8a90f87bc953) Importer(2089858483,934ff659095e30574adcf32a4c2f97b5)
Start importing Assets/Light_sound_seb_train/LightingData.asset using Guid(b35ff1f8faee3ca4e9bd8a90f87bc953) Importer(2089858483,934ff659095e30574adcf32a4c2f97b5) Generated GUIDs only implemented for interfaces!
 -> (artifact id: '3f3494b9a6d973defa25dc30d88755ea') in 0.082337 seconds
Number of updated asset objects reloaded before import = 0
Number of asset objects unloaded after import = 1
========================================================================
Received Import Request.
  Time since last request: 329.908547 seconds.
  path: Assets/Light_sound_seb_train/ReflectionProbe-0.exr
  artifactKey: Guid(04996ff9c2e4cc248beb18eeaa04b916) Importer(2089858483,934ff659095e30574adcf32a4c2f97b5)
Start importing Assets/Light_sound_seb_train/ReflectionProbe-0.exr using Guid(04996ff9c2e4cc248beb18eeaa04b916) Importer(2089858483,934ff659095e30574adcf32a4c2f97b5) Generated GUIDs only implemented for interfaces!
 -> (artifact id: '2f48aea299e594708bf277f5e25bbb74') in 0.006020 seconds
Number of updated asset objects reloaded before import = 0
Number of asset objects unloaded after import = 1
========================================================================
Received Import Request.
  Time since last request: 78.638177 seconds.
  path: Assets/Light_sound_seb_train/ReflectionProbe-3.exr
  artifactKey: Guid(a1ca4037eca246d4f9b217d0947631c3) Importer(2089858483,934ff659095e30574adcf32a4c2f97b5)
Start importing Assets/Light_sound_seb_train/ReflectionProbe-3.exr using Guid(a1ca4037eca246d4f9b217d0947631c3) Importer(2089858483,934ff659095e30574adcf32a4c2f97b5) Generated GUIDs only implemented for interfaces!
 -> (artifact id: '2e8a0011da47c50577f9566206aae5a9') in 0.005379 seconds
Number of updated asset objects reloaded before import = 0
Number of asset objects unloaded after import = 1
========================================================================
Received Import Request.
  Time since last request: 266.231223 seconds.
  path: Assets/Light_sound_seb_train.unity
  artifactKey: Guid(ce9a33ea2341fb448baf347088c94d19) Importer(2089858483,934ff659095e30574adcf32a4c2f97b5)
Start importing Assets/Light_sound_seb_train.unity using Guid(ce9a33ea2341fb448baf347088c94d19) Importer(2089858483,934ff659095e30574adcf32a4c2f97b5) Generated GUIDs only implemented for interfaces!
 -> (artifact id: 'f98a423df5f213560c717326f58864f6') in 0.003620 seconds
Number of updated asset objects reloaded before import = 0
Number of asset objects unloaded after import = 1
========================================================================
Received Import Request.
  Time since last request: 130.280489 seconds.
  path: Assets/Light_sound_seb_train/ReflectionProbe-4.exr
  artifactKey: Guid(4dd98f845c3a37f43b76009fa2ad980d) Importer(2089858483,934ff659095e30574adcf32a4c2f97b5)
Start importing Assets/Light_sound_seb_train/ReflectionProbe-4.exr using Guid(4dd98f845c3a37f43b76009fa2ad980d) Importer(2089858483,934ff659095e30574adcf32a4c2f97b5) Generated GUIDs only implemented for interfaces!
 -> (artifact id: '0e54a2d22b9dd10dc9c85e21ea615628') in 0.004077 seconds
Number of updated asset objects reloaded before import = 0
Number of asset objects unloaded after import = 1
========================================================================
Received Import Request.
  Time since last request: 37.240662 seconds.
  path: Assets/Light_sound_seb_train/ReflectionProbe-4.exr
  artifactKey: Guid(4dd98f845c3a37f43b76009fa2ad980d) Importer(2089858483,934ff659095e30574adcf32a4c2f97b5)
Start importing Assets/Light_sound_seb_train/ReflectionProbe-4.exr using Guid(4dd98f845c3a37f43b76009fa2ad980d) Importer(2089858483,934ff659095e30574adcf32a4c2f97b5) Generated GUIDs only implemented for interfaces!
 -> (artifact id: 'c6f33cc70171a714a1856fb46d28481d') in 0.032708 seconds
Number of updated asset objects reloaded before import = 0
Number of asset objects unloaded after import = 1
========================================================================
Received Import Request.
  Time since last request: 50.243405 seconds.
  path: Assets/Light_sound_seb_train/ReflectionProbe-4.exr
  artifactKey: Guid(4dd98f845c3a37f43b76009fa2ad980d) Importer(2089858483,934ff659095e30574adcf32a4c2f97b5)
Start importing Assets/Light_sound_seb_train/ReflectionProbe-4.exr using Guid(4dd98f845c3a37f43b76009fa2ad980d) Importer(2089858483,934ff659095e30574adcf32a4c2f97b5) Generated GUIDs only implemented for interfaces!
 -> (artifact id: '05286edcbc1e4ad2941b4c888e6c1b68') in 0.006382 seconds
Number of updated asset objects reloaded before import = 0
Number of asset objects unloaded after import = 1
========================================================================
Received Import Request.
  Time since last request: 45.202923 seconds.
  path: Assets/Light_sound_seb_train/ReflectionProbe-5.exr
  artifactKey: Guid(0fedd87030129d241a2a1ef30a94754a) Importer(2089858483,934ff659095e30574adcf32a4c2f97b5)
Start importing Assets/Light_sound_seb_train/ReflectionProbe-5.exr using Guid(0fedd87030129d241a2a1ef30a94754a) Importer(2089858483,934ff659095e30574adcf32a4c2f97b5) Generated GUIDs only implemented for interfaces!
 -> (artifact id: '1c22f92fb30c582f50f64cd2d1601cd5') in 0.005944 seconds
Number of updated asset objects reloaded before import = 0
Number of asset objects unloaded after import = 1
========================================================================
Received Import Request.
  Time since last request: 84.053541 seconds.
  path: Assets/Light_sound_seb_train/ReflectionProbe-6.exr
  artifactKey: Guid(4205e6e8bcd689d40bea4be66ac1dcbf) Importer(2089858483,934ff659095e30574adcf32a4c2f97b5)
Start importing Assets/Light_sound_seb_train/ReflectionProbe-6.exr using Guid(4205e6e8bcd689d40bea4be66ac1dcbf) Importer(2089858483,934ff659095e30574adcf32a4c2f97b5) Generated GUIDs only implemented for interfaces!
 -> (artifact id: '8141206e33571c3223dce371a84c1154') in 0.004933 seconds
Number of updated asset objects reloaded before import = 0
Number of asset objects unloaded after import = 1
========================================================================
Received Import Request.
  Time since last request: 411.353723 seconds.
  path: Assets/Light_sound_seb_train.unity
  artifactKey: Guid(ce9a33ea2341fb448baf347088c94d19) Importer(2089858483,934ff659095e30574adcf32a4c2f97b5)
Start importing Assets/Light_sound_seb_train.unity using Guid(ce9a33ea2341fb448baf347088c94d19) Importer(2089858483,934ff659095e30574adcf32a4c2f97b5) Generated GUIDs only implemented for interfaces!
 -> (artifact id: '2e3e9e7c1d318d92e8436a60682260ed') in 0.003397 seconds
Number of updated asset objects reloaded before import = 0
Number of asset objects unloaded after import = 1
========================================================================
Received Import Request.
  Time since last request: 10.500367 seconds.
  path: Assets/Light_sound_seb_train/ReflectionProbe-7.exr
  artifactKey: Guid(0f39c2c6fccdcc8418d148d981dd750d) Importer(2089858483,934ff659095e30574adcf32a4c2f97b5)
Start importing Assets/Light_sound_seb_train/ReflectionProbe-7.exr using Guid(0f39c2c6fccdcc8418d148d981dd750d) Importer(2089858483,934ff659095e30574adcf32a4c2f97b5) Generated GUIDs only implemented for interfaces!
 -> (artifact id: 'dfde4aa979137b8944dd1ed73fee6d6f') in 0.006322 seconds
Number of updated asset objects reloaded before import = 0
Number of asset objects unloaded after import = 1
========================================================================
Received Import Request.
  Time since last request: 109.820487 seconds.
  path: Assets/Light_sound_seb_train/ReflectionProbe-1.exr
  artifactKey: Guid(f48d4f7934360e44d8da2d4e842d87ca) Importer(2089858483,934ff659095e30574adcf32a4c2f97b5)
Start importing Assets/Light_sound_seb_train/ReflectionProbe-1.exr using Guid(f48d4f7934360e44d8da2d4e842d87ca) Importer(2089858483,934ff659095e30574adcf32a4c2f97b5) Generated GUIDs only implemented for interfaces!
 -> (artifact id: '428b09d6100a4572675b3b94c7daa42b') in 0.008777 seconds
Number of updated asset objects reloaded before import = 0
Number of asset objects unloaded after import = 1
========================================================================
Received Import Request.
  Time since last request: 0.012010 seconds.
  path: Assets/Light_sound_seb_train/ReflectionProbe-6.exr
  artifactKey: Guid(4205e6e8bcd689d40bea4be66ac1dcbf) Importer(2089858483,934ff659095e30574adcf32a4c2f97b5)
Start importing Assets/Light_sound_seb_train/ReflectionProbe-6.exr using Guid(4205e6e8bcd689d40bea4be66ac1dcbf) Importer(2089858483,934ff659095e30574adcf32a4c2f97b5) Generated GUIDs only implemented for interfaces!
 -> (artifact id: '2aadc701cdfc92df4a064ef0281082e0') in 0.007596 seconds
Number of updated asset objects reloaded before import = 0
Number of asset objects unloaded after import = 1
========================================================================
Received Import Request.
  Time since last request: 0.010740 seconds.
  path: Assets/Light_sound_seb_train/ReflectionProbe-10.exr
  artifactKey: Guid(60dbdd29bff652e4ba723960b55ef8e1) Importer(2089858483,934ff659095e30574adcf32a4c2f97b5)
Start importing Assets/Light_sound_seb_train/ReflectionProbe-10.exr using Guid(60dbdd29bff652e4ba723960b55ef8e1) Importer(2089858483,934ff659095e30574adcf32a4c2f97b5) Generated GUIDs only implemented for interfaces!
 -> (artifact id: '08db6e5b0f7e6faf4867b4ccbe727ff5') in 0.006909 seconds
Number of updated asset objects reloaded before import = 0
Number of asset objects unloaded after import = 1
========================================================================
Received Import Request.
  Time since last request: 0.000022 seconds.
  path: Assets/Light_sound_seb_train/ReflectionProbe-12.exr
  artifactKey: Guid(2f849b3ec7c07a84880f2fadf33a915c) Importer(2089858483,934ff659095e30574adcf32a4c2f97b5)
Start importing Assets/Light_sound_seb_train/ReflectionProbe-12.exr using Guid(2f849b3ec7c07a84880f2fadf33a915c) Importer(2089858483,934ff659095e30574adcf32a4c2f97b5) Generated GUIDs only implemented for interfaces!
 -> (artifact id: '4084cab8906d4f8ea9699a65113e9dbb') in 0.009635 seconds
Number of updated asset objects reloaded before import = 0
Number of asset objects unloaded after import = 1
========================================================================
Received Import Request.
  Time since last request: 0.000029 seconds.
  path: Assets/Light_sound_seb_train/ReflectionProbe-15.exr
  artifactKey: Guid(5c8101500f8603141bb7566931e23029) Importer(2089858483,934ff659095e30574adcf32a4c2f97b5)
Start importing Assets/Light_sound_seb_train/ReflectionProbe-15.exr using Guid(5c8101500f8603141bb7566931e23029) Importer(2089858483,934ff659095e30574adcf32a4c2f97b5) Generated GUIDs only implemented for interfaces!
 -> (artifact id: '58e0c214965e1e8cde279b413cf1f5e9') in 0.006186 seconds
Number of updated asset objects reloaded before import = 0
Number of asset objects unloaded after import = 1
========================================================================
Received Import Request.
  Time since last request: 0.000050 seconds.
  path: Assets/Light_sound_seb_train/ReflectionProbe-4.exr
  artifactKey: Guid(4dd98f845c3a37f43b76009fa2ad980d) Importer(2089858483,934ff659095e30574adcf32a4c2f97b5)
Start importing Assets/Light_sound_seb_train/ReflectionProbe-4.exr using Guid(4dd98f845c3a37f43b76009fa2ad980d) Importer(2089858483,934ff659095e30574adcf32a4c2f97b5) Generated GUIDs only implemented for interfaces!
 -> (artifact id: '236d98a8864883c369a7fd86ff7440e2') in 0.007097 seconds
Number of updated asset objects reloaded before import = 0
Number of asset objects unloaded after import = 1
========================================================================
Received Import Request.
  Time since last request: 0.000049 seconds.
  path: Assets/Light_sound_seb_train/ReflectionProbe-13.exr
  artifactKey: Guid(7253ea3f43e130c439837e4d5edebcd1) Importer(2089858483,934ff659095e30574adcf32a4c2f97b5)
Start importing Assets/Light_sound_seb_train/ReflectionProbe-13.exr using Guid(7253ea3f43e130c439837e4d5edebcd1) Importer(2089858483,934ff659095e30574adcf32a4c2f97b5) Generated GUIDs only implemented for interfaces!
 -> (artifact id: '6138ae98d4c2bf39195a49835a174ce3') in 0.010244 seconds
Number of updated asset objects reloaded before import = 0
Number of asset objects unloaded after import = 1
========================================================================
Received Import Request.
  Time since last request: 0.000053 seconds.
  path: Assets/Light_sound_seb_train/LightingData.asset
  artifactKey: Guid(b35ff1f8faee3ca4e9bd8a90f87bc953) Importer(2089858483,934ff659095e30574adcf32a4c2f97b5)
Start importing Assets/Light_sound_seb_train/LightingData.asset using Guid(b35ff1f8faee3ca4e9bd8a90f87bc953) Importer(2089858483,934ff659095e30574adcf32a4c2f97b5) Generated GUIDs only implemented for interfaces!
 -> (artifact id: 'ca921c0ec8718645f06387825fdcfa07') in 0.085832 seconds
Number of updated asset objects reloaded before import = 0
Number of asset objects unloaded after import = 1
Editor requested this worker to shutdown with reason: Scaling down because of idle timeout
AssetImportWorker is now disconnected from the server
Process exiting
Exiting without the bug reporter. Application will terminate with return code 0