Using pre-set license
Built from '2023.1/staging' branch; Version is '2023.1.19f1 (629111e352bc) revision 6459665'; Using compiler version '192829333'; Build Type 'Release'
OS: 'Windows 11  (10.0.22621) 64bit Professional' Language: 'pl' Physical Memory: 64943 MB
BatchMode: 1, IsHumanControllingUs: 0, StartBugReporterOnCrash: 0, Is64bit: 1, IsPro: 1

COMMAND LINE ARGUMENTS:
E:\Program Files\Unity\2023.1.19f1\Editor\Unity.exe
-adb2
-batchMode
-noUpm
-name
AssetImportWorker0
-projectPath
D:/IMPERIUM/PROJEKTY/GRY/Unity_cleared/TheRealOneStationSwansea/Assignment_4_LightAndSound_SwanseaRailStation
-logFile
Logs/AssetImportWorker0.log
-srvPort
51264
Successfully changed project path to: D:/IMPERIUM/PROJEKTY/GRY/Unity_cleared/TheRealOneStationSwansea/Assignment_4_LightAndSound_SwanseaRailStation
D:/IMPERIUM/PROJEKTY/GRY/Unity_cleared/TheRealOneStationSwansea/Assignment_4_LightAndSound_SwanseaRailStation
[UnityMemory] Configuration Parameters - Can be set up in boot.config
    "memorysetup-bucket-allocator-granularity=16"
    "memorysetup-bucket-allocator-bucket-count=8"
    "memorysetup-bucket-allocator-block-size=33554432"
    "memorysetup-bucket-allocator-block-count=8"
    "memorysetup-main-allocator-block-size=16777216"
    "memorysetup-thread-allocator-block-size=16777216"
    "memorysetup-gfx-main-allocator-block-size=16777216"
    "memorysetup-gfx-thread-allocator-block-size=16777216"
    "memorysetup-cache-allocator-block-size=4194304"
    "memorysetup-typetree-allocator-block-size=2097152"
    "memorysetup-profiler-bucket-allocator-granularity=16"
    "memorysetup-profiler-bucket-allocator-bucket-count=8"
    "memorysetup-profiler-bucket-allocator-block-size=33554432"
    "memorysetup-profiler-bucket-allocator-block-count=8"
    "memorysetup-profiler-allocator-block-size=16777216"
    "memorysetup-profiler-editor-allocator-block-size=1048576"
    "memorysetup-temp-allocator-size-main=16777216"
    "memorysetup-job-temp-allocator-block-size=2097152"
    "memorysetup-job-temp-allocator-block-size-background=1048576"
    "memorysetup-job-temp-allocator-reduction-small-platforms=262144"
    "memorysetup-allocator-temp-initial-block-size-main=262144"
    "memorysetup-allocator-temp-initial-block-size-worker=262144"
    "memorysetup-temp-allocator-size-background-worker=32768"
    "memorysetup-temp-allocator-size-job-worker=262144"
    "memorysetup-temp-allocator-size-preload-manager=33554432"
    "memorysetup-temp-allocator-size-nav-mesh-worker=65536"
    "memorysetup-temp-allocator-size-audio-worker=65536"
    "memorysetup-temp-allocator-size-cloud-worker=32768"
    "memorysetup-temp-allocator-size-gi-baking-worker=262144"
    "memorysetup-temp-allocator-size-gfx=262144"
Player connection [2832] Host "[IP] 192.168.4.31 [Port] 0 [Flags] 2 [Guid] 1092985491 [EditorId] 1092985491 [Version] 1048832 [Id] WindowsEditor(7,HPS) [Debug] 1 [PackageName] WindowsEditor [ProjectName] Editor" joined multi-casting on [225.0.0.222:54997]...

Player connection [2832] Host "[IP] 192.168.4.31 [Port] 0 [Flags] 2 [Guid] 1092985491 [EditorId] 1092985491 [Version] 1048832 [Id] WindowsEditor(7,HPS) [Debug] 1 [PackageName] WindowsEditor [ProjectName] Editor" joined alternative multi-casting on [225.0.0.222:34997]...

[Physics::Module] Initialized MultithreadedJobDispatcher with 15 workers.
Library Redirect Path: Library/Refreshing native plugins compatible for Editor in 12.36 ms, found 4 plugins.
Preloading 2 native plugins for Editor in 0.99 ms.
Initialize engine version: 2023.1.19f1 (629111e352bc)
[Subsystems] Discovering subsystems at path E:/Program Files/Unity/2023.1.19f1/Editor/Data/Resources/UnitySubsystems
[Subsystems] Discovering subsystems at path D:/IMPERIUM/PROJEKTY/GRY/Unity_cleared/TheRealOneStationSwansea/Assignment_4_LightAndSound_SwanseaRailStation/Assets
GfxDevice: creating device client; threaded=0; jobified=0
Direct3D:
    Version:  Direct3D 11.0 [level 11.1]
    Renderer: NVIDIA GeForce RTX 3080 Laptop GPU (ID=0x249c)
    Vendor:   NVIDIA
    VRAM:     16191 MB
    Driver:   31.0.15.3758
Initialize mono
Mono path[0] = 'E:/Program Files/Unity/2023.1.19f1/Editor/Data/Managed'
Mono path[1] = 'E:/Program Files/Unity/2023.1.19f1/Editor/Data/MonoBleedingEdge/lib/mono/unityjit-win32'
Mono config path = 'E:/Program Files/Unity/2023.1.19f1/Editor/Data/MonoBleedingEdge/etc'
Using monoOptions --debugger-agent=transport=dt_socket,embedding=1,server=y,suspend=n,address=127.0.0.1:56928
Begin MonoManager ReloadAssembly
C:\build\output\Unity-Technologies\mono\mono\metadata\icall.c:1842:
C:\build\output\Unity-Technologies\mono\mono\metadata\icall.c:1842:
C:\build\output\Unity-Technologies\mono\mono\metadata\icall.c:1842:
C:\build\output\Unity-Technologies\mono\mono\metadata\icall.c:1842:
C:\build\output\Unity-Technologies\mono\mono\metadata\icall.c:1842:
C:\build\output\Unity-Technologies\mono\mono\metadata\icall.c:1842:
C:\build\output\Unity-Technologies\mono\mono\metadata\icall.c:1842:
C:\build\output\Unity-Technologies\mono\mono\metadata\icall.c:1842:
C:\build\output\Unity-Technologies\mono\mono\metadata\icall.c:1842:
C:\build\output\Unity-Technologies\mono\mono\metadata\icall.c:1842:
Registering precompiled unity dll's ...
Register platform support module: E:/Program Files/Unity/2023.1.19f1/Editor/Data/PlaybackEngines/WindowsStandaloneSupport/UnityEditor.WindowsStandalone.Extensions.dll
Register platform support module: E:/Program Files/Unity/2023.1.19f1/Editor/Data/PlaybackEngines/AndroidPlayer/UnityEditor.Android.Extensions.dll
Registered in 0.003636 seconds.
- Loaded All Assemblies, in  0.570 seconds
Native extension for Android target not found
Android Extension - Scanning For ADB Devices 242 ms
Native extension for WindowsStandalone target not found
Mono: successfully reloaded assembly
C:\build\output\Unity-Technologies\mono\mono\metadata\icall.c:1842:
C:\build\output\Unity-Technologies\mono\mono\metadata\icall.c:1842:
- Finished resetting the current domain, in  0.543 seconds
Domain Reload Profiling: 1113ms
	BeginReloadAssembly (358ms)
		ExecutionOrderSort (0ms)
		DisableScriptedObjects (0ms)
		BackupInstance (0ms)
		ReleaseScriptingObjects (0ms)
		CreateAndSetChildDomain (1ms)
	RebuildCommonClasses (31ms)
	RebuildNativeTypeToScriptingClass (9ms)
	initialDomainReloadingComplete (40ms)
	LoadAllAssembliesAndSetupDomain (132ms)
		LoadAssemblies (358ms)
		RebuildTransferFunctionScriptingTraits (0ms)
		AnalyzeDomain (129ms)
			TypeCache.Refresh (128ms)
				TypeCache.ScanAssembly (117ms)
			ScanForSourceGeneratedMonoScriptInfo (0ms)
			ResolveRequiredComponents (0ms)
	FinalizeReload (543ms)
		ReleaseScriptCaches (0ms)
		RebuildScriptCaches (0ms)
		SetupLoadedEditorAssemblies (505ms)
			LogAssemblyErrors (0ms)
			InitializePlatformSupportModulesInManaged (343ms)
			SetLoadedEditorAssemblies (2ms)
			BeforeProcessingInitializeOnLoad (7ms)
			ProcessInitializeOnLoadAttributes (105ms)
			ProcessInitializeOnLoadMethodAttributes (47ms)
			AfterProcessingInitializeOnLoad (0ms)
			EditorAssembliesLoaded (0ms)
		ExecutionOrderSort2 (0ms)
		AwakeInstancesAfterBackupRestoration (0ms)
========================================================================
Worker process is ready to serve import requests
Import Worker Mode flag is 0x00
Begin MonoManager ReloadAssembly
C:\build\output\Unity-Technologies\mono\mono\metadata\icall.c:1842:
C:\build\output\Unity-Technologies\mono\mono\metadata\icall.c:1842:
C:\build\output\Unity-Technologies\mono\mono\metadata\icall.c:1842:
C:\build\output\Unity-Technologies\mono\mono\metadata\icall.c:1842:
C:\build\output\Unity-Technologies\mono\mono\metadata\icall.c:1842:
C:\build\output\Unity-Technologies\mono\mono\metadata\icall.c:1842:
C:\build\output\Unity-Technologies\mono\mono\metadata\icall.c:1842:
C:\build\output\Unity-Technologies\mono\mono\metadata\icall.c:1842:
C:\build\output\Unity-Technologies\mono\mono\metadata\icall.c:1842:
C:\build\output\Unity-Technologies\mono\mono\metadata\icall.c:1842:
C:\build\output\Unity-Technologies\mono\mono\metadata\icall.c:1842:
C:\build\output\Unity-Technologies\mono\mono\metadata\icall.c:1842:
- Loaded All Assemblies, in  0.763 seconds
Refreshing native plugins compatible for Editor in 3.82 ms, found 4 plugins.
Native extension for Android target not found
Native extension for WindowsStandalone target not found
System.Reflection.TargetInvocationException: Exception has been thrown by the target of an invocation. ---> System.NullReferenceException: Object reference not set to an instance of an object
  at Unity.XR.Oculus.OculusLoader.AssetPathToAbsolutePath (System.String assetPath) [0x00040] in .\Library\PackageCache\com.unity.xr.oculus@4.1.1\Runtime\OculusLoader.cs:287 
  at Unity.XR.Oculus.OculusLoader.EditorLoadOVRPlugin () [0x00084] in .\Library\PackageCache\com.unity.xr.oculus@4.1.1\Runtime\OculusLoader.cs:272 
  at (wrapper managed-to-native) System.Reflection.RuntimeMethodInfo.InternalInvoke(System.Reflection.RuntimeMethodInfo,object,object[],System.Exception&)
  at System.Reflection.RuntimeMethodInfo.Invoke (System.Object obj, System.Reflection.BindingFlags invokeAttr, System.Reflection.Binder binder, System.Object[] parameters, System.Globalization.CultureInfo culture) [0x0006a] in <cb3602b5bf2148caa08db7780ec02b19>:0 
   --- End of inner exception stack trace ---
  at System.Reflection.RuntimeMethodInfo.Invoke (System.Object obj, System.Reflection.BindingFlags invokeAttr, System.Reflection.Binder binder, System.Object[] parameters, System.Globalization.CultureInfo culture) [0x00083] in <cb3602b5bf2148caa08db7780ec02b19>:0 
  at System.Reflection.MethodBase.Invoke (System.Object obj, System.Object[] parameters) [0x00000] in <cb3602b5bf2148caa08db7780ec02b19>:0 
  at UnityEditor.EditorAssemblies.ProcessInitializeOnLoadMethodAttributes () [0x00056] in <67d1ed7258bf49b19e780d91cc47c581>:0 
Mono: successfully reloaded assembly
Package Manager log level set to [2]
[Package Manager] Failed to launch server process. Reason: Unity was launched with the -noUpm command-line argument
[Package Manager] Unable to send message (not connected to server process).
[Package Manager] Cannot connect to Unity Package Manager local server
[Package Manager] Failed to launch server process. Reason: Unity was launched with the -noUpm command-line argument
[Package Manager] Unable to send message (not connected to server process).
[Package Manager] Cannot connect to Unity Package Manager local server
- Finished resetting the current domain, in  0.725 seconds
Domain Reload Profiling: 1488ms
	BeginReloadAssembly (232ms)
		ExecutionOrderSort (0ms)
		DisableScriptedObjects (5ms)
		BackupInstance (0ms)
		ReleaseScriptingObjects (0ms)
		CreateAndSetChildDomain (27ms)
	RebuildCommonClasses (27ms)
	RebuildNativeTypeToScriptingClass (9ms)
	initialDomainReloadingComplete (19ms)
	LoadAllAssembliesAndSetupDomain (475ms)
		LoadAssemblies (305ms)
		RebuildTransferFunctionScriptingTraits (0ms)
		AnalyzeDomain (260ms)
			TypeCache.Refresh (228ms)
				TypeCache.ScanAssembly (216ms)
			ScanForSourceGeneratedMonoScriptInfo (21ms)
			ResolveRequiredComponents (10ms)
	FinalizeReload (725ms)
		ReleaseScriptCaches (0ms)
		RebuildScriptCaches (0ms)
		SetupLoadedEditorAssemblies (497ms)
			LogAssemblyErrors (0ms)
			InitializePlatformSupportModulesInManaged (16ms)
			SetLoadedEditorAssemblies (3ms)
			BeforeProcessingInitializeOnLoad (70ms)
			ProcessInitializeOnLoadAttributes (354ms)
			ProcessInitializeOnLoadMethodAttributes (52ms)
			AfterProcessingInitializeOnLoad (1ms)
			EditorAssembliesLoaded (0ms)
		ExecutionOrderSort2 (0ms)
		AwakeInstancesAfterBackupRestoration (5ms)
Launched and connected shader compiler UnityShaderCompiler.exe after 0.01 seconds
Refreshing native plugins compatible for Editor in 3.74 ms, found 4 plugins.
Preloading 2 native plugins for Editor in 0.06 ms.
Unloading 5585 Unused Serialized files (Serialized files now loaded: 0)
Unloading 103 unused Assets / (3.1 MB). Loaded Objects now: 6122.
Memory consumption went from 256.8 MB to 253.7 MB.
Total: 5.265300 ms (FindLiveObjects: 0.350000 ms CreateObjectMapping: 0.148300 ms MarkObjects: 4.106300 ms  DeleteObjects: 0.659600 ms)

AssetImportParameters requested are different than current active one (requested -> active):
  custom:video-decoder-webm-vp8: 9c59270c3fd7afecdb556c50c9e8de78 -> 
  custom:audio-encoder-webm-vorbis: bf7c407c2cedff20999df2af8eb42d56 -> 
  custom:AudioImporter_EditorPlatform: d09bf68614088b80899f8185d706f6e7 -> 
  custom:audio-decoder-ogg-vorbis: bf7c407c2cedff20999df2af8eb42d56 -> 
  custom:video-encoder-webm-vp8: eb34c28f22e8b96e1ab97ce403110664 -> 
  custom:container-demuxer-ogg: 62fdf1f143b41e24485cea50d1cbac27 -> 
  custom:framework-win-MediaFoundation: 216162199b28c13a410421893ffa2e32 -> 
  custom:video-decoder-ogg-theora: a1e56fd34408186e4bbccfd4996cb3dc -> 
  custom:container-muxer-webm: aa71ff27fc2769a1b78a27578f13a17b -> 
  custom:video-codec-MediaFoundation-h265: 746d11721c4dcdbdad8f713fa42b33f4 -> 
  custom:CustomObjectIndexerAttribute: d54d2f2da18e7612c182cf67624b6b12 -> 
  custom:container-demuxer-webm: 4f35f7cbe854078d1ac9338744f61a02 -> 
========================================================================
Received Import Request.
  Time since last request: 1904.505341 seconds.
  path: Assets/Light_sound_seb_train.unity
  artifactKey: Guid(ce9a33ea2341fb448baf347088c94d19) Importer(2089858483,934ff659095e30574adcf32a4c2f97b5)
Start importing Assets/Light_sound_seb_train.unity using Guid(ce9a33ea2341fb448baf347088c94d19) Importer(2089858483,934ff659095e30574adcf32a4c2f97b5) Generated GUIDs only implemented for interfaces!
 -> (artifact id: '57e58f0aaa79785457a8a1d926043dac') in 0.149386 seconds
Number of updated asset objects reloaded before import = 0
Number of asset objects unloaded after import = 1
========================================================================
Received Import Request.
  Time since last request: 2491.085653 seconds.
  path: Assets/Light_sound_seb_train/Lightmap-51_comp_dir.png
  artifactKey: Guid(bce7268c3f5666441ba3f1e8713e8fe0) Importer(2089858483,934ff659095e30574adcf32a4c2f97b5)
Start importing Assets/Light_sound_seb_train/Lightmap-51_comp_dir.png using Guid(bce7268c3f5666441ba3f1e8713e8fe0) Importer(2089858483,934ff659095e30574adcf32a4c2f97b5) Generated GUIDs only implemented for interfaces!
 -> (artifact id: '47fcc856f1a73a3e2d7cfd7b141bff1c') in 0.006508 seconds
Number of updated asset objects reloaded before import = 0
Number of asset objects unloaded after import = 1
========================================================================
Received Import Request.
  Time since last request: 0.033864 seconds.
  path: Assets/Light_sound_seb_train/Lightmap-74_comp_light.exr
  artifactKey: Guid(7b8d1097deefc9e4dbb3ff383d23c697) Importer(2089858483,934ff659095e30574adcf32a4c2f97b5)
Start importing Assets/Light_sound_seb_train/Lightmap-74_comp_light.exr using Guid(7b8d1097deefc9e4dbb3ff383d23c697) Importer(2089858483,934ff659095e30574adcf32a4c2f97b5) Generated GUIDs only implemented for interfaces!
 -> (artifact id: '3bc6e18166342b49397954ecd23f4ac0') in 0.004494 seconds
Number of updated asset objects reloaded before import = 0
Number of asset objects unloaded after import = 1
========================================================================
Received Import Request.
  Time since last request: 0.018092 seconds.
  path: Assets/Light_sound_seb_train/Lightmap-29_comp_light.exr
  artifactKey: Guid(db4177b88ee0c1440a286b2ffd36402f) Importer(2089858483,934ff659095e30574adcf32a4c2f97b5)
Start importing Assets/Light_sound_seb_train/Lightmap-29_comp_light.exr using Guid(db4177b88ee0c1440a286b2ffd36402f) Importer(2089858483,934ff659095e30574adcf32a4c2f97b5) Generated GUIDs only implemented for interfaces!
 -> (artifact id: 'c8cc1871f9abd69948b70bfcd3f0fecc') in 0.005290 seconds
Number of updated asset objects reloaded before import = 0
Number of asset objects unloaded after import = 1
========================================================================
Received Import Request.
  Time since last request: 0.004946 seconds.
  path: Assets/Light_sound_seb_train/Lightmap-33_comp_shadowmask.png
  artifactKey: Guid(9725d6ddca633fc49a8c6f5d9688eef1) Importer(2089858483,934ff659095e30574adcf32a4c2f97b5)
Start importing Assets/Light_sound_seb_train/Lightmap-33_comp_shadowmask.png using Guid(9725d6ddca633fc49a8c6f5d9688eef1) Importer(2089858483,934ff659095e30574adcf32a4c2f97b5) Generated GUIDs only implemented for interfaces!
 -> (artifact id: 'b1b39c4c7e6003253e6b1ccdb37c65d7') in 0.004943 seconds
Number of updated asset objects reloaded before import = 0
Number of asset objects unloaded after import = 1
========================================================================
Received Import Request.
  Time since last request: 0.010377 seconds.
  path: Assets/Light_sound_seb_train/Lightmap-80_comp_dir.png
  artifactKey: Guid(734ce1e5b4913c84aa7a2704572f5f26) Importer(2089858483,934ff659095e30574adcf32a4c2f97b5)
Start importing Assets/Light_sound_seb_train/Lightmap-80_comp_dir.png using Guid(734ce1e5b4913c84aa7a2704572f5f26) Importer(2089858483,934ff659095e30574adcf32a4c2f97b5) Generated GUIDs only implemented for interfaces!
 -> (artifact id: '1845fda0fa7930b7ad10c76495e018bc') in 0.004322 seconds
Number of updated asset objects reloaded before import = 0
Number of asset objects unloaded after import = 1
========================================================================
Received Import Request.
  Time since last request: 0.009044 seconds.
  path: Assets/Light_sound_seb_train/Lightmap-59_comp_shadowmask.png
  artifactKey: Guid(1a072beb3d000584d9208dd16889c544) Importer(2089858483,934ff659095e30574adcf32a4c2f97b5)
Start importing Assets/Light_sound_seb_train/Lightmap-59_comp_shadowmask.png using Guid(1a072beb3d000584d9208dd16889c544) Importer(2089858483,934ff659095e30574adcf32a4c2f97b5) Generated GUIDs only implemented for interfaces!
 -> (artifact id: '38b6be26b99eec5b4862958e1fc68b56') in 0.006019 seconds
Number of updated asset objects reloaded before import = 0
Number of asset objects unloaded after import = 1
========================================================================
Received Import Request.
  Time since last request: 0.000027 seconds.
  path: Assets/Light_sound_seb_train/Lightmap-75_comp_light.exr
  artifactKey: Guid(a3a8ef9d6a150764e9dc2c3000cc45a9) Importer(2089858483,934ff659095e30574adcf32a4c2f97b5)
Start importing Assets/Light_sound_seb_train/Lightmap-75_comp_light.exr using Guid(a3a8ef9d6a150764e9dc2c3000cc45a9) Importer(2089858483,934ff659095e30574adcf32a4c2f97b5) Generated GUIDs only implemented for interfaces!
 -> (artifact id: 'c44f785ad9affc7472fe5759f6748285') in 0.004821 seconds
Number of updated asset objects reloaded before import = 0
Number of asset objects unloaded after import = 1
========================================================================
Received Import Request.
  Time since last request: 0.000023 seconds.
  path: Assets/Light_sound_seb_train/Lightmap-79_comp_dir.png
  artifactKey: Guid(4da969a1581ac114bb0208fed05908d9) Importer(2089858483,934ff659095e30574adcf32a4c2f97b5)
Start importing Assets/Light_sound_seb_train/Lightmap-79_comp_dir.png using Guid(4da969a1581ac114bb0208fed05908d9) Importer(2089858483,934ff659095e30574adcf32a4c2f97b5) Generated GUIDs only implemented for interfaces!
 -> (artifact id: '9204ec669b38b0fa734c12215a101d66') in 0.004712 seconds
Number of updated asset objects reloaded before import = 0
Number of asset objects unloaded after import = 1
========================================================================
Received Import Request.
  Time since last request: 0.000021 seconds.
  path: Assets/Light_sound_seb_train/Lightmap-71_comp_shadowmask.png
  artifactKey: Guid(52bf53cca1fce904ba6428e19699fd3f) Importer(2089858483,934ff659095e30574adcf32a4c2f97b5)
Start importing Assets/Light_sound_seb_train/Lightmap-71_comp_shadowmask.png using Guid(52bf53cca1fce904ba6428e19699fd3f) Importer(2089858483,934ff659095e30574adcf32a4c2f97b5) Generated GUIDs only implemented for interfaces!
 -> (artifact id: 'c7be525b6a4d941e5444f3c0cc1c0cdd') in 0.003829 seconds
Number of updated asset objects reloaded before import = 0
Number of asset objects unloaded after import = 1
========================================================================
Received Import Request.
  Time since last request: 0.000025 seconds.
  path: Assets/Light_sound_seb_train/Lightmap-34_comp_shadowmask.png
  artifactKey: Guid(b09066620162ae94ab0a7397a5fdc5be) Importer(2089858483,934ff659095e30574adcf32a4c2f97b5)
Start importing Assets/Light_sound_seb_train/Lightmap-34_comp_shadowmask.png using Guid(b09066620162ae94ab0a7397a5fdc5be) Importer(2089858483,934ff659095e30574adcf32a4c2f97b5) Generated GUIDs only implemented for interfaces!
 -> (artifact id: 'e532cc9376e49d847d54ccbe664b8834') in 0.005320 seconds
Number of updated asset objects reloaded before import = 0
Number of asset objects unloaded after import = 1
========================================================================
Received Import Request.
  Time since last request: 0.000041 seconds.
  path: Assets/Light_sound_seb_train/Lightmap-63_comp_dir.png
  artifactKey: Guid(58fbac5140613e045b3ad4962812c886) Importer(2089858483,934ff659095e30574adcf32a4c2f97b5)
Start importing Assets/Light_sound_seb_train/Lightmap-63_comp_dir.png using Guid(58fbac5140613e045b3ad4962812c886) Importer(2089858483,934ff659095e30574adcf32a4c2f97b5) Generated GUIDs only implemented for interfaces!
 -> (artifact id: '9529426d1bcd27b0b7d4471eb1bcc590') in 0.003932 seconds
Number of updated asset objects reloaded before import = 0
Number of asset objects unloaded after import = 1
========================================================================
Received Import Request.
  Time since last request: 0.000020 seconds.
  path: Assets/Light_sound_seb_train/Lightmap-20_comp_light.exr
  artifactKey: Guid(5b092373bc3370c448baaceef71f6205) Importer(2089858483,934ff659095e30574adcf32a4c2f97b5)
Start importing Assets/Light_sound_seb_train/Lightmap-20_comp_light.exr using Guid(5b092373bc3370c448baaceef71f6205) Importer(2089858483,934ff659095e30574adcf32a4c2f97b5) Generated GUIDs only implemented for interfaces!
 -> (artifact id: '777e7d33bebb2b4edb05c8304c2cf29c') in 0.005263 seconds
Number of updated asset objects reloaded before import = 0
Number of asset objects unloaded after import = 1
========================================================================
Received Import Request.
  Time since last request: 0.000038 seconds.
  path: Assets/Light_sound_seb_train/Lightmap-46_comp_light.exr
  artifactKey: Guid(b36bd7b6d8fc2bd4aaaa75ae588b7854) Importer(2089858483,934ff659095e30574adcf32a4c2f97b5)
Start importing Assets/Light_sound_seb_train/Lightmap-46_comp_light.exr using Guid(b36bd7b6d8fc2bd4aaaa75ae588b7854) Importer(2089858483,934ff659095e30574adcf32a4c2f97b5) Generated GUIDs only implemented for interfaces!
 -> (artifact id: 'd7540165899da2fa3b8e94daaefe0103') in 0.004058 seconds
Number of updated asset objects reloaded before import = 0
Number of asset objects unloaded after import = 1
========================================================================
Received Import Request.
  Time since last request: 0.000037 seconds.
  path: Assets/Light_sound_seb_train/Lightmap-29_comp_shadowmask.png
  artifactKey: Guid(657f39b99c36ed0498d1a5c11108dc02) Importer(2089858483,934ff659095e30574adcf32a4c2f97b5)
Start importing Assets/Light_sound_seb_train/Lightmap-29_comp_shadowmask.png using Guid(657f39b99c36ed0498d1a5c11108dc02) Importer(2089858483,934ff659095e30574adcf32a4c2f97b5) Generated GUIDs only implemented for interfaces!
 -> (artifact id: '8e7e3cae506611dce8573e79ac86f460') in 0.005365 seconds
Number of updated asset objects reloaded before import = 0
Number of asset objects unloaded after import = 1
========================================================================
Received Import Request.
  Time since last request: 0.000062 seconds.
  path: Assets/Light_sound_seb_train/Lightmap-38_comp_shadowmask.png
  artifactKey: Guid(9d2e7729e5ed75f44afb643405f1a2f3) Importer(2089858483,934ff659095e30574adcf32a4c2f97b5)
Start importing Assets/Light_sound_seb_train/Lightmap-38_comp_shadowmask.png using Guid(9d2e7729e5ed75f44afb643405f1a2f3) Importer(2089858483,934ff659095e30574adcf32a4c2f97b5) Generated GUIDs only implemented for interfaces!
 -> (artifact id: '9062161dcb4d6b39c7942d36148f6fcc') in 0.005280 seconds
Number of updated asset objects reloaded before import = 0
Number of asset objects unloaded after import = 1
========================================================================
Received Import Request.
  Time since last request: 0.000036 seconds.
  path: Assets/Light_sound_seb_train/Lightmap-23_comp_dir.png
  artifactKey: Guid(370eb06672038e64c846ad187646e852) Importer(2089858483,934ff659095e30574adcf32a4c2f97b5)
Start importing Assets/Light_sound_seb_train/Lightmap-23_comp_dir.png using Guid(370eb06672038e64c846ad187646e852) Importer(2089858483,934ff659095e30574adcf32a4c2f97b5) Generated GUIDs only implemented for interfaces!
 -> (artifact id: 'f8ae9f093fad0d2b7a56ae7a535ad2af') in 0.004391 seconds
Number of updated asset objects reloaded before import = 0
Number of asset objects unloaded after import = 1
========================================================================
Received Import Request.
  Time since last request: 0.000037 seconds.
  path: Assets/Light_sound_seb_train/Lightmap-47_comp_shadowmask.png
  artifactKey: Guid(175a7d36536b7694da56314f0349efbe) Importer(2089858483,934ff659095e30574adcf32a4c2f97b5)
Start importing Assets/Light_sound_seb_train/Lightmap-47_comp_shadowmask.png using Guid(175a7d36536b7694da56314f0349efbe) Importer(2089858483,934ff659095e30574adcf32a4c2f97b5) Generated GUIDs only implemented for interfaces!
 -> (artifact id: '6910b581ba034f18708a6816b1f08ae7') in 0.003530 seconds
Number of updated asset objects reloaded before import = 0
Number of asset objects unloaded after import = 1
========================================================================
Received Import Request.
  Time since last request: 0.000042 seconds.
  path: Assets/Light_sound_seb_train/Lightmap-77_comp_dir.png
  artifactKey: Guid(83bca1eabccba2d44b1e337736adea0e) Importer(2089858483,934ff659095e30574adcf32a4c2f97b5)
Start importing Assets/Light_sound_seb_train/Lightmap-77_comp_dir.png using Guid(83bca1eabccba2d44b1e337736adea0e) Importer(2089858483,934ff659095e30574adcf32a4c2f97b5) Generated GUIDs only implemented for interfaces!
 -> (artifact id: 'a71228525fc83b0d035fed98ebf66c24') in 0.004542 seconds
Number of updated asset objects reloaded before import = 0
Number of asset objects unloaded after import = 1
========================================================================
Received Import Request.
  Time since last request: 0.000026 seconds.
  path: Assets/Light_sound_seb_train/Lightmap-26_comp_dir.png
  artifactKey: Guid(cec9e30fb64fb054cb997f34917448f7) Importer(2089858483,934ff659095e30574adcf32a4c2f97b5)
Start importing Assets/Light_sound_seb_train/Lightmap-26_comp_dir.png using Guid(cec9e30fb64fb054cb997f34917448f7) Importer(2089858483,934ff659095e30574adcf32a4c2f97b5) Generated GUIDs only implemented for interfaces!
 -> (artifact id: '36988654904ee996f5ed8ea8415b1cc7') in 0.003803 seconds
Number of updated asset objects reloaded before import = 0
Number of asset objects unloaded after import = 1
========================================================================
Received Import Request.
  Time since last request: 0.000048 seconds.
  path: Assets/Light_sound_seb_train/Lightmap-69_comp_light.exr
  artifactKey: Guid(5a3c9fd5ebbd4c543b5bbbbee233d01e) Importer(2089858483,934ff659095e30574adcf32a4c2f97b5)
Start importing Assets/Light_sound_seb_train/Lightmap-69_comp_light.exr using Guid(5a3c9fd5ebbd4c543b5bbbbee233d01e) Importer(2089858483,934ff659095e30574adcf32a4c2f97b5) Generated GUIDs only implemented for interfaces!
 -> (artifact id: 'fb7c86032500b9303ce80a756931fdd4') in 0.004742 seconds
Number of updated asset objects reloaded before import = 0
Number of asset objects unloaded after import = 1
========================================================================
Received Import Request.
  Time since last request: 0.000024 seconds.
  path: Assets/Light_sound_seb_train/Lightmap-54_comp_dir.png
  artifactKey: Guid(5a312edd2a2acf44c82f8bd38f6274cb) Importer(2089858483,934ff659095e30574adcf32a4c2f97b5)
Start importing Assets/Light_sound_seb_train/Lightmap-54_comp_dir.png using Guid(5a312edd2a2acf44c82f8bd38f6274cb) Importer(2089858483,934ff659095e30574adcf32a4c2f97b5) Generated GUIDs only implemented for interfaces!
 -> (artifact id: '90afca1b507be6d2eb911d4f1e582224') in 0.003790 seconds
Number of updated asset objects reloaded before import = 0
Number of asset objects unloaded after import = 1
========================================================================
Received Import Request.
  Time since last request: 0.000029 seconds.
  path: Assets/Light_sound_seb_train/Lightmap-76_comp_dir.png
  artifactKey: Guid(49180aa2975599a4ab133d51522a1e6a) Importer(2089858483,934ff659095e30574adcf32a4c2f97b5)
Start importing Assets/Light_sound_seb_train/Lightmap-76_comp_dir.png using Guid(49180aa2975599a4ab133d51522a1e6a) Importer(2089858483,934ff659095e30574adcf32a4c2f97b5) Generated GUIDs only implemented for interfaces!
 -> (artifact id: '70f05ea42ac44cecb23c2b49a0122700') in 0.004491 seconds
Number of updated asset objects reloaded before import = 0
Number of asset objects unloaded after import = 1
========================================================================
Received Import Request.
  Time since last request: 0.000030 seconds.
  path: Assets/Light_sound_seb_train/Lightmap-43_comp_dir.png
  artifactKey: Guid(865a2977c38d75a4a82c2cac194547ec) Importer(2089858483,934ff659095e30574adcf32a4c2f97b5)
Start importing Assets/Light_sound_seb_train/Lightmap-43_comp_dir.png using Guid(865a2977c38d75a4a82c2cac194547ec) Importer(2089858483,934ff659095e30574adcf32a4c2f97b5) Generated GUIDs only implemented for interfaces!
 -> (artifact id: 'c2bb1c630e4d7ec18dc352d5565cf75a') in 0.003425 seconds
Number of updated asset objects reloaded before import = 0
Number of asset objects unloaded after import = 1
========================================================================
Received Import Request.
  Time since last request: 0.000026 seconds.
  path: Assets/Light_sound_seb_train/Lightmap-48_comp_dir.png
  artifactKey: Guid(798c73962b3fb9f4b91928f03df4fc9e) Importer(2089858483,934ff659095e30574adcf32a4c2f97b5)
Start importing Assets/Light_sound_seb_train/Lightmap-48_comp_dir.png using Guid(798c73962b3fb9f4b91928f03df4fc9e) Importer(2089858483,934ff659095e30574adcf32a4c2f97b5) Generated GUIDs only implemented for interfaces!
 -> (artifact id: '221f7acf9f7cdbaacdaf6b03d58a67d8') in 0.005284 seconds
Number of updated asset objects reloaded before import = 0
Number of asset objects unloaded after import = 1
========================================================================
Received Import Request.
  Time since last request: 0.000028 seconds.
  path: Assets/Light_sound_seb_train/Lightmap-73_comp_shadowmask.png
  artifactKey: Guid(a5e0a189fa7a6684bbdeb48fd8bbc695) Importer(2089858483,934ff659095e30574adcf32a4c2f97b5)
Start importing Assets/Light_sound_seb_train/Lightmap-73_comp_shadowmask.png using Guid(a5e0a189fa7a6684bbdeb48fd8bbc695) Importer(2089858483,934ff659095e30574adcf32a4c2f97b5) Generated GUIDs only implemented for interfaces!
 -> (artifact id: 'dd89a0e7c18f5b971e404b56d4e6d1d9') in 0.003675 seconds
Number of updated asset objects reloaded before import = 0
Number of asset objects unloaded after import = 1
========================================================================
Received Import Request.
  Time since last request: 0.000034 seconds.
  path: Assets/Light_sound_seb_train/Lightmap-59_comp_dir.png
  artifactKey: Guid(f877a823516e6734fa935e00e733c632) Importer(2089858483,934ff659095e30574adcf32a4c2f97b5)
Start importing Assets/Light_sound_seb_train/Lightmap-59_comp_dir.png using Guid(f877a823516e6734fa935e00e733c632) Importer(2089858483,934ff659095e30574adcf32a4c2f97b5) Generated GUIDs only implemented for interfaces!
 -> (artifact id: 'c2c0afba3dd24bb7a6887687ec21fb4f') in 0.004418 seconds
Number of updated asset objects reloaded before import = 0
Number of asset objects unloaded after import = 1
========================================================================
Received Import Request.
  Time since last request: 0.000024 seconds.
  path: Assets/Light_sound_seb_train/Lightmap-23_comp_shadowmask.png
  artifactKey: Guid(9473d2a902abb2a469e8483c18ab7874) Importer(2089858483,934ff659095e30574adcf32a4c2f97b5)
Start importing Assets/Light_sound_seb_train/Lightmap-23_comp_shadowmask.png using Guid(9473d2a902abb2a469e8483c18ab7874) Importer(2089858483,934ff659095e30574adcf32a4c2f97b5) Generated GUIDs only implemented for interfaces!
 -> (artifact id: 'dbaade410a00dddb850366b14d068ff8') in 0.003429 seconds
Number of updated asset objects reloaded before import = 0
Number of asset objects unloaded after import = 1
========================================================================
Received Import Request.
  Time since last request: 0.000022 seconds.
  path: Assets/Light_sound_seb_train/Lightmap-75_comp_shadowmask.png
  artifactKey: Guid(a4c3e5e2433d1b4469d9a0685827c445) Importer(2089858483,934ff659095e30574adcf32a4c2f97b5)
Start importing Assets/Light_sound_seb_train/Lightmap-75_comp_shadowmask.png using Guid(a4c3e5e2433d1b4469d9a0685827c445) Importer(2089858483,934ff659095e30574adcf32a4c2f97b5) Generated GUIDs only implemented for interfaces!
 -> (artifact id: 'a7ed2316fffa4d95758c006ca61c2b95') in 0.004779 seconds
Number of updated asset objects reloaded before import = 0
Number of asset objects unloaded after import = 1
========================================================================
Received Import Request.
  Time since last request: 0.000033 seconds.
  path: Assets/Light_sound_seb_train/Lightmap-25_comp_light.exr
  artifactKey: Guid(0ae96cbc251861c4b99edd602e145432) Importer(2089858483,934ff659095e30574adcf32a4c2f97b5)
Start importing Assets/Light_sound_seb_train/Lightmap-25_comp_light.exr using Guid(0ae96cbc251861c4b99edd602e145432) Importer(2089858483,934ff659095e30574adcf32a4c2f97b5) Generated GUIDs only implemented for interfaces!
 -> (artifact id: '1198f1d52eb557df2bd8b2d4259f12fb') in 0.004723 seconds
Number of updated asset objects reloaded before import = 0
Number of asset objects unloaded after import = 1
========================================================================
Received Import Request.
  Time since last request: 0.000022 seconds.
  path: Assets/Light_sound_seb_train/Lightmap-66_comp_shadowmask.png
  artifactKey: Guid(b87f9980c80677f4c9b3524422546d9b) Importer(2089858483,934ff659095e30574adcf32a4c2f97b5)
Start importing Assets/Light_sound_seb_train/Lightmap-66_comp_shadowmask.png using Guid(b87f9980c80677f4c9b3524422546d9b) Importer(2089858483,934ff659095e30574adcf32a4c2f97b5) Generated GUIDs only implemented for interfaces!
 -> (artifact id: '5a6b6331fcb3465bc6becb24c25101c1') in 0.004274 seconds
Number of updated asset objects reloaded before import = 0
Number of asset objects unloaded after import = 1
========================================================================
Received Import Request.
  Time since last request: 0.000012 seconds.
  path: Assets/Light_sound_seb_train/Lightmap-53_comp_dir.png
  artifactKey: Guid(7600f35d5d972a4448699fa1e8c474c9) Importer(2089858483,934ff659095e30574adcf32a4c2f97b5)
Start importing Assets/Light_sound_seb_train/Lightmap-53_comp_dir.png using Guid(7600f35d5d972a4448699fa1e8c474c9) Importer(2089858483,934ff659095e30574adcf32a4c2f97b5) Generated GUIDs only implemented for interfaces!
 -> (artifact id: '09eae6a2ca76ad0ee9b31f6190be1f02') in 0.004744 seconds
Number of updated asset objects reloaded before import = 0
Number of asset objects unloaded after import = 1
========================================================================
Received Import Request.
  Time since last request: 0.000037 seconds.
  path: Assets/Light_sound_seb_train/Lightmap-81_comp_dir.png
  artifactKey: Guid(0aac7c707be21fa4ab62adf729358bfd) Importer(2089858483,934ff659095e30574adcf32a4c2f97b5)
Start importing Assets/Light_sound_seb_train/Lightmap-81_comp_dir.png using Guid(0aac7c707be21fa4ab62adf729358bfd) Importer(2089858483,934ff659095e30574adcf32a4c2f97b5) Generated GUIDs only implemented for interfaces!
 -> (artifact id: 'b93cb34687ce62bc7e38ede9c8cc3107') in 0.003724 seconds
Number of updated asset objects reloaded before import = 0
Number of asset objects unloaded after import = 1
========================================================================
Received Import Request.
  Time since last request: 0.000048 seconds.
  path: Assets/Light_sound_seb_train/Lightmap-84_comp_shadowmask.png
  artifactKey: Guid(f23e0851d3019c94ba5032db9a20fbda) Importer(2089858483,934ff659095e30574adcf32a4c2f97b5)
Start importing Assets/Light_sound_seb_train/Lightmap-84_comp_shadowmask.png using Guid(f23e0851d3019c94ba5032db9a20fbda) Importer(2089858483,934ff659095e30574adcf32a4c2f97b5) Generated GUIDs only implemented for interfaces!
 -> (artifact id: '86f74e8c1db72e334d42fcdf676946fe') in 0.005328 seconds
Number of updated asset objects reloaded before import = 0
Number of asset objects unloaded after import = 1
========================================================================
Received Import Request.
  Time since last request: 0.000027 seconds.
  path: Assets/Light_sound_seb_train/Lightmap-15_comp_dir.png
  artifactKey: Guid(20c30e2eda10b87458231e619193f9c6) Importer(2089858483,934ff659095e30574adcf32a4c2f97b5)
Start importing Assets/Light_sound_seb_train/Lightmap-15_comp_dir.png using Guid(20c30e2eda10b87458231e619193f9c6) Importer(2089858483,934ff659095e30574adcf32a4c2f97b5) Generated GUIDs only implemented for interfaces!
 -> (artifact id: 'e83f61a590fa98b498ba44422ac72db5') in 0.003649 seconds
Number of updated asset objects reloaded before import = 0
Number of asset objects unloaded after import = 1
========================================================================
Received Import Request.
  Time since last request: 0.000025 seconds.
  path: Assets/Light_sound_seb_train/Lightmap-48_comp_light.exr
  artifactKey: Guid(e5dc04a0ba70d5240a43185c378a7aa4) Importer(2089858483,934ff659095e30574adcf32a4c2f97b5)
Start importing Assets/Light_sound_seb_train/Lightmap-48_comp_light.exr using Guid(e5dc04a0ba70d5240a43185c378a7aa4) Importer(2089858483,934ff659095e30574adcf32a4c2f97b5) Generated GUIDs only implemented for interfaces!
 -> (artifact id: 'dccf12854c452e011c523fe4e655ff11') in 0.004472 seconds
Number of updated asset objects reloaded before import = 0
Number of asset objects unloaded after import = 1
========================================================================
Received Import Request.
  Time since last request: 0.000019 seconds.
  path: Assets/Light_sound_seb_train/Lightmap-55_comp_light.exr
  artifactKey: Guid(18f1d0a2420b43442a977e62c512c4f7) Importer(2089858483,934ff659095e30574adcf32a4c2f97b5)
Start importing Assets/Light_sound_seb_train/Lightmap-55_comp_light.exr using Guid(18f1d0a2420b43442a977e62c512c4f7) Importer(2089858483,934ff659095e30574adcf32a4c2f97b5) Generated GUIDs only implemented for interfaces!
 -> (artifact id: '61f04e9739a6b1312e0dd1eabb325b1b') in 0.004384 seconds
Number of updated asset objects reloaded before import = 0
Number of asset objects unloaded after import = 1
========================================================================
Received Import Request.
  Time since last request: 0.000042 seconds.
  path: Assets/Light_sound_seb_train/Lightmap-31_comp_dir.png
  artifactKey: Guid(fa5ac3456e700c74c825e54829bfec2e) Importer(2089858483,934ff659095e30574adcf32a4c2f97b5)
Start importing Assets/Light_sound_seb_train/Lightmap-31_comp_dir.png using Guid(fa5ac3456e700c74c825e54829bfec2e) Importer(2089858483,934ff659095e30574adcf32a4c2f97b5) Generated GUIDs only implemented for interfaces!
 -> (artifact id: '41b4e073b0f3f8250a7ecf4acee0a8cd') in 0.003501 seconds
Number of updated asset objects reloaded before import = 0
Number of asset objects unloaded after import = 1
========================================================================
Received Import Request.
  Time since last request: 0.000013 seconds.
  path: Assets/Light_sound_seb_train/Lightmap-45_comp_dir.png
  artifactKey: Guid(232b2cf807d1eec48bd4a2fde9c9f557) Importer(2089858483,934ff659095e30574adcf32a4c2f97b5)
Start importing Assets/Light_sound_seb_train/Lightmap-45_comp_dir.png using Guid(232b2cf807d1eec48bd4a2fde9c9f557) Importer(2089858483,934ff659095e30574adcf32a4c2f97b5) Generated GUIDs only implemented for interfaces!
 -> (artifact id: 'c5012d229323dd299e8c8cd298e31144') in 0.003703 seconds
Number of updated asset objects reloaded before import = 0
Number of asset objects unloaded after import = 1
========================================================================
Received Import Request.
  Time since last request: 0.000028 seconds.
  path: Assets/Light_sound_seb_train/Lightmap-79_comp_light.exr
  artifactKey: Guid(3d90e0eff3d6d3649b3375c0ee0ba215) Importer(2089858483,934ff659095e30574adcf32a4c2f97b5)
Start importing Assets/Light_sound_seb_train/Lightmap-79_comp_light.exr using Guid(3d90e0eff3d6d3649b3375c0ee0ba215) Importer(2089858483,934ff659095e30574adcf32a4c2f97b5) Generated GUIDs only implemented for interfaces!
 -> (artifact id: 'c3c6a8e72165921a43719f70dd91009a') in 0.004446 seconds
Number of updated asset objects reloaded before import = 0
Number of asset objects unloaded after import = 1
========================================================================
Received Import Request.
  Time since last request: 0.000027 seconds.
  path: Assets/Light_sound_seb_train/Lightmap-42_comp_shadowmask.png
  artifactKey: Guid(decd406f4621efb48a90f6648cc1889d) Importer(2089858483,934ff659095e30574adcf32a4c2f97b5)
Start importing Assets/Light_sound_seb_train/Lightmap-42_comp_shadowmask.png using Guid(decd406f4621efb48a90f6648cc1889d) Importer(2089858483,934ff659095e30574adcf32a4c2f97b5) Generated GUIDs only implemented for interfaces!
 -> (artifact id: 'b96caa4ce9f506ddbce9734674a87da2') in 0.004675 seconds
Number of updated asset objects reloaded before import = 0
Number of asset objects unloaded after import = 1
========================================================================
Received Import Request.
  Time since last request: 0.000026 seconds.
  path: Assets/Light_sound_seb_train/Lightmap-44_comp_dir.png
  artifactKey: Guid(6bbece56413499f4e90aa7e895e5288d) Importer(2089858483,934ff659095e30574adcf32a4c2f97b5)
Start importing Assets/Light_sound_seb_train/Lightmap-44_comp_dir.png using Guid(6bbece56413499f4e90aa7e895e5288d) Importer(2089858483,934ff659095e30574adcf32a4c2f97b5) Generated GUIDs only implemented for interfaces!
 -> (artifact id: 'c6e31469425d43028110ccb6bb8014fb') in 0.004779 seconds
Number of updated asset objects reloaded before import = 0
Number of asset objects unloaded after import = 1
========================================================================
Received Import Request.
  Time since last request: 0.000157 seconds.
  path: Assets/Light_sound_seb_train/Lightmap-21_comp_light.exr
  artifactKey: Guid(f51374c2f6a23ec43942f3db920ddd2e) Importer(2089858483,934ff659095e30574adcf32a4c2f97b5)
Start importing Assets/Light_sound_seb_train/Lightmap-21_comp_light.exr using Guid(f51374c2f6a23ec43942f3db920ddd2e) Importer(2089858483,934ff659095e30574adcf32a4c2f97b5) Generated GUIDs only implemented for interfaces!
 -> (artifact id: '1f0b2552da034753e1026a7ec8fc41f3') in 0.004432 seconds
Number of updated asset objects reloaded before import = 0
Number of asset objects unloaded after import = 1
========================================================================
Received Import Request.
  Time since last request: 0.000020 seconds.
  path: Assets/Light_sound_seb_train/Lightmap-24_comp_light.exr
  artifactKey: Guid(e114c6bada40e2946bb7e5c6cb29c1f9) Importer(2089858483,934ff659095e30574adcf32a4c2f97b5)
Start importing Assets/Light_sound_seb_train/Lightmap-24_comp_light.exr using Guid(e114c6bada40e2946bb7e5c6cb29c1f9) Importer(2089858483,934ff659095e30574adcf32a4c2f97b5) Generated GUIDs only implemented for interfaces!
 -> (artifact id: 'e916cc8ac9a7ad69b4130bbc8bc46a59') in 0.004169 seconds
Number of updated asset objects reloaded before import = 0
Number of asset objects unloaded after import = 1
========================================================================
Received Import Request.
  Time since last request: 0.000029 seconds.
  path: Assets/Light_sound_seb_train/Lightmap-41_comp_light.exr
  artifactKey: Guid(0411bbbc1f54dbf459e388555fc89369) Importer(2089858483,934ff659095e30574adcf32a4c2f97b5)
Start importing Assets/Light_sound_seb_train/Lightmap-41_comp_light.exr using Guid(0411bbbc1f54dbf459e388555fc89369) Importer(2089858483,934ff659095e30574adcf32a4c2f97b5) Generated GUIDs only implemented for interfaces!
 -> (artifact id: '0bb5027ec0eef7e8236de0764008f945') in 0.005569 seconds
Number of updated asset objects reloaded before import = 0
Number of asset objects unloaded after import = 1
========================================================================
Received Import Request.
  Time since last request: 0.000028 seconds.
  path: Assets/Light_sound_seb_train/Lightmap-67_comp_light.exr
  artifactKey: Guid(55658464f5cdcdc4b887b28cff29b1f5) Importer(2089858483,934ff659095e30574adcf32a4c2f97b5)
Start importing Assets/Light_sound_seb_train/Lightmap-67_comp_light.exr using Guid(55658464f5cdcdc4b887b28cff29b1f5) Importer(2089858483,934ff659095e30574adcf32a4c2f97b5) Generated GUIDs only implemented for interfaces!
 -> (artifact id: 'b9c0cacbc03f44255f79d10ecdab27f5') in 0.005541 seconds
Number of updated asset objects reloaded before import = 0
Number of asset objects unloaded after import = 1
========================================================================
Received Import Request.
  Time since last request: 0.000028 seconds.
  path: Assets/Light_sound_seb_train/Lightmap-14_comp_shadowmask.png
  artifactKey: Guid(33b0595f6d864fc4db0c296bb009f716) Importer(2089858483,934ff659095e30574adcf32a4c2f97b5)
Start importing Assets/Light_sound_seb_train/Lightmap-14_comp_shadowmask.png using Guid(33b0595f6d864fc4db0c296bb009f716) Importer(2089858483,934ff659095e30574adcf32a4c2f97b5) Generated GUIDs only implemented for interfaces!
 -> (artifact id: '5c7792169fdb500d0caf06bba318f0bf') in 0.004495 seconds
Number of updated asset objects reloaded before import = 0
Number of asset objects unloaded after import = 1
========================================================================
Received Import Request.
  Time since last request: 0.000035 seconds.
  path: Assets/Light_sound_seb_train/Lightmap-39_comp_shadowmask.png
  artifactKey: Guid(b0417178fc5c4504592bb74a3532a8ea) Importer(2089858483,934ff659095e30574adcf32a4c2f97b5)
Start importing Assets/Light_sound_seb_train/Lightmap-39_comp_shadowmask.png using Guid(b0417178fc5c4504592bb74a3532a8ea) Importer(2089858483,934ff659095e30574adcf32a4c2f97b5) Generated GUIDs only implemented for interfaces!
 -> (artifact id: '81ba537e565ed6cc91dbf11e11784626') in 0.005720 seconds
Number of updated asset objects reloaded before import = 0
Number of asset objects unloaded after import = 1
========================================================================
Received Import Request.
  Time since last request: 0.000037 seconds.
  path: Assets/Light_sound_seb_train/Lightmap-34_comp_light.exr
  artifactKey: Guid(917166352defc8d4b8636b97b81e3d6f) Importer(2089858483,934ff659095e30574adcf32a4c2f97b5)
Start importing Assets/Light_sound_seb_train/Lightmap-34_comp_light.exr using Guid(917166352defc8d4b8636b97b81e3d6f) Importer(2089858483,934ff659095e30574adcf32a4c2f97b5) Generated GUIDs only implemented for interfaces!
 -> (artifact id: 'beda448e9f1971ebf7b570eaa419ad93') in 0.005349 seconds
Number of updated asset objects reloaded before import = 0
Number of asset objects unloaded after import = 1
========================================================================
Received Import Request.
  Time since last request: 0.000021 seconds.
  path: Assets/Light_sound_seb_train/Lightmap-15_comp_shadowmask.png
  artifactKey: Guid(327b0ce56587e044f8c8ea255098111a) Importer(2089858483,934ff659095e30574adcf32a4c2f97b5)
Start importing Assets/Light_sound_seb_train/Lightmap-15_comp_shadowmask.png using Guid(327b0ce56587e044f8c8ea255098111a) Importer(2089858483,934ff659095e30574adcf32a4c2f97b5) Generated GUIDs only implemented for interfaces!
 -> (artifact id: 'd1859c00efc480e514aa1671df73bd46') in 0.004930 seconds
Number of updated asset objects reloaded before import = 0
Number of asset objects unloaded after import = 1
========================================================================
Received Import Request.
  Time since last request: 0.000025 seconds.
  path: Assets/Light_sound_seb_train/Lightmap-62_comp_dir.png
  artifactKey: Guid(da65b35ba6ee29843bdae3ce05a96ea3) Importer(2089858483,934ff659095e30574adcf32a4c2f97b5)
Start importing Assets/Light_sound_seb_train/Lightmap-62_comp_dir.png using Guid(da65b35ba6ee29843bdae3ce05a96ea3) Importer(2089858483,934ff659095e30574adcf32a4c2f97b5) Generated GUIDs only implemented for interfaces!
 -> (artifact id: 'cec37079b12c3caae68ffcf1020b7188') in 0.005607 seconds
Number of updated asset objects reloaded before import = 0
Number of asset objects unloaded after import = 1
========================================================================
Received Import Request.
  Time since last request: 0.000035 seconds.
  path: Assets/Light_sound_seb_train/Lightmap-40_comp_shadowmask.png
  artifactKey: Guid(51ec962fc2fb1944d8e29eacaf4c0775) Importer(2089858483,934ff659095e30574adcf32a4c2f97b5)
Start importing Assets/Light_sound_seb_train/Lightmap-40_comp_shadowmask.png using Guid(51ec962fc2fb1944d8e29eacaf4c0775) Importer(2089858483,934ff659095e30574adcf32a4c2f97b5) Generated GUIDs only implemented for interfaces!
 -> (artifact id: '3c2bbda0117980445acf4c470c15c781') in 0.004962 seconds
Number of updated asset objects reloaded before import = 0
Number of asset objects unloaded after import = 1
========================================================================
Received Import Request.
  Time since last request: 0.000050 seconds.
  path: Assets/Light_sound_seb_train/Lightmap-49_comp_light.exr
  artifactKey: Guid(e4d00254002a34549a55820ad9f3733c) Importer(2089858483,934ff659095e30574adcf32a4c2f97b5)
Start importing Assets/Light_sound_seb_train/Lightmap-49_comp_light.exr using Guid(e4d00254002a34549a55820ad9f3733c) Importer(2089858483,934ff659095e30574adcf32a4c2f97b5) Generated GUIDs only implemented for interfaces!
 -> (artifact id: '998bb7396b4918dd11c929d609544b22') in 0.005292 seconds
Number of updated asset objects reloaded before import = 0
Number of asset objects unloaded after import = 1
========================================================================
Received Import Request.
  Time since last request: 0.000017 seconds.
  path: Assets/Light_sound_seb_train/Lightmap-82_comp_light.exr
  artifactKey: Guid(51169b0e17ccb3b4ba01b79f35e99d3d) Importer(2089858483,934ff659095e30574adcf32a4c2f97b5)
Start importing Assets/Light_sound_seb_train/Lightmap-82_comp_light.exr using Guid(51169b0e17ccb3b4ba01b79f35e99d3d) Importer(2089858483,934ff659095e30574adcf32a4c2f97b5) Generated GUIDs only implemented for interfaces!
 -> (artifact id: 'a26209e7ac3a54f5a8f3977f42ac763d') in 0.006092 seconds
Number of updated asset objects reloaded before import = 0
Number of asset objects unloaded after import = 1
========================================================================
Received Import Request.
  Time since last request: 0.000036 seconds.
  path: Assets/Light_sound_seb_train/Lightmap-19_comp_shadowmask.png
  artifactKey: Guid(36314781e67e9414c991737672a38463) Importer(2089858483,934ff659095e30574adcf32a4c2f97b5)
Start importing Assets/Light_sound_seb_train/Lightmap-19_comp_shadowmask.png using Guid(36314781e67e9414c991737672a38463) Importer(2089858483,934ff659095e30574adcf32a4c2f97b5) Generated GUIDs only implemented for interfaces!
 -> (artifact id: '00ed19db379f1160165e982f513aedaf') in 0.005094 seconds
Number of updated asset objects reloaded before import = 0
Number of asset objects unloaded after import = 1
========================================================================
Received Import Request.
  Time since last request: 0.000046 seconds.
  path: Assets/Light_sound_seb_train/Lightmap-20_comp_shadowmask.png
  artifactKey: Guid(7229d082d2d3f294e9f20c532751a1b0) Importer(2089858483,934ff659095e30574adcf32a4c2f97b5)
Start importing Assets/Light_sound_seb_train/Lightmap-20_comp_shadowmask.png using Guid(7229d082d2d3f294e9f20c532751a1b0) Importer(2089858483,934ff659095e30574adcf32a4c2f97b5) Generated GUIDs only implemented for interfaces!
 -> (artifact id: '7f419029629cc22b959958d7a404b508') in 0.005470 seconds
Number of updated asset objects reloaded before import = 0
Number of asset objects unloaded after import = 1
========================================================================
Received Import Request.
  Time since last request: 0.000036 seconds.
  path: Assets/Light_sound_seb_train/Lightmap-85_comp_light.exr
  artifactKey: Guid(f9390a8d594279749929e0fb55bc3657) Importer(2089858483,934ff659095e30574adcf32a4c2f97b5)
Start importing Assets/Light_sound_seb_train/Lightmap-85_comp_light.exr using Guid(f9390a8d594279749929e0fb55bc3657) Importer(2089858483,934ff659095e30574adcf32a4c2f97b5) Generated GUIDs only implemented for interfaces!
 -> (artifact id: 'bd09b61c9543bfe30066c4dfd6e88ad0') in 0.006395 seconds
Number of updated asset objects reloaded before import = 0
Number of asset objects unloaded after import = 1
========================================================================
Received Import Request.
  Time since last request: 0.000026 seconds.
  path: Assets/Light_sound_seb_train/Lightmap-66_comp_dir.png
  artifactKey: Guid(a3eafb3ee14908c4b9c626cf33e9f2c5) Importer(2089858483,934ff659095e30574adcf32a4c2f97b5)
Start importing Assets/Light_sound_seb_train/Lightmap-66_comp_dir.png using Guid(a3eafb3ee14908c4b9c626cf33e9f2c5) Importer(2089858483,934ff659095e30574adcf32a4c2f97b5) Generated GUIDs only implemented for interfaces!
 -> (artifact id: 'e200264d689e7f29bb8039e90ab9b3c4') in 0.005517 seconds
Number of updated asset objects reloaded before import = 0
Number of asset objects unloaded after import = 1
========================================================================
Received Import Request.
  Time since last request: 0.000040 seconds.
  path: Assets/Light_sound_seb_train/Lightmap-35_comp_shadowmask.png
  artifactKey: Guid(cbc3f4921ce4f114b89b39cd6828b66c) Importer(2089858483,934ff659095e30574adcf32a4c2f97b5)
Start importing Assets/Light_sound_seb_train/Lightmap-35_comp_shadowmask.png using Guid(cbc3f4921ce4f114b89b39cd6828b66c) Importer(2089858483,934ff659095e30574adcf32a4c2f97b5) Generated GUIDs only implemented for interfaces!
 -> (artifact id: 'a8d6bb93a66b779486ad4c4a32d4c066') in 0.005756 seconds
Number of updated asset objects reloaded before import = 0
Number of asset objects unloaded after import = 1
========================================================================
Received Import Request.
  Time since last request: 0.000030 seconds.
  path: Assets/Light_sound_seb_train/Lightmap-83_comp_shadowmask.png
  artifactKey: Guid(07f5ddf417033ae4bb369fcbe1a154cc) Importer(2089858483,934ff659095e30574adcf32a4c2f97b5)
Start importing Assets/Light_sound_seb_train/Lightmap-83_comp_shadowmask.png using Guid(07f5ddf417033ae4bb369fcbe1a154cc) Importer(2089858483,934ff659095e30574adcf32a4c2f97b5) Generated GUIDs only implemented for interfaces!
 -> (artifact id: '01ab0225a38c57da76482faad59aee3d') in 0.005384 seconds
Number of updated asset objects reloaded before import = 0
Number of asset objects unloaded after import = 1
========================================================================
Received Import Request.
  Time since last request: 0.000048 seconds.
  path: Assets/Light_sound_seb_train/Lightmap-16_comp_dir.png
  artifactKey: Guid(b2c3672df5bab8444bb68ea2a1f4107e) Importer(2089858483,934ff659095e30574adcf32a4c2f97b5)
Start importing Assets/Light_sound_seb_train/Lightmap-16_comp_dir.png using Guid(b2c3672df5bab8444bb68ea2a1f4107e) Importer(2089858483,934ff659095e30574adcf32a4c2f97b5) Generated GUIDs only implemented for interfaces!
 -> (artifact id: 'ed7f16976951e0dda86223b227b9f39f') in 0.029344 seconds
Number of updated asset objects reloaded before import = 0
Number of asset objects unloaded after import = 1
========================================================================
Received Import Request.
  Time since last request: 0.000025 seconds.
  path: Assets/Light_sound_seb_train/Lightmap-54_comp_light.exr
  artifactKey: Guid(a52e106b1653b5b48aaebef7262d4607) Importer(2089858483,934ff659095e30574adcf32a4c2f97b5)
Start importing Assets/Light_sound_seb_train/Lightmap-54_comp_light.exr using Guid(a52e106b1653b5b48aaebef7262d4607) Importer(2089858483,934ff659095e30574adcf32a4c2f97b5) Generated GUIDs only implemented for interfaces!
 -> (artifact id: '8fd9a0746eeb792bd4f07847036a3940') in 0.006156 seconds
Number of updated asset objects reloaded before import = 0
Number of asset objects unloaded after import = 1
========================================================================
Received Import Request.
  Time since last request: 0.000017 seconds.
  path: Assets/Light_sound_seb_train/Lightmap-56_comp_shadowmask.png
  artifactKey: Guid(5545573a1ac6b71409c7f63719c46047) Importer(2089858483,934ff659095e30574adcf32a4c2f97b5)
Start importing Assets/Light_sound_seb_train/Lightmap-56_comp_shadowmask.png using Guid(5545573a1ac6b71409c7f63719c46047) Importer(2089858483,934ff659095e30574adcf32a4c2f97b5) Generated GUIDs only implemented for interfaces!
 -> (artifact id: 'a7a7a913ec65d7fd85cca09872a730bf') in 0.005273 seconds
Number of updated asset objects reloaded before import = 0
Number of asset objects unloaded after import = 1
========================================================================
Received Import Request.
  Time since last request: 0.000022 seconds.
  path: Assets/Light_sound_seb_train/Lightmap-35_comp_dir.png
  artifactKey: Guid(d39d5f5f969f49f44a3fb2e611a3fbfc) Importer(2089858483,934ff659095e30574adcf32a4c2f97b5)
Start importing Assets/Light_sound_seb_train/Lightmap-35_comp_dir.png using Guid(d39d5f5f969f49f44a3fb2e611a3fbfc) Importer(2089858483,934ff659095e30574adcf32a4c2f97b5) Generated GUIDs only implemented for interfaces!
 -> (artifact id: 'e36f27c5744580e9b4c42e69bd0030d4') in 0.005540 seconds
Number of updated asset objects reloaded before import = 0
Number of asset objects unloaded after import = 1
========================================================================
Received Import Request.
  Time since last request: 0.000015 seconds.
  path: Assets/Light_sound_seb_train/Lightmap-55_comp_dir.png
  artifactKey: Guid(20cbbf646244a024c96a3f220e4d602d) Importer(2089858483,934ff659095e30574adcf32a4c2f97b5)
Start importing Assets/Light_sound_seb_train/Lightmap-55_comp_dir.png using Guid(20cbbf646244a024c96a3f220e4d602d) Importer(2089858483,934ff659095e30574adcf32a4c2f97b5) Generated GUIDs only implemented for interfaces!
 -> (artifact id: '9ecc61e6e183ed9617f5004cf8279d91') in 0.005296 seconds
Number of updated asset objects reloaded before import = 0
Number of asset objects unloaded after import = 1
========================================================================
Received Import Request.
  Time since last request: 0.000045 seconds.
  path: Assets/Light_sound_seb_train/Lightmap-64_comp_dir.png
  artifactKey: Guid(de50cb490c9c68c47b78c16d10594806) Importer(2089858483,934ff659095e30574adcf32a4c2f97b5)
Start importing Assets/Light_sound_seb_train/Lightmap-64_comp_dir.png using Guid(de50cb490c9c68c47b78c16d10594806) Importer(2089858483,934ff659095e30574adcf32a4c2f97b5) Generated GUIDs only implemented for interfaces!
 -> (artifact id: 'ce3d2fb66570f2f9d489f66e5a1129fd') in 0.005505 seconds
Number of updated asset objects reloaded before import = 0
Number of asset objects unloaded after import = 1
========================================================================
Received Import Request.
  Time since last request: 0.000053 seconds.
  path: Assets/Light_sound_seb_train/Lightmap-42_comp_dir.png
  artifactKey: Guid(ce15baae337912d45abfe30019d3f7dc) Importer(2089858483,934ff659095e30574adcf32a4c2f97b5)
Start importing Assets/Light_sound_seb_train/Lightmap-42_comp_dir.png using Guid(ce15baae337912d45abfe30019d3f7dc) Importer(2089858483,934ff659095e30574adcf32a4c2f97b5) Generated GUIDs only implemented for interfaces!
 -> (artifact id: 'b46dcfb2c65b094a6c6c8446f316e867') in 0.005234 seconds
Number of updated asset objects reloaded before import = 0
Number of asset objects unloaded after import = 1
========================================================================
Received Import Request.
  Time since last request: 0.000022 seconds.
  path: Assets/Light_sound_seb_train/Lightmap-66_comp_light.exr
  artifactKey: Guid(296da4f779344664fbde099b5fe17f82) Importer(2089858483,934ff659095e30574adcf32a4c2f97b5)
Start importing Assets/Light_sound_seb_train/Lightmap-66_comp_light.exr using Guid(296da4f779344664fbde099b5fe17f82) Importer(2089858483,934ff659095e30574adcf32a4c2f97b5) Generated GUIDs only implemented for interfaces!
 -> (artifact id: '9fddd74095b9e1fa49328d655eac05a7') in 0.005520 seconds
Number of updated asset objects reloaded before import = 0
Number of asset objects unloaded after import = 1
========================================================================
Received Import Request.
  Time since last request: 0.000032 seconds.
  path: Assets/Light_sound_seb_train/Lightmap-76_comp_shadowmask.png
  artifactKey: Guid(33ef91be40ae06d46b97cbd44818cb70) Importer(2089858483,934ff659095e30574adcf32a4c2f97b5)
Start importing Assets/Light_sound_seb_train/Lightmap-76_comp_shadowmask.png using Guid(33ef91be40ae06d46b97cbd44818cb70) Importer(2089858483,934ff659095e30574adcf32a4c2f97b5) Generated GUIDs only implemented for interfaces!
 -> (artifact id: 'b5c6d7d612a0446e37b9b10c7af7dc6d') in 0.005958 seconds
Number of updated asset objects reloaded before import = 0
Number of asset objects unloaded after import = 1
========================================================================
Received Import Request.
  Time since last request: 0.000156 seconds.
  path: Assets/Light_sound_seb_train/Lightmap-34_comp_dir.png
  artifactKey: Guid(99a7ee84c7b6d5147817c52ec3f22e7e) Importer(2089858483,934ff659095e30574adcf32a4c2f97b5)
Start importing Assets/Light_sound_seb_train/Lightmap-34_comp_dir.png using Guid(99a7ee84c7b6d5147817c52ec3f22e7e) Importer(2089858483,934ff659095e30574adcf32a4c2f97b5) Generated GUIDs only implemented for interfaces!
 -> (artifact id: '538ae9ae61eb59cc7eda2b8da8f72d8a') in 0.003745 seconds
Number of updated asset objects reloaded before import = 0
Number of asset objects unloaded after import = 1
========================================================================
Received Import Request.
  Time since last request: 0.000041 seconds.
  path: Assets/Light_sound_seb_train/Lightmap-44_comp_shadowmask.png
  artifactKey: Guid(eba2238d387855b4f9546fbd98123d28) Importer(2089858483,934ff659095e30574adcf32a4c2f97b5)
Start importing Assets/Light_sound_seb_train/Lightmap-44_comp_shadowmask.png using Guid(eba2238d387855b4f9546fbd98123d28) Importer(2089858483,934ff659095e30574adcf32a4c2f97b5) Generated GUIDs only implemented for interfaces!
 -> (artifact id: '65b3d206767f3b34597565cba7d15720') in 0.004581 seconds
Number of updated asset objects reloaded before import = 0
Number of asset objects unloaded after import = 1
========================================================================
Received Import Request.
  Time since last request: 0.000025 seconds.
  path: Assets/Light_sound_seb_train/Lightmap-81_comp_light.exr
  artifactKey: Guid(64cbe028b7724c14cb723eb37ff8d63a) Importer(2089858483,934ff659095e30574adcf32a4c2f97b5)
Start importing Assets/Light_sound_seb_train/Lightmap-81_comp_light.exr using Guid(64cbe028b7724c14cb723eb37ff8d63a) Importer(2089858483,934ff659095e30574adcf32a4c2f97b5) Generated GUIDs only implemented for interfaces!
 -> (artifact id: 'dbdd9b7e2564d192f4c325de195327bd') in 0.003727 seconds
Number of updated asset objects reloaded before import = 0
Number of asset objects unloaded after import = 1
========================================================================
Received Import Request.
  Time since last request: 0.000053 seconds.
  path: Assets/Light_sound_seb_train/Lightmap-19_comp_light.exr
  artifactKey: Guid(93546660d9f4fdc4286988cfc6fae07d) Importer(2089858483,934ff659095e30574adcf32a4c2f97b5)
Start importing Assets/Light_sound_seb_train/Lightmap-19_comp_light.exr using Guid(93546660d9f4fdc4286988cfc6fae07d) Importer(2089858483,934ff659095e30574adcf32a4c2f97b5) Generated GUIDs only implemented for interfaces!
 -> (artifact id: 'f355720d0ff26746d21df09bb7ce04bb') in 0.004649 seconds
Number of updated asset objects reloaded before import = 0
Number of asset objects unloaded after import = 1
========================================================================
Received Import Request.
  Time since last request: 0.000014 seconds.
  path: Assets/Light_sound_seb_train/Lightmap-71_comp_dir.png
  artifactKey: Guid(f8a9449f51488ce4ab1a49cdb9b99496) Importer(2089858483,934ff659095e30574adcf32a4c2f97b5)
Start importing Assets/Light_sound_seb_train/Lightmap-71_comp_dir.png using Guid(f8a9449f51488ce4ab1a49cdb9b99496) Importer(2089858483,934ff659095e30574adcf32a4c2f97b5) Generated GUIDs only implemented for interfaces!
 -> (artifact id: 'cfa05b11e62f22f483f2bffd20302434') in 0.004309 seconds
Number of updated asset objects reloaded before import = 0
Number of asset objects unloaded after import = 1
========================================================================
Received Import Request.
  Time since last request: 0.000034 seconds.
  path: Assets/Light_sound_seb_train/Lightmap-37_comp_dir.png
  artifactKey: Guid(eb5f2b9081bde9b46a4de0d42df009a5) Importer(2089858483,934ff659095e30574adcf32a4c2f97b5)
Start importing Assets/Light_sound_seb_train/Lightmap-37_comp_dir.png using Guid(eb5f2b9081bde9b46a4de0d42df009a5) Importer(2089858483,934ff659095e30574adcf32a4c2f97b5) Generated GUIDs only implemented for interfaces!
 -> (artifact id: '886613bd2063ac7355946cf19f11530f') in 0.005841 seconds
Number of updated asset objects reloaded before import = 0
Number of asset objects unloaded after import = 1
========================================================================
Received Import Request.
  Time since last request: 0.000034 seconds.
  path: Assets/Light_sound_seb_train/Lightmap-41_comp_shadowmask.png
  artifactKey: Guid(40cc5584f10be73438f705b31536edb2) Importer(2089858483,934ff659095e30574adcf32a4c2f97b5)
Start importing Assets/Light_sound_seb_train/Lightmap-41_comp_shadowmask.png using Guid(40cc5584f10be73438f705b31536edb2) Importer(2089858483,934ff659095e30574adcf32a4c2f97b5) Generated GUIDs only implemented for interfaces!
 -> (artifact id: 'a72832adf88390dad3bafa766ec02d59') in 0.004683 seconds
Number of updated asset objects reloaded before import = 0
Number of asset objects unloaded after import = 1
========================================================================
Received Import Request.
  Time since last request: 0.000022 seconds.
  path: Assets/Light_sound_seb_train/Lightmap-43_comp_light.exr
  artifactKey: Guid(cd3e8ac32962c76469a87d7db8767808) Importer(2089858483,934ff659095e30574adcf32a4c2f97b5)
Start importing Assets/Light_sound_seb_train/Lightmap-43_comp_light.exr using Guid(cd3e8ac32962c76469a87d7db8767808) Importer(2089858483,934ff659095e30574adcf32a4c2f97b5) Generated GUIDs only implemented for interfaces!
 -> (artifact id: 'cc27c28e749a3c81d2754d4ebfb1e43f') in 0.006072 seconds
Number of updated asset objects reloaded before import = 0
Number of asset objects unloaded after import = 1
========================================================================
Received Import Request.
  Time since last request: 0.000034 seconds.
  path: Assets/Light_sound_seb_train/Lightmap-29_comp_dir.png
  artifactKey: Guid(ff329c68cfc4caa4ab307628e23012b4) Importer(2089858483,934ff659095e30574adcf32a4c2f97b5)
Start importing Assets/Light_sound_seb_train/Lightmap-29_comp_dir.png using Guid(ff329c68cfc4caa4ab307628e23012b4) Importer(2089858483,934ff659095e30574adcf32a4c2f97b5) Generated GUIDs only implemented for interfaces!
 -> (artifact id: 'c4e94438ad0a6cb71b042f4bc778e2f9') in 0.004688 seconds
Number of updated asset objects reloaded before import = 0
Number of asset objects unloaded after import = 1
========================================================================
Received Import Request.
  Time since last request: 0.000054 seconds.
  path: Assets/Light_sound_seb_train/Lightmap-43_comp_shadowmask.png
  artifactKey: Guid(87b35400046d4db47948809e8169325e) Importer(2089858483,934ff659095e30574adcf32a4c2f97b5)
Start importing Assets/Light_sound_seb_train/Lightmap-43_comp_shadowmask.png using Guid(87b35400046d4db47948809e8169325e) Importer(2089858483,934ff659095e30574adcf32a4c2f97b5) Generated GUIDs only implemented for interfaces!
 -> (artifact id: '6106519b863ea73dafc9bd5ae2b8d623') in 0.006361 seconds
Number of updated asset objects reloaded before import = 0
Number of asset objects unloaded after import = 1
========================================================================
Received Import Request.
  Time since last request: 0.000046 seconds.
  path: Assets/Light_sound_seb_train/Lightmap-26_comp_light.exr
  artifactKey: Guid(d130393c9a74c1d40b5054b212aba5e4) Importer(2089858483,934ff659095e30574adcf32a4c2f97b5)
Start importing Assets/Light_sound_seb_train/Lightmap-26_comp_light.exr using Guid(d130393c9a74c1d40b5054b212aba5e4) Importer(2089858483,934ff659095e30574adcf32a4c2f97b5) Generated GUIDs only implemented for interfaces!
 -> (artifact id: 'a408dac64a374f1a2cda46a27461dd14') in 0.004770 seconds
Number of updated asset objects reloaded before import = 0
Number of asset objects unloaded after import = 1
========================================================================
Received Import Request.
  Time since last request: 0.000046 seconds.
  path: Assets/Light_sound_seb_train/Lightmap-58_comp_shadowmask.png
  artifactKey: Guid(7f42dfdaf1d925e4eb680953f3904cee) Importer(2089858483,934ff659095e30574adcf32a4c2f97b5)
Start importing Assets/Light_sound_seb_train/Lightmap-58_comp_shadowmask.png using Guid(7f42dfdaf1d925e4eb680953f3904cee) Importer(2089858483,934ff659095e30574adcf32a4c2f97b5) Generated GUIDs only implemented for interfaces!
 -> (artifact id: 'c2e040d285232b2d7a2c6004d913ab7c') in 0.006267 seconds
Number of updated asset objects reloaded before import = 0
Number of asset objects unloaded after import = 1
========================================================================
Received Import Request.
  Time since last request: 0.000028 seconds.
  path: Assets/Light_sound_seb_train/Lightmap-73_comp_light.exr
  artifactKey: Guid(23f85f6dbf8d34a41917c135ace5591b) Importer(2089858483,934ff659095e30574adcf32a4c2f97b5)
Start importing Assets/Light_sound_seb_train/Lightmap-73_comp_light.exr using Guid(23f85f6dbf8d34a41917c135ace5591b) Importer(2089858483,934ff659095e30574adcf32a4c2f97b5) Generated GUIDs only implemented for interfaces!
 -> (artifact id: '6827b32bb74d063a8d823eba4f4bcb00') in 0.006739 seconds
Number of updated asset objects reloaded before import = 0
Number of asset objects unloaded after import = 1
========================================================================
Received Import Request.
  Time since last request: 0.000019 seconds.
  path: Assets/Light_sound_seb_train/Lightmap-22_comp_light.exr
  artifactKey: Guid(fa63ed98be4985e45840a7d3a3003432) Importer(2089858483,934ff659095e30574adcf32a4c2f97b5)
Start importing Assets/Light_sound_seb_train/Lightmap-22_comp_light.exr using Guid(fa63ed98be4985e45840a7d3a3003432) Importer(2089858483,934ff659095e30574adcf32a4c2f97b5) Generated GUIDs only implemented for interfaces!
 -> (artifact id: '226848901bd68de81cc8012c17be01e8') in 0.007883 seconds
Number of updated asset objects reloaded before import = 0
Number of asset objects unloaded after import = 1
========================================================================
Received Import Request.
  Time since last request: 0.000048 seconds.
  path: Assets/Light_sound_seb_train/Lightmap-25_comp_shadowmask.png
  artifactKey: Guid(8e9e38bc801335b4b98a8ad692ae4873) Importer(2089858483,934ff659095e30574adcf32a4c2f97b5)
Start importing Assets/Light_sound_seb_train/Lightmap-25_comp_shadowmask.png using Guid(8e9e38bc801335b4b98a8ad692ae4873) Importer(2089858483,934ff659095e30574adcf32a4c2f97b5) Generated GUIDs only implemented for interfaces!
 -> (artifact id: '8f52638cc6063fb5a5e66e3553688399') in 0.007651 seconds
Number of updated asset objects reloaded before import = 0
Number of asset objects unloaded after import = 1
========================================================================
Received Import Request.
  Time since last request: 0.000026 seconds.
  path: Assets/Light_sound_seb_train/Lightmap-55_comp_shadowmask.png
  artifactKey: Guid(afe3047f6333ea64880f9cbe9c91a9d2) Importer(2089858483,934ff659095e30574adcf32a4c2f97b5)
Start importing Assets/Light_sound_seb_train/Lightmap-55_comp_shadowmask.png using Guid(afe3047f6333ea64880f9cbe9c91a9d2) Importer(2089858483,934ff659095e30574adcf32a4c2f97b5) Generated GUIDs only implemented for interfaces!
 -> (artifact id: '18d9be55dae20028616d504b85aa540d') in 0.007623 seconds
Number of updated asset objects reloaded before import = 0
Number of asset objects unloaded after import = 1
========================================================================
Received Import Request.
  Time since last request: 0.000036 seconds.
  path: Assets/Light_sound_seb_train/Lightmap-33_comp_light.exr
  artifactKey: Guid(b989e6c0b85875242aeb757de51cf9a3) Importer(2089858483,934ff659095e30574adcf32a4c2f97b5)
Start importing Assets/Light_sound_seb_train/Lightmap-33_comp_light.exr using Guid(b989e6c0b85875242aeb757de51cf9a3) Importer(2089858483,934ff659095e30574adcf32a4c2f97b5) Generated GUIDs only implemented for interfaces!
 -> (artifact id: 'b06ce4074e59de74628c221671acb79a') in 0.008294 seconds
Number of updated asset objects reloaded before import = 0
Number of asset objects unloaded after import = 1
========================================================================
Received Import Request.
  Time since last request: 0.000051 seconds.
  path: Assets/Light_sound_seb_train/Lightmap-36_comp_shadowmask.png
  artifactKey: Guid(b652e38fa10d7fb4cb2cb32abb4dba20) Importer(2089858483,934ff659095e30574adcf32a4c2f97b5)
Start importing Assets/Light_sound_seb_train/Lightmap-36_comp_shadowmask.png using Guid(b652e38fa10d7fb4cb2cb32abb4dba20) Importer(2089858483,934ff659095e30574adcf32a4c2f97b5) Generated GUIDs only implemented for interfaces!
 -> (artifact id: '7d50b0b4610fd1a2e306266213348f2c') in 0.007935 seconds
Number of updated asset objects reloaded before import = 0
Number of asset objects unloaded after import = 1
========================================================================
Received Import Request.
  Time since last request: 0.000045 seconds.
  path: Assets/Light_sound_seb_train/Lightmap-86_comp_dir.png
  artifactKey: Guid(30e526075ab90ad4fa1933b578975b48) Importer(2089858483,934ff659095e30574adcf32a4c2f97b5)
Start importing Assets/Light_sound_seb_train/Lightmap-86_comp_dir.png using Guid(30e526075ab90ad4fa1933b578975b48) Importer(2089858483,934ff659095e30574adcf32a4c2f97b5) Generated GUIDs only implemented for interfaces!
 -> (artifact id: '9a69b4b8120d61a6d6c2faa49712ff49') in 0.007189 seconds
Number of updated asset objects reloaded before import = 0
Number of asset objects unloaded after import = 1
========================================================================
Received Import Request.
  Time since last request: 0.000039 seconds.
  path: Assets/Light_sound_seb_train/Lightmap-39_comp_light.exr
  artifactKey: Guid(c8a1c6db0009b4e44bd6482d8b63d4e8) Importer(2089858483,934ff659095e30574adcf32a4c2f97b5)
Start importing Assets/Light_sound_seb_train/Lightmap-39_comp_light.exr using Guid(c8a1c6db0009b4e44bd6482d8b63d4e8) Importer(2089858483,934ff659095e30574adcf32a4c2f97b5) Generated GUIDs only implemented for interfaces!
 -> (artifact id: '07766d6e9e5d98cd44464611d38ce920') in 0.009359 seconds
Number of updated asset objects reloaded before import = 0
Number of asset objects unloaded after import = 1
========================================================================
Received Import Request.
  Time since last request: 0.000069 seconds.
  path: Assets/Light_sound_seb_train/Lightmap-78_comp_shadowmask.png
  artifactKey: Guid(381853d19632e8b498bd23cd58a41567) Importer(2089858483,934ff659095e30574adcf32a4c2f97b5)
Start importing Assets/Light_sound_seb_train/Lightmap-78_comp_shadowmask.png using Guid(381853d19632e8b498bd23cd58a41567) Importer(2089858483,934ff659095e30574adcf32a4c2f97b5) Generated GUIDs only implemented for interfaces!
 -> (artifact id: '40c908a7931d9bac28a6100d6fd6a189') in 0.008832 seconds
Number of updated asset objects reloaded before import = 0
Number of asset objects unloaded after import = 1
========================================================================
Received Import Request.
  Time since last request: 0.000047 seconds.
  path: Assets/Light_sound_seb_train/Lightmap-72_comp_light.exr
  artifactKey: Guid(5f4861c79b912a649976d3f1b1e3ad52) Importer(2089858483,934ff659095e30574adcf32a4c2f97b5)
Start importing Assets/Light_sound_seb_train/Lightmap-72_comp_light.exr using Guid(5f4861c79b912a649976d3f1b1e3ad52) Importer(2089858483,934ff659095e30574adcf32a4c2f97b5) Generated GUIDs only implemented for interfaces!
 -> (artifact id: 'b7e90c8b7b312376cd5b03c9f34f302b') in 0.008766 seconds
Number of updated asset objects reloaded before import = 0
Number of asset objects unloaded after import = 1
========================================================================
Received Import Request.
  Time since last request: 0.000044 seconds.
  path: Assets/Light_sound_seb_train/Lightmap-36_comp_light.exr
  artifactKey: Guid(a7da1b5b32b6cb341823270f566ae79d) Importer(2089858483,934ff659095e30574adcf32a4c2f97b5)
Start importing Assets/Light_sound_seb_train/Lightmap-36_comp_light.exr using Guid(a7da1b5b32b6cb341823270f566ae79d) Importer(2089858483,934ff659095e30574adcf32a4c2f97b5) Generated GUIDs only implemented for interfaces!
 -> (artifact id: 'b00b6aa0a6fe235768fd5b3ae65c78c2') in 0.009159 seconds
Number of updated asset objects reloaded before import = 0
Number of asset objects unloaded after import = 1
========================================================================
Received Import Request.
  Time since last request: 0.000034 seconds.
  path: Assets/Light_sound_seb_train/Lightmap-63_comp_light.exr
  artifactKey: Guid(c7c8a98508f15c54aad8cad9de1bf53c) Importer(2089858483,934ff659095e30574adcf32a4c2f97b5)
Start importing Assets/Light_sound_seb_train/Lightmap-63_comp_light.exr using Guid(c7c8a98508f15c54aad8cad9de1bf53c) Importer(2089858483,934ff659095e30574adcf32a4c2f97b5) Generated GUIDs only implemented for interfaces!
 -> (artifact id: '79ca9c52cf3373c1fb10db6875a103e7') in 0.009816 seconds
Number of updated asset objects reloaded before import = 0
Number of asset objects unloaded after import = 1
========================================================================
Received Import Request.
  Time since last request: 0.000034 seconds.
  path: Assets/Light_sound_seb_train/Lightmap-37_comp_light.exr
  artifactKey: Guid(8e3145d842e72a940a14e29e0b9b5fc3) Importer(2089858483,934ff659095e30574adcf32a4c2f97b5)
Start importing Assets/Light_sound_seb_train/Lightmap-37_comp_light.exr using Guid(8e3145d842e72a940a14e29e0b9b5fc3) Importer(2089858483,934ff659095e30574adcf32a4c2f97b5) Generated GUIDs only implemented for interfaces!
 -> (artifact id: '804d5d271390fe453ca00dfb587d3278') in 0.008523 seconds
Number of updated asset objects reloaded before import = 0
Number of asset objects unloaded after import = 1
========================================================================
Received Import Request.
  Time since last request: 0.000017 seconds.
  path: Assets/Light_sound_seb_train/Lightmap-49_comp_shadowmask.png
  artifactKey: Guid(176c968adaf81f1418e6427450dc8a07) Importer(2089858483,934ff659095e30574adcf32a4c2f97b5)
Start importing Assets/Light_sound_seb_train/Lightmap-49_comp_shadowmask.png using Guid(176c968adaf81f1418e6427450dc8a07) Importer(2089858483,934ff659095e30574adcf32a4c2f97b5) Generated GUIDs only implemented for interfaces!
 -> (artifact id: 'aa4a259fba1a61526d2eb26ce9f3acf5') in 0.008492 seconds
Number of updated asset objects reloaded before import = 0
Number of asset objects unloaded after import = 1
========================================================================
Received Import Request.
  Time since last request: 0.000024 seconds.
  path: Assets/Light_sound_seb_train/Lightmap-50_comp_dir.png
  artifactKey: Guid(bf1c2e23021ce0e46b5a96f57054580d) Importer(2089858483,934ff659095e30574adcf32a4c2f97b5)
Start importing Assets/Light_sound_seb_train/Lightmap-50_comp_dir.png using Guid(bf1c2e23021ce0e46b5a96f57054580d) Importer(2089858483,934ff659095e30574adcf32a4c2f97b5) Generated GUIDs only implemented for interfaces!
 -> (artifact id: 'e6025d1967832d663c344cb745eed3af') in 0.008410 seconds
Number of updated asset objects reloaded before import = 0
Number of asset objects unloaded after import = 1
========================================================================
Received Import Request.
  Time since last request: 0.000047 seconds.
  path: Assets/Light_sound_seb_train/Lightmap-51_comp_light.exr
  artifactKey: Guid(34d1732e2c4b43447b47212763c26588) Importer(2089858483,934ff659095e30574adcf32a4c2f97b5)
Start importing Assets/Light_sound_seb_train/Lightmap-51_comp_light.exr using Guid(34d1732e2c4b43447b47212763c26588) Importer(2089858483,934ff659095e30574adcf32a4c2f97b5) Generated GUIDs only implemented for interfaces!
 -> (artifact id: 'bdb59278c162c8a29c16fbf64a2f57dd') in 0.008203 seconds
Number of updated asset objects reloaded before import = 0
Number of asset objects unloaded after import = 1
========================================================================
Received Import Request.
  Time since last request: 0.000063 seconds.
  path: Assets/Light_sound_seb_train/Lightmap-20_comp_dir.png
  artifactKey: Guid(914d51e66a28e3c49a0df81fdc318fae) Importer(2089858483,934ff659095e30574adcf32a4c2f97b5)
Start importing Assets/Light_sound_seb_train/Lightmap-20_comp_dir.png using Guid(914d51e66a28e3c49a0df81fdc318fae) Importer(2089858483,934ff659095e30574adcf32a4c2f97b5) Generated GUIDs only implemented for interfaces!
 -> (artifact id: '83ff58acc4024a69f523fb8f87cf5cbd') in 0.010833 seconds
Number of updated asset objects reloaded before import = 0
Number of asset objects unloaded after import = 1
========================================================================
Received Import Request.
  Time since last request: 0.000147 seconds.
  path: Assets/Light_sound_seb_train/Lightmap-21_comp_shadowmask.png
  artifactKey: Guid(8da71b8d4cdd1644fb669382117fd32b) Importer(2089858483,934ff659095e30574adcf32a4c2f97b5)
Start importing Assets/Light_sound_seb_train/Lightmap-21_comp_shadowmask.png using Guid(8da71b8d4cdd1644fb669382117fd32b) Importer(2089858483,934ff659095e30574adcf32a4c2f97b5) Generated GUIDs only implemented for interfaces!
 -> (artifact id: '72ae86ce4a7a5f5420a7152e9ddcfd7a') in 0.009614 seconds
Number of updated asset objects reloaded before import = 0
Number of asset objects unloaded after import = 1
========================================================================
Received Import Request.
  Time since last request: 0.000065 seconds.
  path: Assets/Light_sound_seb_train/Lightmap-22_comp_dir.png
  artifactKey: Guid(5e6364faffd27924293a2bade5519056) Importer(2089858483,934ff659095e30574adcf32a4c2f97b5)
Start importing Assets/Light_sound_seb_train/Lightmap-22_comp_dir.png using Guid(5e6364faffd27924293a2bade5519056) Importer(2089858483,934ff659095e30574adcf32a4c2f97b5) Generated GUIDs only implemented for interfaces!
 -> (artifact id: 'f04e8f9c0f2d2b532d9571e8add2f417') in 0.009373 seconds
Number of updated asset objects reloaded before import = 0
Number of asset objects unloaded after import = 1
========================================================================
Received Import Request.
  Time since last request: 0.000053 seconds.
  path: Assets/Light_sound_seb_train/Lightmap-39_comp_dir.png
  artifactKey: Guid(fabdf41a9e6d65242af3e2771e1fd8c1) Importer(2089858483,934ff659095e30574adcf32a4c2f97b5)
Start importing Assets/Light_sound_seb_train/Lightmap-39_comp_dir.png using Guid(fabdf41a9e6d65242af3e2771e1fd8c1) Importer(2089858483,934ff659095e30574adcf32a4c2f97b5) Generated GUIDs only implemented for interfaces!
 -> (artifact id: 'b608d2ff0176c573809c439c6a7bf3d6') in 0.011752 seconds
Number of updated asset objects reloaded before import = 0
Number of asset objects unloaded after import = 1
========================================================================
Received Import Request.
  Time since last request: 0.000038 seconds.
  path: Assets/Light_sound_seb_train/Lightmap-67_comp_shadowmask.png
  artifactKey: Guid(9781505543261204d9dab2a19c0eacd1) Importer(2089858483,934ff659095e30574adcf32a4c2f97b5)
Start importing Assets/Light_sound_seb_train/Lightmap-67_comp_shadowmask.png using Guid(9781505543261204d9dab2a19c0eacd1) Importer(2089858483,934ff659095e30574adcf32a4c2f97b5) Generated GUIDs only implemented for interfaces!
 -> (artifact id: '52a019426445a7ea1116b88c20b0483b') in 0.010852 seconds
Number of updated asset objects reloaded before import = 0
Number of asset objects unloaded after import = 1
========================================================================
Received Import Request.
  Time since last request: 0.000056 seconds.
  path: Assets/Light_sound_seb_train/Lightmap-42_comp_light.exr
  artifactKey: Guid(8321f28d76ad7bd47b0d514196d18d9d) Importer(2089858483,934ff659095e30574adcf32a4c2f97b5)
Start importing Assets/Light_sound_seb_train/Lightmap-42_comp_light.exr using Guid(8321f28d76ad7bd47b0d514196d18d9d) Importer(2089858483,934ff659095e30574adcf32a4c2f97b5) Generated GUIDs only implemented for interfaces!
 -> (artifact id: '74a2c619c39b6f8a5caac560a8dd5023') in 0.006491 seconds
Number of updated asset objects reloaded before import = 0
Number of asset objects unloaded after import = 1
========================================================================
Received Import Request.
  Time since last request: 0.000035 seconds.
  path: Assets/Light_sound_seb_train/Lightmap-52_comp_light.exr
  artifactKey: Guid(b1495ab5cca07e049b598168dd49fbf2) Importer(2089858483,934ff659095e30574adcf32a4c2f97b5)
Start importing Assets/Light_sound_seb_train/Lightmap-52_comp_light.exr using Guid(b1495ab5cca07e049b598168dd49fbf2) Importer(2089858483,934ff659095e30574adcf32a4c2f97b5) Generated GUIDs only implemented for interfaces!
 -> (artifact id: '147d220ee73b68c9d63270d4118bfd3c') in 0.007949 seconds
Number of updated asset objects reloaded before import = 0
Number of asset objects unloaded after import = 1
========================================================================
Received Import Request.
  Time since last request: 0.000035 seconds.
  path: Assets/Light_sound_seb_train/Lightmap-57_comp_light.exr
  artifactKey: Guid(542a2c52b9f771a468024302d3a043db) Importer(2089858483,934ff659095e30574adcf32a4c2f97b5)
Start importing Assets/Light_sound_seb_train/Lightmap-57_comp_light.exr using Guid(542a2c52b9f771a468024302d3a043db) Importer(2089858483,934ff659095e30574adcf32a4c2f97b5) Generated GUIDs only implemented for interfaces!
 -> (artifact id: '7669b448cb4b2ab65603b11282237358') in 0.006633 seconds
Number of updated asset objects reloaded before import = 0
Number of asset objects unloaded after import = 1
========================================================================
Received Import Request.
  Time since last request: 0.000017 seconds.
  path: Assets/Light_sound_seb_train/Lightmap-78_comp_light.exr
  artifactKey: Guid(e8e63748ae3af904a81d6664ec9ad6f0) Importer(2089858483,934ff659095e30574adcf32a4c2f97b5)
Start importing Assets/Light_sound_seb_train/Lightmap-78_comp_light.exr using Guid(e8e63748ae3af904a81d6664ec9ad6f0) Importer(2089858483,934ff659095e30574adcf32a4c2f97b5) Generated GUIDs only implemented for interfaces!
 -> (artifact id: 'd2fea6fa15df2f1bbba4cbbbdbfb2399') in 0.006962 seconds
Number of updated asset objects reloaded before import = 0
Number of asset objects unloaded after import = 1
========================================================================
Received Import Request.
  Time since last request: 0.000024 seconds.
  path: Assets/Light_sound_seb_train/Lightmap-74_comp_dir.png
  artifactKey: Guid(6d1d962e234a8e44fb79191c3c7aafb5) Importer(2089858483,934ff659095e30574adcf32a4c2f97b5)
Start importing Assets/Light_sound_seb_train/Lightmap-74_comp_dir.png using Guid(6d1d962e234a8e44fb79191c3c7aafb5) Importer(2089858483,934ff659095e30574adcf32a4c2f97b5) Generated GUIDs only implemented for interfaces!
 -> (artifact id: 'f9f48d42bf4a44938bfe423015b6a37d') in 0.004789 seconds
Number of updated asset objects reloaded before import = 0
Number of asset objects unloaded after import = 1
========================================================================
Received Import Request.
  Time since last request: 0.000024 seconds.
  path: Assets/Light_sound_seb_train/Lightmap-72_comp_shadowmask.png
  artifactKey: Guid(57c90bc22d560f742a09d76e3b983d3f) Importer(2089858483,934ff659095e30574adcf32a4c2f97b5)
Start importing Assets/Light_sound_seb_train/Lightmap-72_comp_shadowmask.png using Guid(57c90bc22d560f742a09d76e3b983d3f) Importer(2089858483,934ff659095e30574adcf32a4c2f97b5) Generated GUIDs only implemented for interfaces!
 -> (artifact id: '2586f3ac1e37d42ecc08cbfd79e3e92b') in 0.006775 seconds
Number of updated asset objects reloaded before import = 0
Number of asset objects unloaded after import = 1
========================================================================
Received Import Request.
  Time since last request: 0.000017 seconds.
  path: Assets/Light_sound_seb_train/Lightmap-30_comp_light.exr
  artifactKey: Guid(e53f90cfe87d3514181b1be4cba03e0d) Importer(2089858483,934ff659095e30574adcf32a4c2f97b5)
Start importing Assets/Light_sound_seb_train/Lightmap-30_comp_light.exr using Guid(e53f90cfe87d3514181b1be4cba03e0d) Importer(2089858483,934ff659095e30574adcf32a4c2f97b5) Generated GUIDs only implemented for interfaces!
 -> (artifact id: '1b019e9aa39abb4a96e52b347e5c46b1') in 0.005962 seconds
Number of updated asset objects reloaded before import = 0
Number of asset objects unloaded after import = 1
========================================================================
Received Import Request.
  Time since last request: 0.000017 seconds.
  path: Assets/Light_sound_seb_train/Lightmap-54_comp_shadowmask.png
  artifactKey: Guid(973f3bddb1515b040b505ab77beef5c2) Importer(2089858483,934ff659095e30574adcf32a4c2f97b5)
Start importing Assets/Light_sound_seb_train/Lightmap-54_comp_shadowmask.png using Guid(973f3bddb1515b040b505ab77beef5c2) Importer(2089858483,934ff659095e30574adcf32a4c2f97b5) Generated GUIDs only implemented for interfaces!
 -> (artifact id: '0833029d509048fc6a62832e89fee539') in 0.005628 seconds
Number of updated asset objects reloaded before import = 0
Number of asset objects unloaded after import = 1
========================================================================
Received Import Request.
  Time since last request: 0.000028 seconds.
  path: Assets/Light_sound_seb_train/Lightmap-70_comp_light.exr
  artifactKey: Guid(9db80194fb6dd424da2cf7e6ac8d1a9e) Importer(2089858483,934ff659095e30574adcf32a4c2f97b5)
Start importing Assets/Light_sound_seb_train/Lightmap-70_comp_light.exr using Guid(9db80194fb6dd424da2cf7e6ac8d1a9e) Importer(2089858483,934ff659095e30574adcf32a4c2f97b5) Generated GUIDs only implemented for interfaces!
 -> (artifact id: '0f15796fa3a3e486ec23d274e1c8c4b4') in 0.005549 seconds
Number of updated asset objects reloaded before import = 0
Number of asset objects unloaded after import = 1
========================================================================
Received Import Request.
  Time since last request: 0.000040 seconds.
  path: Assets/Light_sound_seb_train/Lightmap-16_comp_light.exr
  artifactKey: Guid(221c15a215a71dc47bfa294614dd90b8) Importer(2089858483,934ff659095e30574adcf32a4c2f97b5)
Start importing Assets/Light_sound_seb_train/Lightmap-16_comp_light.exr using Guid(221c15a215a71dc47bfa294614dd90b8) Importer(2089858483,934ff659095e30574adcf32a4c2f97b5) Generated GUIDs only implemented for interfaces!
 -> (artifact id: '67d87609169f2c1d8255e9d061bc969c') in 0.005630 seconds
Number of updated asset objects reloaded before import = 0
Number of asset objects unloaded after import = 1
========================================================================
Received Import Request.
  Time since last request: 0.000025 seconds.
  path: Assets/Light_sound_seb_train/Lightmap-56_comp_dir.png
  artifactKey: Guid(98ed02d5c2ecad24bbb3adeba5ecb528) Importer(2089858483,934ff659095e30574adcf32a4c2f97b5)
Start importing Assets/Light_sound_seb_train/Lightmap-56_comp_dir.png using Guid(98ed02d5c2ecad24bbb3adeba5ecb528) Importer(2089858483,934ff659095e30574adcf32a4c2f97b5) Generated GUIDs only implemented for interfaces!
 -> (artifact id: '210915bace1749f14a137392b065775d') in 0.005596 seconds
Number of updated asset objects reloaded before import = 0
Number of asset objects unloaded after import = 1
========================================================================
Received Import Request.
  Time since last request: 0.000042 seconds.
  path: Assets/Light_sound_seb_train/Lightmap-46_comp_dir.png
  artifactKey: Guid(aa59076aa1ff06d45adb3f52b8b3bf53) Importer(2089858483,934ff659095e30574adcf32a4c2f97b5)
Start importing Assets/Light_sound_seb_train/Lightmap-46_comp_dir.png using Guid(aa59076aa1ff06d45adb3f52b8b3bf53) Importer(2089858483,934ff659095e30574adcf32a4c2f97b5) Generated GUIDs only implemented for interfaces!
 -> (artifact id: '8bf3291b316fb50f6ad9b5112356acdb') in 0.006336 seconds
Number of updated asset objects reloaded before import = 0
Number of asset objects unloaded after import = 1
Editor requested this worker to shutdown with reason: Scaling down because of idle timeout
AssetImportWorker is now disconnected from the server
Process exiting
Exiting without the bug reporter. Application will terminate with return code 0